Vivado Simulator 2020.1
Time resolution is 1 ps
Stopped at time : 0 fs : File "C:/Users/gabri/OneDrive/Desktop/Vivado Projects/Labs/03/hamming_distance_generic/hamming_distance_generic.srcs/sources_1/new/adder_nbits.vhd" Line 25
Stopped at time : 0 fs : File "C:/Users/gabri/OneDrive/Desktop/Vivado Projects/Labs/03/hamming_distance_generic/hamming_distance_generic.srcs/sources_1/new/adder_nbits.vhd" Line 27
Stopped at time : 0 fs : File "C:/Users/gabri/OneDrive/Desktop/Vivado Projects/Labs/03/hamming_distance_generic/hamming_distance_generic.srcs/sources_1/new/adder_nbits.vhd" Line 28
Stopped at time : 0 fs : File "C:/Users/gabri/OneDrive/Desktop/Vivado Projects/Labs/03/hamming_distance_generic/hamming_distance_generic.srcs/sources_1/new/adder_nbits.vhd" Line 25
Stopped at time : 0 fs : File "C:/Users/gabri/OneDrive/Desktop/Vivado Projects/Labs/03/hamming_distance_generic/hamming_distance_generic.srcs/sources_1/new/adder_nbits.vhd" Line 27
Stopped at time : 0 fs : File "C:/Users/gabri/OneDrive/Desktop/Vivado Projects/Labs/03/hamming_distance_generic/hamming_distance_generic.srcs/sources_1/new/adder_nbits.vhd" Line 28
Stopped at time : 0 fs : File "C:/Users/gabri/OneDrive/Desktop/Vivado Projects/Labs/03/hamming_distance_generic/hamming_distance_generic.srcs/sources_1/new/adder_nbits.vhd" Line 25
Stopped at time : 0 fs : File "C:/Users/gabri/OneDrive/Desktop/Vivado Projects/Labs/03/hamming_distance_generic/hamming_distance_generic.srcs/sources_1/new/adder_nbits.vhd" Line 27
Stopped at time : 0 fs : File "C:/Users/gabri/OneDrive/Desktop/Vivado Projects/Labs/03/hamming_distance_generic/hamming_distance_generic.srcs/sources_1/new/adder_nbits.vhd" Line 28
Stopped at time : 0 fs : File "C:/Users/gabri/OneDrive/Desktop/Vivado Projects/Labs/03/hamming_distance_generic/hamming_distance_generic.srcs/sources_1/new/adder_nbits.vhd" Line 25
Stopped at time : 0 fs : File "C:/Users/gabri/OneDrive/Desktop/Vivado Projects/Labs/03/hamming_distance_generic/hamming_distance_generic.srcs/sources_1/new/adder_nbits.vhd" Line 27
Stopped at time : 0 fs : File "C:/Users/gabri/OneDrive/Desktop/Vivado Projects/Labs/03/hamming_distance_generic/hamming_distance_generic.srcs/sources_1/new/adder_nbits.vhd" Line 28
Stopped at time : 0 fs : File "C:/Users/gabri/OneDrive/Desktop/Vivado Projects/Labs/03/hamming_distance_generic/hamming_distance_generic.srcs/sources_1/new/adder_nbits.vhd" Line 25
Stopped at time : 0 fs : File "C:/Users/gabri/OneDrive/Desktop/Vivado Projects/Labs/03/hamming_distance_generic/hamming_distance_generic.srcs/sources_1/new/adder_nbits.vhd" Line 27
Stopped at time : 0 fs : File "C:/Users/gabri/OneDrive/Desktop/Vivado Projects/Labs/03/hamming_distance_generic/hamming_distance_generic.srcs/sources_1/new/adder_nbits.vhd" Line 28
Stopped at time : 0 fs : File "C:/Users/gabri/OneDrive/Desktop/Vivado Projects/Labs/03/hamming_distance_generic/hamming_distance_generic.srcs/sources_1/new/adder_nbits.vhd" Line 25
Stopped at time : 0 fs : File "C:/Users/gabri/OneDrive/Desktop/Vivado Projects/Labs/03/hamming_distance_generic/hamming_distance_generic.srcs/sources_1/new/adder_nbits.vhd" Line 27
Stopped at time : 0 fs : File "C:/Users/gabri/OneDrive/Desktop/Vivado Projects/Labs/03/hamming_distance_generic/hamming_distance_generic.srcs/sources_1/new/adder_nbits.vhd" Line 28
Stopped at time : 0 fs : File "C:/Users/gabri/OneDrive/Desktop/Vivado Projects/Labs/03/hamming_distance_generic/hamming_distance_generic.srcs/sources_1/new/adder_nbits.vhd" Line 25
Stopped at time : 0 fs : File "C:/Users/gabri/OneDrive/Desktop/Vivado Projects/Labs/03/hamming_distance_generic/hamming_distance_generic.srcs/sources_1/new/adder_nbits.vhd" Line 27
Stopped at time : 0 fs : File "C:/Users/gabri/OneDrive/Desktop/Vivado Projects/Labs/03/hamming_distance_generic/hamming_distance_generic.srcs/sources_1/new/adder_nbits.vhd" Line 28
Stopped at time : 0 fs : File "C:/Users/gabri/OneDrive/Desktop/Vivado Projects/Labs/03/hamming_distance_generic/hamming_distance_generic.srcs/sources_1/new/hamming_dist.vhd" Line 29
Stopped at time : 0 fs : File "C:/Users/gabri/OneDrive/Desktop/Vivado Projects/Labs/03/hamming_distance_generic/hamming_distance_generic.srcs/sim_1/new/tb.vhd" Line 26
Stopped at time : 0 fs : File "C:/Users/gabri/OneDrive/Desktop/Vivado Projects/Labs/03/hamming_distance_generic/hamming_distance_generic.srcs/sim_1/new/tb.vhd" Line 27
Stopped at time : 0 fs : File "C:/Users/gabri/OneDrive/Desktop/Vivado Projects/Labs/03/hamming_distance_generic/hamming_distance_generic.srcs/sim_1/new/tb.vhd" Line 28
Stopped at time : 0 fs : File "C:/Users/gabri/OneDrive/Desktop/Vivado Projects/Labs/03/hamming_distance_generic/hamming_distance_generic.srcs/sources_1/new/adder_nbits.vhd" Line 25
Stopped at time : 0 fs : File "C:/Users/gabri/OneDrive/Desktop/Vivado Projects/Labs/03/hamming_distance_generic/hamming_distance_generic.srcs/sources_1/new/adder_nbits.vhd" Line 27
Stopped at time : 0 fs : File "C:/Users/gabri/OneDrive/Desktop/Vivado Projects/Labs/03/hamming_distance_generic/hamming_distance_generic.srcs/sources_1/new/adder_nbits.vhd" Line 28
Stopped at time : 0 fs : File "C:/Users/gabri/OneDrive/Desktop/Vivado Projects/Labs/03/hamming_distance_generic/hamming_distance_generic.srcs/sources_1/new/adder_nbits.vhd" Line 25
Stopped at time : 0 fs : File "C:/Users/gabri/OneDrive/Desktop/Vivado Projects/Labs/03/hamming_distance_generic/hamming_distance_generic.srcs/sources_1/new/adder_nbits.vhd" Line 27
Stopped at time : 0 fs : File "C:/Users/gabri/OneDrive/Desktop/Vivado Projects/Labs/03/hamming_distance_generic/hamming_distance_generic.srcs/sources_1/new/adder_nbits.vhd" Line 28
Stopped at time : 0 fs : File "C:/Users/gabri/OneDrive/Desktop/Vivado Projects/Labs/03/hamming_distance_generic/hamming_distance_generic.srcs/sources_1/new/adder_nbits.vhd" Line 25
Stopped at time : 0 fs : File "C:/Users/gabri/OneDrive/Desktop/Vivado Projects/Labs/03/hamming_distance_generic/hamming_distance_generic.srcs/sources_1/new/adder_nbits.vhd" Line 27
Stopped at time : 0 fs : File "C:/Users/gabri/OneDrive/Desktop/Vivado Projects/Labs/03/hamming_distance_generic/hamming_distance_generic.srcs/sources_1/new/adder_nbits.vhd" Line 28
Stopped at time : 0 fs : File "C:/Users/gabri/OneDrive/Desktop/Vivado Projects/Labs/03/hamming_distance_generic/hamming_distance_generic.srcs/sources_1/new/hamming_dist.vhd" Line 29
Stopped at time : 0 fs : File "C:/Users/gabri/OneDrive/Desktop/Vivado Projects/Labs/03/hamming_distance_generic/hamming_distance_generic.srcs/sources_1/new/adder_nbits.vhd" Line 25
Stopped at time : 0 fs : File "C:/Users/gabri/OneDrive/Desktop/Vivado Projects/Labs/03/hamming_distance_generic/hamming_distance_generic.srcs/sources_1/new/adder_nbits.vhd" Line 27
Stopped at time : 0 fs : File "C:/Users/gabri/OneDrive/Desktop/Vivado Projects/Labs/03/hamming_distance_generic/hamming_distance_generic.srcs/sources_1/new/adder_nbits.vhd" Line 28
Stopped at time : 0 fs : File "C:/Users/gabri/OneDrive/Desktop/Vivado Projects/Labs/03/hamming_distance_generic/hamming_distance_generic.srcs/sources_1/new/adder_nbits.vhd" Line 25
Stopped at time : 0 fs : File "C:/Users/gabri/OneDrive/Desktop/Vivado Projects/Labs/03/hamming_distance_generic/hamming_distance_generic.srcs/sources_1/new/adder_nbits.vhd" Line 27
Stopped at time : 0 fs : File "C:/Users/gabri/OneDrive/Desktop/Vivado Projects/Labs/03/hamming_distance_generic/hamming_distance_generic.srcs/sources_1/new/adder_nbits.vhd" Line 28
Stopped at time : 0 fs : File "C:/Users/gabri/OneDrive/Desktop/Vivado Projects/Labs/03/hamming_distance_generic/hamming_distance_generic.srcs/sources_1/new/adder_nbits.vhd" Line 25
Stopped at time : 0 fs : File "C:/Users/gabri/OneDrive/Desktop/Vivado Projects/Labs/03/hamming_distance_generic/hamming_distance_generic.srcs/sources_1/new/adder_nbits.vhd" Line 27
Stopped at time : 0 fs : File "C:/Users/gabri/OneDrive/Desktop/Vivado Projects/Labs/03/hamming_distance_generic/hamming_distance_generic.srcs/sources_1/new/adder_nbits.vhd" Line 28
Stopped at time : 0 fs : File "C:/Users/gabri/OneDrive/Desktop/Vivado Projects/Labs/03/hamming_distance_generic/hamming_distance_generic.srcs/sources_1/new/adder_nbits.vhd" Line 25
Stopped at time : 0 fs : File "C:/Users/gabri/OneDrive/Desktop/Vivado Projects/Labs/03/hamming_distance_generic/hamming_distance_generic.srcs/sources_1/new/adder_nbits.vhd" Line 27
Stopped at time : 0 fs : File "C:/Users/gabri/OneDrive/Desktop/Vivado Projects/Labs/03/hamming_distance_generic/hamming_distance_generic.srcs/sources_1/new/adder_nbits.vhd" Line 28
Stopped at time : 0 fs : File "C:/Users/gabri/OneDrive/Desktop/Vivado Projects/Labs/03/hamming_distance_generic/hamming_distance_generic.srcs/sources_1/new/adder_nbits.vhd" Line 25
Stopped at time : 0 fs : File "C:/Users/gabri/OneDrive/Desktop/Vivado Projects/Labs/03/hamming_distance_generic/hamming_distance_generic.srcs/sources_1/new/adder_nbits.vhd" Line 27
Stopped at time : 0 fs : File "C:/Users/gabri/OneDrive/Desktop/Vivado Projects/Labs/03/hamming_distance_generic/hamming_distance_generic.srcs/sources_1/new/adder_nbits.vhd" Line 28
Stopped at time : 0 fs : File "C:/Users/gabri/OneDrive/Desktop/Vivado Projects/Labs/03/hamming_distance_generic/hamming_distance_generic.srcs/sources_1/new/adder_nbits.vhd" Line 25
Stopped at time : 0 fs : File "C:/Users/gabri/OneDrive/Desktop/Vivado Projects/Labs/03/hamming_distance_generic/hamming_distance_generic.srcs/sources_1/new/adder_nbits.vhd" Line 27
Stopped at time : 0 fs : File "C:/Users/gabri/OneDrive/Desktop/Vivado Projects/Labs/03/hamming_distance_generic/hamming_distance_generic.srcs/sources_1/new/adder_nbits.vhd" Line 28
Stopped at time : 0 fs : File "C:/Users/gabri/OneDrive/Desktop/Vivado Projects/Labs/03/hamming_distance_generic/hamming_distance_generic.srcs/sources_1/new/adder_nbits.vhd" Line 25
Stopped at time : 0 fs : File "C:/Users/gabri/OneDrive/Desktop/Vivado Projects/Labs/03/hamming_distance_generic/hamming_distance_generic.srcs/sources_1/new/adder_nbits.vhd" Line 27
Stopped at time : 0 fs : File "C:/Users/gabri/OneDrive/Desktop/Vivado Projects/Labs/03/hamming_distance_generic/hamming_distance_generic.srcs/sources_1/new/adder_nbits.vhd" Line 28
Stopped at time : 10 ns : File "C:/Users/gabri/OneDrive/Desktop/Vivado Projects/Labs/03/hamming_distance_generic/hamming_distance_generic.srcs/sim_1/new/tb.vhd" Line 30
Stopped at time : 10 ns : File "C:/Users/gabri/OneDrive/Desktop/Vivado Projects/Labs/03/hamming_distance_generic/hamming_distance_generic.srcs/sim_1/new/tb.vhd" Line 31
Stopped at time : 10 ns : File "C:/Users/gabri/OneDrive/Desktop/Vivado Projects/Labs/03/hamming_distance_generic/hamming_distance_generic.srcs/sources_1/new/hamming_dist.vhd" Line 29
Stopped at time : 10 ns : File "C:/Users/gabri/OneDrive/Desktop/Vivado Projects/Labs/03/hamming_distance_generic/hamming_distance_generic.srcs/sources_1/new/adder_nbits.vhd" Line 25
Stopped at time : 10 ns : File "C:/Users/gabri/OneDrive/Desktop/Vivado Projects/Labs/03/hamming_distance_generic/hamming_distance_generic.srcs/sources_1/new/adder_nbits.vhd" Line 27
Stopped at time : 10 ns : File "C:/Users/gabri/OneDrive/Desktop/Vivado Projects/Labs/03/hamming_distance_generic/hamming_distance_generic.srcs/sources_1/new/adder_nbits.vhd" Line 28
Stopped at time : 10 ns : File "C:/Users/gabri/OneDrive/Desktop/Vivado Projects/Labs/03/hamming_distance_generic/hamming_distance_generic.srcs/sources_1/new/adder_nbits.vhd" Line 25
Stopped at time : 10 ns : File "C:/Users/gabri/OneDrive/Desktop/Vivado Projects/Labs/03/hamming_distance_generic/hamming_distance_generic.srcs/sources_1/new/adder_nbits.vhd" Line 27
Stopped at time : 10 ns : File "C:/Users/gabri/OneDrive/Desktop/Vivado Projects/Labs/03/hamming_distance_generic/hamming_distance_generic.srcs/sources_1/new/adder_nbits.vhd" Line 28
Stopped at time : 10 ns : File "C:/Users/gabri/OneDrive/Desktop/Vivado Projects/Labs/03/hamming_distance_generic/hamming_distance_generic.srcs/sources_1/new/adder_nbits.vhd" Line 25
Stopped at time : 10 ns : File "C:/Users/gabri/OneDrive/Desktop/Vivado Projects/Labs/03/hamming_distance_generic/hamming_distance_generic.srcs/sources_1/new/adder_nbits.vhd" Line 27
Stopped at time : 10 ns : File "C:/Users/gabri/OneDrive/Desktop/Vivado Projects/Labs/03/hamming_distance_generic/hamming_distance_generic.srcs/sources_1/new/adder_nbits.vhd" Line 28
Stopped at time : 10 ns : File "C:/Users/gabri/OneDrive/Desktop/Vivado Projects/Labs/03/hamming_distance_generic/hamming_distance_generic.srcs/sources_1/new/adder_nbits.vhd" Line 25
Stopped at time : 10 ns : File "C:/Users/gabri/OneDrive/Desktop/Vivado Projects/Labs/03/hamming_distance_generic/hamming_distance_generic.srcs/sources_1/new/adder_nbits.vhd" Line 27
Stopped at time : 10 ns : File "C:/Users/gabri/OneDrive/Desktop/Vivado Projects/Labs/03/hamming_distance_generic/hamming_distance_generic.srcs/sources_1/new/adder_nbits.vhd" Line 28
Stopped at time : 20 ns : File "C:/Users/gabri/OneDrive/Desktop/Vivado Projects/Labs/03/hamming_distance_generic/hamming_distance_generic.srcs/sim_1/new/tb.vhd" Line 33
Stopped at time : 20 ns : File "C:/Users/gabri/OneDrive/Desktop/Vivado Projects/Labs/03/hamming_distance_generic/hamming_distance_generic.srcs/sim_1/new/tb.vhd" Line 34
Stopped at time : 20 ns : File "C:/Users/gabri/OneDrive/Desktop/Vivado Projects/Labs/03/hamming_distance_generic/hamming_distance_generic.srcs/sources_1/new/hamming_dist.vhd" Line 29
Stopped at time : 20 ns : File "C:/Users/gabri/OneDrive/Desktop/Vivado Projects/Labs/03/hamming_distance_generic/hamming_distance_generic.srcs/sources_1/new/adder_nbits.vhd" Line 25
Stopped at time : 20 ns : File "C:/Users/gabri/OneDrive/Desktop/Vivado Projects/Labs/03/hamming_distance_generic/hamming_distance_generic.srcs/sources_1/new/adder_nbits.vhd" Line 27
Stopped at time : 20 ns : File "C:/Users/gabri/OneDrive/Desktop/Vivado Projects/Labs/03/hamming_distance_generic/hamming_distance_generic.srcs/sources_1/new/adder_nbits.vhd" Line 28
Stopped at time : 20 ns : File "C:/Users/gabri/OneDrive/Desktop/Vivado Projects/Labs/03/hamming_distance_generic/hamming_distance_generic.srcs/sources_1/new/adder_nbits.vhd" Line 25
Stopped at time : 20 ns : File "C:/Users/gabri/OneDrive/Desktop/Vivado Projects/Labs/03/hamming_distance_generic/hamming_distance_generic.srcs/sources_1/new/adder_nbits.vhd" Line 27
Stopped at time : 20 ns : File "C:/Users/gabri/OneDrive/Desktop/Vivado Projects/Labs/03/hamming_distance_generic/hamming_distance_generic.srcs/sources_1/new/adder_nbits.vhd" Line 28
Stopped at time : 20 ns : File "C:/Users/gabri/OneDrive/Desktop/Vivado Projects/Labs/03/hamming_distance_generic/hamming_distance_generic.srcs/sources_1/new/adder_nbits.vhd" Line 25
Stopped at time : 20 ns : File "C:/Users/gabri/OneDrive/Desktop/Vivado Projects/Labs/03/hamming_distance_generic/hamming_distance_generic.srcs/sources_1/new/adder_nbits.vhd" Line 27
Stopped at time : 20 ns : File "C:/Users/gabri/OneDrive/Desktop/Vivado Projects/Labs/03/hamming_distance_generic/hamming_distance_generic.srcs/sources_1/new/adder_nbits.vhd" Line 28
Stopped at time : 20 ns : File "C:/Users/gabri/OneDrive/Desktop/Vivado Projects/Labs/03/hamming_distance_generic/hamming_distance_generic.srcs/sources_1/new/adder_nbits.vhd" Line 25
Stopped at time : 20 ns : File "C:/Users/gabri/OneDrive/Desktop/Vivado Projects/Labs/03/hamming_distance_generic/hamming_distance_generic.srcs/sources_1/new/adder_nbits.vhd" Line 27
Stopped at time : 20 ns : File "C:/Users/gabri/OneDrive/Desktop/Vivado Projects/Labs/03/hamming_distance_generic/hamming_distance_generic.srcs/sources_1/new/adder_nbits.vhd" Line 28
Stopped at time : 20 ns : File "C:/Users/gabri/OneDrive/Desktop/Vivado Projects/Labs/03/hamming_distance_generic/hamming_distance_generic.srcs/sources_1/new/adder_nbits.vhd" Line 25
Stopped at time : 20 ns : File "C:/Users/gabri/OneDrive/Desktop/Vivado Projects/Labs/03/hamming_distance_generic/hamming_distance_generic.srcs/sources_1/new/adder_nbits.vhd" Line 27
Stopped at time : 20 ns : File "C:/Users/gabri/OneDrive/Desktop/Vivado Projects/Labs/03/hamming_distance_generic/hamming_distance_generic.srcs/sources_1/new/adder_nbits.vhd" Line 28
Stopped at time : 20 ns : File "C:/Users/gabri/OneDrive/Desktop/Vivado Projects/Labs/03/hamming_distance_generic/hamming_distance_generic.srcs/sources_1/new/adder_nbits.vhd" Line 25
Stopped at time : 20 ns : File "C:/Users/gabri/OneDrive/Desktop/Vivado Projects/Labs/03/hamming_dis