#
# A fatal error has been detected by the Java Runtime Environment:
#
#  EXCEPTION_ACCESS_VIOLATION (0xc0000005) at pc=0x00007ffbe55efde0, pid=14016, tid=16944
#
# JRE version: Java(TM) SE Runtime Environment (9.0+11) (build 9.0.4+11)
# Java VM: Java HotSpot(TM) 64-Bit Server VM (9.0.4+11, mixed mode, tiered, compressed oops, g1 gc, windows-amd64)
# Problematic frame:
# C  0x00007ffbe55efde0
#
# No core dump will be written. Minidumps are not enabled by default on client versions of Windows
#
# If you would like to submit a bug report, please visit:
#   http://bugreport.java.com/bugreport/crash.jsp
# The crash happened outside the Java Virtual Machine in native code.
# See problematic frame for where to report the bug.
#

---------------  S U M M A R Y ------------

Command Line: -Dsun.java2d.pmoffscreen=false -Dsun.java2d.xrender=false -Dsun.java2d.d3d=false -Dsun.awt.nopixfmt=true -Dsun.java2d.dpiaware=true -Dsun.java2d.uiScale.enabled=false -Xverify:none -Dswing.aatext=true -XX:-UsePerfData -Djdk.map.althashing.threshold=512 -XX:StringTableSize=4072 --add-opens=java.base/java.nio=ALL-UNNAMED --add-opens=java.desktop/sun.swing=ALL-UNNAMED --add-opens=java.desktop/javax.swing=ALL-UNNAMED --add-opens=java.desktop/javax.swing.tree=ALL-UNNAMED --add-opens=java.desktop/javax.swing.plaf.basic=ALL-UNNAMED --add-opens=java.desktop/javax.swing.plaf.synth=ALL-UNNAMED --add-opens=java.desktop/com.sun.awt=ALL-UNNAMED -XX:NewSize=60m -XX:MaxNewSize=60m -Xms128m -Xmx3072m -Xss5m 

Host: Intel(R) Core(TM) i5-6300HQ CPU @ 2.30GHz, 4 cores, 15G,  Windows 10 , 64 bit Build 18362 (10.0.18362.1110)
Time: Mon Dec 07 17:18:35 2020 W. Europe Standard Time elapsed time: 4370 seconds (0d 1h 12m 50s)

---------------  T H R E A D  ---------------

Current thread (0x000002404bbf7800):  JavaThread "AWT-EventQueue-0" [_thread_in_native, id=16944, stack(0x00000072b0100000,0x00000072b0600000)]

Stack: [0x00000072b0100000,0x00000072b0600000],  sp=0x00000072b05fae58,  free space=5099k
Native frames: (J=compiled Java code, j=interpreted, Vv=VM code, C=native code)
C  0x00007ffbe55efde0

Java frames: (J=compiled Java code, j=interpreted, Vv=VM code)
j  ui.views.waveform.waveformi.WVExecutive_getGraphicsDataSize(J)J+0
j  ui.views.waveform.executive.a.jBs()Ljava/io/ByteArrayInputStream;+8
j  ui.views.waveform.b.a.jAN()V+7
j  ui.views.waveform.b.a.iKd()V+1
j  ui.views.waveform.m.jzY()V+4
j  ui.views.waveform.m.GF(Z)V+11
j  ui.views.waveform.w.aE(ZZ)V+30
J 24408 c1 ui.views.waveform.c.b.j(Lui/frmwork/b/i;)V (581 bytes) @ 0x00000240364b5fc4 [0x00000240364ac980+0x0000000000009644]
J 24407 c1 ui.views.waveform.w.a(Lui/frmwork/b/i;)V (17 bytes) @ 0x00000240364ab514 [0x00000240364ab440+0x00000000000000d4]
J 20631 c1 ui.frmwork.b.l.d(Lui/frmwork/b/i;)V (61 bytes) @ 0x0000024034ce9b9c [0x0000024034ce9340+0x000000000000085c]
J 14444 c1 ui.frmwork.G.i(JZ)V (471 bytes) @ 0x0000024035656b2c [0x0000024035652340+0x00000000000047ec]
J 20603 c1 ui.frmwork.G.fireTclEvent(J)I (113 bytes) @ 0x0000024034f0b3cc [0x0000024034f0abc0+0x000000000000080c]
v  ~StubRoutines::call_stub
j  ui.views.waveform.waveformi.WVExecutive_setViewportSize(JII)V+0
j  ui.views.waveform.executive.a.fu(II)V+62
j  ui.views.waveform.c.b.jAU()V+131
j  ui.views.waveform.c.b$$Lambda$340.run()V+4
J 14799 c2 java.awt.EventQueue$3.run()Ljava/lang/Object; java.desktop@9.0.4 (5 bytes) @ 0x000002403b268624 [0x000002403b268520+0x0000000000000104]
v  ~StubRoutines::call_stub
J 3715  java.security.AccessController.doPrivileged(Ljava/security/PrivilegedAction;Ljava/security/AccessControlContext;)Ljava/lang/Object; java.base@9.0.4 (0 bytes) @ 0x000002403afcf2c6 [0x000002403afcf260+0x0000000000000066]
J 25135 c2 java.awt.EventQueue.dispatchEvent(Ljava/awt/AWTEvent;)V java.desktop@9.0.4 (80 bytes) @ 0x000002403bf6dc18 [0x000002403bf6d6c0+0x0000000000000558]
J 25115 c1 ui.frmwork.b.d.dispatchEvent(Ljava/awt/AWTEvent;)V (34 bytes) @ 0x0000024035c55b54 [0x0000024035c55aa0+0x00000000000000b4]
J 16673 c2 java.awt.EventDispatchThread.pumpOneEventForFilters(I)V java.desktop@9.0.4 (218 bytes) @ 0x000002403b99018c [0x000002403b98ff00+0x000000000000028c]
J 19295% c2 java.awt.EventDispatchThread.pumpEventsForFilter(ILjava/awt/Conditional;Ljava/awt/EventFilter;)V java.desktop@9.0.4 (47 bytes) @ 0x000002403bd9a240 [0x000002403bd9a140+0x0000000000000100]
j  java.awt.EventDispatchThread.pumpEventsForHierarchy(ILjava/awt/Conditional;Ljava/awt/Component;)V+11 java.desktop@9.0.4
j  java.awt.EventDispatchThread.pumpEvents(ILjava/awt/Conditional;)V+4 java.desktop@9.0.4
j  java.awt.EventDispatchThread.pumpEvents(Ljava/awt/Conditional;)V+3 java.desktop@9.0.4
j  java.awt.EventDispatchThread.run()V+9 java.desktop@9.0.4
v  ~StubRoutines::call_stub

siginfo: EXCEPTION_ACCESS_VIOLATION (0xc0000005), data execution prevention violation at address 0x00007ffbe55efde0


Register to memory mapping:

RIP=0x00007ffbe55efde0 is an unknown value
RAX=0x00007ffbe5593610 is an unknown value
RBX=0x00000072b05fafc0 is pointing into the stack for thread: 0x000002404bbf7800
RCX=0x000002402c93e780 is an unknown value
RDX=0x000002401aecb510 is an unknown value
RSP=0x00000072b05fae58 is pointing into the stack for thread: 0x000002404bbf7800
RBP=0x00000072b05faf80 is pointing into the stack for thread: 0x000002404bbf7800
RSI=0x000002401aecb510 is an unknown value
RDI=0x000002402c93e780 is an unknown value
R8 =0x00000072b05faf80 is pointing into the stack for thread: 0x000002404bbf7800
R9 =0x00000072b05fafc0 is pointing into the stack for thread: 0x000002404bbf7800
R10=0x000002401aecb520 is an unknown value
R11=0x00000240438c1010 is an unknown value
R12=0x0000000000000000 is an unknown value
R13=0x0000000000000000 is an unknown value
R14=0x000002401aecb510 is an unknown value
R15=0x0000000000000001 is an unknown value


Registers:
RAX=0x00007ffbe5593610, RBX=0x00000072b05fafc0, RCX=0x000002402c93e780, RDX=0x000002401aecb510
RSP=0x00000072b05fae58, RBP=0x00000072b05faf80, RSI=0x000002401aecb510, RDI=0x000002402c93e780
R8 =0x00000072b05faf80, R9 =0x00000072b05fafc0, R10=0x000002401aecb520, R11=0x00000240438c1010
R12=0x0000000000000000, R13=0x0000000000000000, R14=0x000002401aecb510, R15=0x0000000000000001
RIP=0x00007ffbe55efde0, EFLAGS=0x0000000000010202

Top of Stack: (sp=0x00000072b05fae58)
0x00000072b05fae58:   00007ffbe52af29c 0000000000000000
0x00000072b05fae68:   0000024010c37800 0000024010ca6460
0x00000072b05fae78:   0000024010c30000 0000024010c302a4
0x00000072b05fae88:   00000072b05fafc0 00000072b05faf80
0x00000072b05fae98:   000002401aecb510 fffffffffffffffe
0x00000072b05faea8:   0000000000000000 0000000000000000
0x00000072b05faeb8:   0000000000000010 0000000000000008
0x00000072b05faec8:   0000000000000002 0000024010ca0000
0x00000072b05faed8:   00000072b05faf99 0000000000000001
0x00000072b05faee8:   00007ffc808bb434 0000024010c30000
0x00000072b05faef8:   00007ffc00000003 0000000000000008
0x00000072b05faf08:   00007ffc00000000 0000c9d12e6f4ed5
0x00000072b05faf18:   00007ffc808bb91f 00007ffb00000002
0x00000072b05faf28:   00000072b05fb098 000002404311d1f0
0x00000072b05faf38:   00000072b05fafc9 00000072b05fb080
0x00000072b05faf48:   00007ffbe52a63d7 0000000000000000 

Instructions: (pc=0x00007ffbe55efde0)
0x00007ffbe55efdc0:   00 00 00 00 ff ff ff ff 00 00 00 00 40 00 00 00
0x00007ffbe55efdd0:   90 fd 46 00 00 00 00 00 00 00 00 00 00 00 00 00
0x00007ffbe55efde0:   01 00 00 00 00 00 00 00 00 00 00 00 40 9d 5a 00
0x00007ffbe55efdf0:   08 fe 46 00 e0 fd 46 00 00 00 00 00 00 00 00 00 



---------------  P R O C E S S  ---------------

Java Threads: ( => current thread )
  0x000002402dbac000 JavaThread "Relaunch Simulation Thread" [_thread_blocked, id=3896, stack(0x00000072b4e00000,0x00000072b5300000)]
  0x000002402dbb2000 JavaThread "Image Fetcher 0" daemon [_thread_blocked, id=23308, stack(0x00000072b4400000,0x00000072b4900000)]
  0x000002402dbb1800 JavaThread "Image Animator 3" daemon [_thread_blocked, id=13148, stack(0x00000072b3f00000,0x00000072b4400000)]
  0x000002402dbb0800 JavaThread "SyntheticaAnimation 50" daemon [_thread_blocked, id=19760, stack(0x00000072b1d00000,0x00000072b2200000)]
  0x000002402dbae800 JavaThread "Update Runs Swing Worker Thread" [_thread_blocked, id=23332, stack(0x00000072b4900000,0x00000072b4e00000)]
  0x000002401ae86800 JavaThread "hw_ila_monitor" [_thread_blocked, id=15900, stack(0x00000072b3a00000,0x00000072b3f00000)]
  0x000002401ae86000 JavaThread "Refresh Filesets Swing Worker Thread" [_thread_blocked, id=23372, stack(0x00000072b2200000,0x00000072b2700000)]
  0x000002401ae84800 JavaThread "Swing-Shell" daemon [_thread_blocked, id=12236, stack(0x00000072b1000000,0x00000072b1500000)]
  0x000002401ae8b000 JavaThread "SyntheticaAnimation 70" daemon [_thread_blocked, id=10032, stack(0x00000072afc00000,0x00000072b0100000)]
  0x000002401ae8a800 JavaThread "SyntheticaAnimation 25" daemon [_thread_blocked, id=18232, stack(0x00000072b3500000,0x00000072b3a00000)]
  0x000002401ae89800 JavaThread "SyntheticaAnimation 50" daemon [_thread_blocked, id=20648, stack(0x00000072b3000000,0x00000072b3500000)]
  0x000002401ae89000 JavaThread "Monitor HEventQueue Thread" [_thread_blocked, id=14924, stack(0x00000072b2b00000,0x00000072b3000000)]
  0x000002401ae87800 JavaThread "SyntheticaCleanerThread" daemon [_thread_blocked, id=22668, stack(0x00000072b1500000,0x00000072b1a00000)]
  0x000002401ae88000 JavaThread "Batik CleanerThread" daemon [_thread_blocked, id=2404, stack(0x00000072b0600000,0x00000072b0b00000)]
  0x000002401aa2b000 JavaThread "Process Messages Thread" [_thread_blocked, id=6468, stack(0x00000072b0b00000,0x00000072b1000000)]
  0x000002404c141800 JavaThread "Thread-1" [_thread_in_native, id=21844, stack(0x00000072a9d00000,0x00000072ab100000)]
=>0x000002404bbf7800 JavaThread "AWT-EventQueue-0" [_thread_in_native, id=16944, stack(0x00000072b0100000,0x00000072b0600000)]
  0x000002401a887800 JavaThread "TimerQueue" daemon [_thread_blocked, id=7304, stack(0x00000072af700000,0x00000072afc00000)]
  0x000002404bd30800 JavaThread "AWT-Windows" daemon [_thread_in_native, id=3664, stack(0x00000072af200000,0x00000072af700000)]
  0x000002404bc85800 JavaThread "AWT-Shutdown" [_thread_blocked, id=9976, stack(0x00000072aed00000,0x00000072af200000)]
  0x000002404bc85000 JavaThread "Java2D Disposer" daemon [_thread_blocked, id=10080, stack(0x00000072ae800000,0x00000072aed00000)]
  0x0000024032861000 JavaThread "Service Thread" daemon [_thread_blocked, id=8704, stack(0x00000072ae200000,0x00000072ae700000)]
  0x00000240331e2800 JavaThread "Common-Cleaner" daemon [_thread_blocked, id=9880, stack(0x00000072add00000,0x00000072ae200000)]
  0x0000024030353000 JavaThread "Sweeper thread" daemon [_thread_blocked, id=20448, stack(0x00000072ad800000,0x00000072add00000)]
  0x0000024030352800 JavaThread "C1 CompilerThread2" daemon [_thread_blocked, id=14376, stack(0x00000072ad700000,0x00000072ad800000)]
  0x00000240163d4000 JavaThread "C2 CompilerThread1" daemon [_thread_blocked, id=23164, stack(0x00000072ad600000,0x00000072ad700000)]
  0x00000240163d3800 JavaThread "C2 CompilerThread0" daemon [_thread_blocked, id=15908, stack(0x00000072ad500000,0x00000072ad600000)]
  0x0000024030458800 JavaThread "Attach Listener" daemon [_thread_blocked, id=7508, stack(0x00000072ad000000,0x00000072ad500000)]
  0x0000024030a48800 JavaThread "Signal Dispatcher" daemon [_thread_blocked, id=9980, stack(0x00000072acb00000,0x00000072ad000000)]
  0x00000240313a0800 JavaThread "Finalizer" daemon [_thread_blocked, id=14808, stack(0x00000072ac600000,0x00000072acb00000)]
  0x0000024031296000 JavaThread "Reference Handler" daemon [_thread_blocked, id=19864, stack(0x00000072ac100000,0x00000072ac600000)]
  0x0000024016bad800 JavaThread "main" [_thread_blocked, id=21420, stack(0x00000072ab400000,0x00000072ab500000)]

Other Threads:
  0x000002404b43d800 VMThread "VM Thread" [stack: 0x00000072ac000000,0x00000072ac100000] [id=8888]
  0x00000240330c2000 WatcherThread [stack: 0x00000072ae700000,0x00000072ae800000] [id=16948]
  0x00000240164a1800 GCTaskThread "GC Thread#0" [stack: 0x00000072ab500000,0x00000072ab600000] [id=10640]
  0x0000024030652800 GCTaskThread "GC Thread#1" [stack: 0x00000072ab600000,0x00000072ab700000] [id=11116]
  0x0000024016bae800 GCTaskThread "GC Thread#2" [stack: 0x00000072ab700000,0x00000072ab800000] [id=9872]
  0x0000024030e1b800 GCTaskThread "GC Thread#3" [stack: 0x00000072ab800000,0x00000072ab900000] [id=18080]
  0x0000024030c42800 ConcurrentGCThread "G1 Main Marker" [stack: 0x00000072abe00000,0x00000072abf00000] [id=14736]
  0x0000024030c43000 ConcurrentGCThread "G1 Marker#0" [stack: 0x00000072abf00000,0x00000072ac000000] [id=14972]
  0x000002403054c800 ConcurrentGCThread "G1 Refine#0" [stack: 0x00000072abc00000,0x00000072abd00000] [id=4780]
  0x00000240320d9000 ConcurrentGCThread "G1 Refine#1" [stack: 0x00000072abb00000,0x00000072abc00000] [id=21572]
  0x00000240320d8800 ConcurrentGCThread "G1 Refine#2" [stack: 0x00000072aba00000,0x00000072abb00000] [id=6196]
  0x00000240309d3000 ConcurrentGCThread "G1 Refine#3" [stack: 0x00000072ab900000,0x00000072aba00000] [id=4292]
  0x0000024032beb800 ConcurrentGCThread "G1 Young RemSet Sampling" [stack: 0x00000072abd00000,0x00000072abe00000] [id=11492]

Threads with active compile tasks:

VM state:not at safepoint (normal execution)

VM Mutex/Monitor currently owned by a thread: None

Heap address: 0x0000000700000000, size: 3072 MB, Compressed Oops mode: Zero based, Oop shift amount: 3
Narrow klass base: 0x0000000000000000, Narrow klass shift: 3
Compressed class space size: 1073741824 Address: 0x00000007c0000000

Heap:
 garbage-first heap   total 247808K, used 114816K [0x0000000700000000, 0x0000000700100790, 0x00000007c0000000)
  region size 1024K, 27 young (27648K), 1 survivors (1024K)
 Metaspace       used 90791K, capacity 94641K, committed 98812K, reserved 1134592K
  class space    used 13019K, capacity 13724K, committed 14588K, reserved 1048576K
Heap Regions: E=young(eden), S=young(survivor), O=old, HS=humongous(starts), HC=humongous(continues), CS=collection set, F=free, A=archive, TS=gc time stamp, AC=allocation context, TAMS=top-at-mark-start (previous, next)
|   0|0x0000000700000000, 0x00000007000fffe8, 0x0000000700100000| 99%| O|  |TS  0|AC  0|TAMS 0x0000000700000000, 0x0000000700000000|
|   1|0x0000000700100000, 0x00000007001f84a0, 0x0000000700200000| 96%| O|  |TS  0|AC  0|TAMS 0x0000000700100000, 0x0000000700100000|
|   2|0x0000000700200000, 0x0000000700300000, 0x0000000700300000|100%|HS|  |TS  0|AC  0|TAMS 0x0000000700200000, 0x0000000700200000|
|   3|0x0000000700300000, 0x0000000700400000, 0x0000000700400000|100%|HC|  |TS  0|AC  0|TAMS 0x0000000700300000, 0x0000000700300000|
|   4|0x0000000700400000, 0x0000000700500000, 0x0000000700500000|100%|HS|  |TS  0|AC  0|TAMS 0x0000000700400000, 0x0000000700400000|
|   5|0x0000000700500000, 0x00000007005f9638, 0x0000000700600000| 97%| O|  |TS  0|AC  0|TAMS 0x0000000700500000, 0x0000000700500000|
|   6|0x0000000700600000, 0x00000007006ffc68, 0x0000000700700000| 99%| O|  |TS  0|AC  0|TAMS 0x0000000700600000, 0x0000000700600000|
|   7|0x0000000700700000, 0x00000007007ce950, 0x0000000700800000| 80%| O|  |TS  0|AC  0|TAMS 0x0000000700700000, 0x0000000700700000|
|   8|0x0000000700800000, 0x00000007008af558, 0x0000000700900000| 68%| O|  |TS  0|AC  0|TAMS 0x0000000700800000, 0x0000000700800000|
|   9|0x0000000700900000, 0x00000007009d9d70, 0x0000000700a00000| 85%| O|  |TS  0|AC  0|TAMS 0x0000000700900000, 0x0000000700900000|
|  10|0x0000000700a00000, 0x0000000700afffd8, 0x0000000700b00000| 99%| O|  |TS  0|AC  0|TAMS 0x0000000700a00000, 0x0000000700a00000|
|  11|0x0000000700b00000, 0x0000000700bfffe0, 0x0000000700c00000| 99%| O|  |TS  0|AC  0|TAMS 0x0000000700b00000, 0x0000000700b00000|
|  12|0x0000000700c00000, 0x0000000700cffff8, 0x0000000700d00000| 99%| O|  |TS  0|AC  0|TAMS 0x0000000700c00000, 0x0000000700c00000|
|  13|0x0000000700d00000, 0x0000000700dffff0, 0x0000000700e00000| 99%| O|  |TS  0|AC  0|TAMS 0x0000000700d00000, 0x0000000700d00000|
|  14|0x0000000700e00000, 0x0000000700effb88, 0x0000000700f00000| 99%| O|  |TS  0|AC  0|TAMS 0x0000000700e00000, 0x0000000700e00000|
|  15|0x0000000700f00000, 0x0000000700ff1470, 0x0000000701000000| 94%| O|  |TS  0|AC  0|TAMS 0x0000000700f00000, 0x0000000700f00000|
|  16|0x0000000701000000, 0x00000007010ffff8, 0x0000000701100000| 99%| O|  |TS  0|AC  0|TAMS 0x0000000701000000, 0x0000000701000000|
|  17|0x0000000701100000, 0x00000007011ffff0, 0x0000000701200000| 99%| O|  |TS  0|AC  0|TAMS 0x0000000701100000, 0x0000000701100000|
|  18|0x0000000701200000, 0x00000007012ffff0, 0x0000000701300000| 99%| O|  |TS  0|AC  0|TAMS 0x0000000701200000, 0x0000000701200000|
|  19|0x0000000701300000, 0x00000007013fffd8, 0x0000000701400000| 99%| O|  |TS  0|AC  0|TAMS 0x0000000701300000, 0x0000000701300000|
|  20|0x0000000701400000, 0x0000000701500000, 0x0000000701500000|100%|HS|  |TS  0|AC  0|TAMS 0x0000000701400000, 0x0000000701400000|
|  21|0x0000000701500000, 0x00000007015fffd0, 0x0000000701600000| 99%| O|  |TS  0|AC  0|TAMS 0x0000000701500000, 0x0000000701500000|
|  22|0x0000000701600000, 0x00000007016fffe0, 0x0000000701700000| 99%| O|  |TS  0|AC  0|TAMS 0x0000000701600000, 0x0000000701600000|
|  23|0x0000000701700000, 0x00000007017ffea0, 0x0000000701800000| 99%| O|  |TS  0|AC  0|TAMS 0x0000000701700000, 0x0000000701700000|
|  24|0x0000000701800000, 0x00000007018fffe0, 0x0000000701900000| 99%| O|  |TS  0|AC  0|TAMS 0x0000000701800000, 0x0000000701800000|
|  25|0x0000000701900000, 0x0000000701a00000, 0x0000000701a00000|100%| O|  |TS  0|AC  0|TAMS 0x0000000701900000, 0x0000000701900000|
|  26|0x0000000701a00000, 0x0000000701afff90, 0x0000000701b00000| 99%| O|  |TS  0|AC  0|TAMS 0x0000000701a00000, 0x0000000701a00000|
|  27|0x0000000701b00000, 0x0000000701c00000, 0x0000000701c00000|100%| O|  |TS  0|AC  0|TAMS 0x0000000701b00000, 0x0000000701b00000|
|  28|0x0000000701c00000, 0x0000000701d00000, 0x0000000701d00000|100%| O|  |TS  0|AC  0|TAMS 0x0000000701c00000, 0x0000000701c00000|
|  29|0x0000000701d00000, 0x0000000701dffff0, 0x0000000701e00000| 99%| O|  |TS  0|AC  0|TAMS 0x0000000701d00000, 0x0000000701d00000|
|  30|0x0000000701e00000, 0x0000000701f00000, 0x0000000701f00000|100%| O|  |TS  0|AC  0|TAMS 0x0000000701e00000, 0x0000000701e00000|
|  31|0x0000000701f00000, 0x0000000701ffffe0, 0x0000000702000000| 99%| O|  |TS  0|AC  0|TAMS 0x0000000701f00000, 0x0000000701f00000|
|  32|0x0000000702000000, 0x00000007020ff558, 0x0000000702100000| 99%| O|  |TS  0|AC  0|TAMS 0x0000000702000000, 0x0000000702000000|
|  33|0x0000000702100000, 0x0000000702200000, 0x0000000702200000|100%| O|  |TS  0|AC  0|TAMS 0x0000000702100000, 0x0000000702100000|
|  34|0x0000000702200000, 0x00000007022fffc8, 0x0000000702300000| 99%| O|  |TS  0|AC  0|TAMS 0x0000000702200000, 0x0000000702200000|
|  35|0x0000000702300000, 0x00000007023ffff8, 0x0000000702400000| 99%| O|  |TS  0|AC  0|TAMS 0x0000000702300000, 0x0000000702300000|
|  36|0x0000000702400000, 0x00000007024ffff0, 0x0000000702500000| 99%| O|  |TS  0|AC  0|TAMS 0x0000000702400000, 0x0000000702400000|
|  37|0x0000000702500000, 0x00000007025c61c8, 0x0000000702600000| 77%| O|  |TS  0|AC  0|TAMS 0x0000000702500000, 0x0000000702500000|
|  38|0x0000000702600000, 0x00000007026fffe8, 0x0000000702700000| 99%| O|  |TS  0|AC  0|TAMS 0x0000000702600000, 0x0000000702600000|
|  39|0x0000000702700000, 0x0000000702800000, 0x0000000702800000|100%| O|  |TS  0|AC  0|TAMS 0x0000000702700000, 0x0000000702700000|
|  40|0x0000000702800000, 0x0000000702900000, 0x0000000702900000|100%| O|  |TS  0|AC  0|TAMS 0x0000000702800000, 0x0000000702800000|
|  41|0x0000000702900000, 0x00000007029ff648, 0x0000000702a00000| 99%| O|  |TS  0|AC  0|TAMS 0x0000000702900000, 0x0000000702900000|
|  42|0x0000000702a00000, 0x0000000702affff0, 0x0000000702b00000| 99%| O|  |TS  0|AC  0|TAMS 0x0000000702a00000, 0x0000000702a00000|
|  43|0x0000000702b00000, 0x0000000702bffff0, 0x0000000702c00000| 99%| O|  |TS  0|AC  0|TAMS 0x0000000702b00000, 0x0000000702b00000|
|  44|0x0000000702c00000, 0x0000000702cffff0, 0x0000000702d00000| 99%| O|  |TS  0|AC  0|TAMS 0x0000000702c00000, 0x0000000702c00000|
|  45|0x0000000702d00000, 0x0000000702e00000, 0x0000000702e00000|100%|HS|  |TS  0|AC  0|TAMS 0x0000000702d00000, 0x0000000702d00000|
|  46|0x0000000702e00000, 0x0000000702f00000, 0x0000000702f00000|100%|HC|  |TS  0|AC  0|TAMS 0x0000000702e00000, 0x0000000702e00000|
|  47|0x0000000702f00000, 0x0000000703000000, 0x0000000703000000|100%|HC|  |TS  0|AC  0|TAMS 0x0000000702f00000, 0x0000000702f00000|
|  48|0x0000000703000000, 0x0000000703100000, 0x0000000703100000|100%|HC|  |TS  0|AC  0|TAMS 0x0000000703000000, 0x0000000703000000|
|  49|0x0000000703100000, 0x0000000703200000, 0x0000000703200000|100%|HC|  |TS  0|AC  0|TAMS 0x0000000703100000, 0x0000000703100000|
|  50|0x0000000703200000, 0x0000000703300000, 0x0000000703300000|100%|HC|  |TS  0|AC  0|TAMS 0x0000000703200000, 0x0000000703200000|
|  51|0x0000000703300000, 0x0000000703400000, 0x0000000703400000|100%|HC|  |TS  0|AC  0|TAMS 0x0000000703300000, 0x0000000703300000|
|  52|0x0000000703400000, 0x0000000703500000, 0x0000000703500000|100%|HC|  |TS  0|AC  0|TAMS 0x0000000703400000, 0x0000000703400000|
|  53|0x0000000703500000, 0x00000007035ffff0, 0x0000000703600000| 99%| O|  |TS  0|AC  0|TAMS 0x0000000703500000, 0x0000000703500000|
|  54|0x0000000703600000, 0x00000007036ffff0, 0x0000000703700000| 99%| O|  |TS  0|AC  0|TAMS 0x0000000703600000, 0x0000000703600000|
|  55|0x0000000703700000, 0x00000007037fdc50, 0x0000000703800000| 99%| O|  |TS  0|AC  0|TAMS 0x0000000703700000, 0x0000000703700000|
|  56|0x0000000703800000, 0x00000007038ffff8, 0x0000000703900000| 99%| O|  |TS  0|AC  0|TAMS 0x0000000703800000, 0x0000000703800000|
|  57|0x0000000703900000, 0x0000000703a00000, 0x0000000703a00000|100%| O|  |TS  0|AC  0|TAMS 0x0000000703900000, 0x0000000703900000|
|  58|0x0000000703a00000, 0x0000000703affff8, 0x0000000703b00000| 99%| O|  |TS  0|AC  0|TAMS 0x0000000703a00000, 0x0000000703a00000|
|  59|0x0000000703b00000, 0x0000000703bffcf0, 0x0000000703c00000| 99%| O|  |TS  0|AC  0|TAMS 0x0000000703b00000, 0x0000000703b00000|
|  60|0x0000000703c00000, 0x0000000703cfff70, 0x0000000703d00000| 99%| O|  |TS  0|AC  0|TAMS 0x0000000703c00000, 0x0000000703c00000|
|  61|0x0000000703d00000, 0x0000000703dffff8, 0x0000000703e00000| 99%| O|  |TS  0|AC  0|TAMS 0x0000000703d00000, 0x0000000703d00000|
|  62|0x0000000703e00000, 0x0000000703effff0, 0x0000000703f00000| 99%| O|  |TS  0|AC  0|TAMS 0x0000000703e00000, 0x0000000703e00000|
|  63|0x0000000703f00000, 0x0000000703ffffd8, 0x0000000704000000| 99%| O|  |TS  0|AC  0|TAMS 0x0000000703f00000, 0x0000000703f00000|
|  64|0x0000000704000000, 0x00000007040fff18, 0x0000000704100000| 99%| O|  |TS  0|AC  0|TAMS 0x0000000704000000, 0x0000000704000000|
|  65|0x0000000704100000, 0x00000007041f88f0, 0x0000000704200000| 97%| O|  |TS  0|AC  0|TAMS 0x0000000704100000, 0x0000000704100000|
|  66|0x0000000704200000, 0x00000007042fffc8, 0x0000000704300000| 99%| O|  |TS  0|AC  0|TAMS 0x0000000704200000, 0x0000000704200000|
|  67|0x0000000704300000, 0x00000007043ffff8, 0x0000000704400000| 99%| O|  |TS  0|AC  0|TAMS 0x0000000704300000, 0x0000000704300000|
|  68|0x0000000704400000, 0x00000007044ffff8, 0x0000000704500000| 99%| O|  |TS  0|AC  0|TAMS 0x0000000704400000, 0x0000000704400000|
|  69|0x0000000704500000, 0x00000007045fffd8, 0x0000000704600000| 99%| O|  |TS  0|AC  0|TAMS 0x0000000704500000, 0x0000000704500000|
|  70|0x0000000704600000, 0x0000000704700000, 0x0000000704700000|100%| O|  |TS  0|AC  0|TAMS 0x0000000704600000, 0x0000000704600000|
|  71|0x0000000704700000, 0x0000000704800000, 0x0000000704800000|100%| O|  |TS  0|AC  0|TAMS 0x0000000704700000, 0x0000000704700000|
|  72|0x0000000704800000, 0x0000000704900000, 0x0000000704900000|100%| O|  |TS  0|AC  0|TAMS 0x0000000704800000, 0x0000000704800000|
|  73|0x0000000704900000, 0x00000007049ffff8, 0x0000000704a00000| 99%| O|  |TS  0|AC  0|TAMS 0x0000000704900000, 0x0000000704900000|
|  74|0x0000000704a00000, 0x0000000704affff0, 0x0000000704b00000| 99%| O|  |TS  0|AC  0|TAMS 0x0000000704a00000, 0x0000000704a00000|
|  75|0x0000000704b00000, 0x0000000704bffff8, 0x0000000704c00000| 99%| O|  |TS  0|AC  0|TAMS 0x0000000704b00000, 0x0000000704b00000|
|  76|0x0000000704c00000, 0x0000000704d00000, 0x0000000704d00000|100%| O|  |TS  0|AC  0|TAMS 0x0000000704c00000, 0x0000000704c00000|
|  77|0x0000000704d00000, 0x0000000704e00000, 0x0000000704e00000|100%| O|  |TS  0|AC  0|TAMS 0x0000000704d00000, 0x0000000704d00000|
|  78|0x0000000704e00000, 0x0000000704effff8, 0x0000000704f00000| 99%| O|  |TS  0|AC  0|TAMS 0x0000000704e00000, 0x0000000704e00000|
|  79|0x0000000704f00000, 0x0000000704fffff0, 0x0000000705000000| 99%| O|  |TS  0|AC  0|TAMS 0x0000000704f00000, 0x0000000704f00000|
|  80|0x0000000705000000, 0x00000007050ffff8, 0x0000000705100000| 99%| O|  |TS  0|AC  0|TAMS 0x0000000705000000, 0x0000000705000000|
|  81|0x0000000705100000, 0x00000007051fb770, 0x0000000705200000| 98%| O|  |TS  0|AC  0|TAMS 0x0000000705100000, 0x0000000705100000|
|  82|0x0000000705200000, 0x0000000705260dc8, 0x0000000705300000| 37%| O|  |TS  0|AC  0|TAMS 0x0000000705200000, 0x0000000705200000|
|  83|0x0000000705300000, 0x0000000705400000, 0x0000000705400000|100%|HS|  |TS  0|AC  0|TAMS 0x0000000705300000, 0x0000000705300000|
|  84|0x0000000705400000, 0x0000000705500000, 0x0000000705500000|100%|HC|  |TS  0|AC  0|TAMS 0x0000000705400000, 0x0000000705400000|
|  85|0x0000000705500000, 0x0000000705600000, 0x0000000705600000|100%|HC|  |TS  0|AC  0|TAMS 0x0000000705500000, 0x0000000705500000|
|  86|0x0000000705600000, 0x0000000705600000, 0x0000000705700000|  0%| F|  |TS  0|AC  0|TAMS 0x0000000705600000, 0x0000000705600000|
|  87|0x0000000705700000, 0x0000000705700000, 0x0000000705800000|  0%| F|  |TS  0|AC  0|TAMS 0x0000000705700000, 0x0000000705700000|
|  88|0x0000000705800000, 0x0000000705900000, 0x0000000705900000|100%|HS|  |TS  0|AC  0|TAMS 0x0000000705800000, 0x0000000705800000|
|  89|0x0000000705900000, 0x0000000705a00000, 0x0000000705a00000|100%|HC|  |TS  0|AC  0|TAMS 0x0000000705900000, 0x0000000705900000|
|  90|0x0000000705a00000, 0x0000000705a00000, 0x0000000705b00000|  0%| F|  |TS  0|AC  0|TAMS 0x0000000705a00000, 0x0000000705a00000|
|  91|0x0000000705b00000, 0x0000000705b00000, 0x0000000705c00000|  0%| F|  |TS  0|AC  0|TAMS 0x0000000705b00000, 0x0000000705b00000|
|  92|0x0000000705c00000, 0x0000000705c00000, 0x0000000705d00000|  0%| F|  |TS  0|AC  0|TAMS 0x0000000705c00000, 0x0000000705c00000|
|  93|0x0000000705d00000, 0x0000000705d00000, 0x0000000705e00000|  0%| F|  |TS  0|AC  0|TAMS 0x0000000705d00000, 0x0000000705d00000|
|  94|0x0000000705e00000, 0x0000000705e00000, 0x0000000705f00000|  0%| F|  |TS  0|AC  0|TAMS 0x0000000705e00000, 0x0000000705e00000|
|  95|0x0000000705f00000, 0x0000000705f00000, 0x0000000706000000|  0%| F|  |TS  0|AC  0|TAMS 0x0000000705f00000, 0x0000000705f00000|
|  96|0x0000000706000000, 0x0000000706000000, 0x0000000706100000|  0%| F|  |TS  0|AC  0|TAMS 0x0000000706000000, 0x0000000706000000|
|  97|0x0000000706100000, 0x0000000706100000, 0x0000000706200000|  0%| F|  |TS  0|AC  0|TAMS 0x0000000706100000, 0x0000000706100000|
|  98|0x0000000706200000, 0x0000000706200000, 0x0000000706300000|  0%| F|  |TS  0|AC  0|TAMS 0x0000000706200000, 0x0000000706200000|
|  99|0x0000000706300000, 0x0000000706300000, 0x0000000706400000|  0%| F|  |TS  0|AC  0|TAMS 0x0000000706300000, 0x0000000706300000|
| 100|0x0000000706400000, 0x0000000706400000, 0x0000000706500000|  0%| F|  |TS  0|AC  0|TAMS 0x0000000706400000, 0x0000000706400000|
| 101|0x0000000706500000, 0x0000000706500000, 0x0000000706600000|  0%| F|  |TS  0|AC  0|TAMS 0x0000000706500000, 0x0000000706500000|
| 102|0x0000000706600000, 0x0000000706600000, 0x0000000706700000|  0%| F|  |TS  0|AC  0|TAMS 0x0000000706600000, 0x0000000706600000|
| 103|0x0000000706700000, 0x0000000706700000, 0x0000000706800000|  0%| F|  |TS  0|AC  0|TAMS 0x0000000706700000, 0x0000000706700000|
| 104|0x0000000706800000, 0x0000000706800000, 0x0000000706900000|  0%| F|  |TS  0|AC  0|TAMS 0x0000000706800000, 0x0000000706800000|
| 105|0x0000000706900000, 0x0000000706900000, 0x0000000706a00000|  0%| F|  |TS  0|AC  0|TAMS 0x0000000706900000, 0x0000000706900000|
| 106|0x0000000706a00000, 0x0000000706a00000, 0x0000000706b00000|  0%| F|  |TS  0|AC  0|TAMS 0x0000000706a00000, 0x0000000706a00000|
| 107|0x0000000706b00000, 0x0000000706b00000, 0x0000000706c00000|  0%| F|  |TS  0|AC  0|TAMS 0x0000000706b00000, 0x0000000706b00000|
| 108|0x0000000706c00000, 0x0000000706c00000, 0x0000000706d00000|  0%| F|  |TS  0|AC  0|TAMS 0x0000000706c00000, 0x0000000706c00000|
| 109|0x0000000706d00000, 0x0000000706d00000, 0x0000000706e00000|  0%| F|  |TS  0|AC  0|TAMS 0x0000000706d00000, 0x0000000706d00000|
| 110|0x0000000706e00000, 0x0000000706e00000, 0x0000000706f00000|  0%| F|  |TS  0|AC  0|TAMS 0x0000000706e00000, 0x0000000706e00000|
| 111|0x0000000706f00000, 0x0000000706f00000, 0x0000000707000000|  0%| F|  |TS  0|AC  0|TAMS 0x0000000706f00000, 0x0000000706f00000|
| 112|0x0000000707000000, 0x0000000707000000, 0x0000000707100000|  0%| F|  |TS  0|AC  0|TAMS 0x0000000707000000, 0x0000000707000000|
| 113|0x0000000707100000, 0x0000000707100000, 0x0000000707200000|  0%| F|  |TS  0|AC  0|TAMS 0x0000000707100000, 0x0000000707100000|
| 114|0x0000000707200000, 0x0000000707200000, 0x0000000707300000|  0%| F|  |TS  0|AC  0|TAMS 0x0000000707200000, 0x0000000707200000|
| 115|0x0000000707300000, 0x0000000707300000, 0x0000000707400000|  0%| F|  |TS  0|AC  0|TAMS 0x0000000707300000, 0x0000000707300000|
| 116|0x0000000707400000, 0x0000000707400000, 0x0000000707500000|  0%| F|  |TS  0|AC  0|TAMS 0x0000000707400000, 0x0000000707400000|
| 117|0x0000000707500000, 0x0000000707500000, 0x0000000707600000|  0%| F|  |TS  0|AC  0|TAMS 0x0000000707500000, 0x0000000707500000|
| 118|0x0000000707600000, 0x0000000707600000, 0x0000000707700000|  0%| F|  |TS  0|AC  0|TAMS 0x0000000707600000, 0x0000000707600000|
| 119|0x0000000707700000, 0x0000000707700000, 0x0000000707800000|  0%| F|  |TS  0|AC  0|TAMS 0x0000000707700000, 0x0000000707700000|
| 120|0x0000000707800000, 0x0000000707800000, 0x0000000707900000|  0%| F|  |TS  0|AC  0|TAMS 0x0000000707800000, 0x0000000707800000|
| 121|0x0000000707900000, 0x0000000707900000, 0x0000000707a00000|  0%| F|  |TS  0|AC  0|TAMS 0x0000000707900000, 0x0000000707900000|
| 122|0x0000000707a00000, 0x0000000707a00000, 0x0000000707b00000|  0%| F|  |TS  0|AC  0|TAMS 0x0000000707a00000, 0x0000000707a00000|
| 123|0x0000000707b00000, 0x0000000707b00000, 0x0000000707c00000|  0%| F|  |TS  0|AC  0|TAMS 0x0000000707b00000, 0x0000000707b00000|
| 124|0x0000000707c00000, 0x0000000707c00000, 0x0000000707d00000|  0%| F|  |TS  0|AC  0|TAMS 0x0000000707c00000, 0x0000000707c00000|
| 125|0x0000000707d00000, 0x0000000707d00000, 0x0000000707e00000|  0%| F|  |TS  0|AC  0|TAMS 0x0000000707d00000, 0x0000000707d00000|
| 126|0x0000000707e00000, 0x0000000707e00000, 0x0000000707f00000|  0%| F|  |TS  0|AC  0|TAMS 0x0000000707e00000, 0x0000000707e00000|
| 127|0x0000000707f00000, 0x0000000707f00000, 0x0000000708000000|  0%| F|  |TS  0|AC  0|TAMS 0x0000000707f00000, 0x0000000707f00000|
| 128|0x0000000708000000, 0x0000000708000000, 0x0000000708100000|  0%| F|  |TS  0|AC  0|TAMS 0x0000000708000000, 0x0000000708000000|
| 129|0x0000000708100000, 0x0000000708100000, 0x0000000708200000|  0%| F|  |TS  0|AC  0|TAMS 0x0000000708100000, 0x0000000708100000|
| 130|0x0000000708200000, 0x0000000708200000, 0x0000000708300000|  0%| F|  |TS  0|AC  0|TAMS 0x0000000708200000, 0x0000000708200000|
| 131|0x0000000708300000, 0x0000000708300000, 0x0000000708400000|  0%| F|  |TS  0|AC  0|TAMS 0x0000000708300000, 0x0000000708300000|
| 132|0x0000000708400000, 0x0000000708400000, 0x0000000708500000|  0%| F|  |TS  0|AC  0|TAMS 0x0000000708400000, 0x0000000708400000|
| 133|0x0000000708500000, 0x0000000708500000, 0x0000000708600000|  0%| F|  |TS  0|AC  0|TAMS 0x0000000708500000, 0x0000000708500000|
| 134|0x0000000708600000, 0x0000000708600000, 0x0000000708700000|  0%| F|  |TS  0|AC  0|TAMS 0x0000000708600000, 0x0000000708600000|
| 135|0x0000000708700000, 0x0000000708700000, 0x0000000708800000|  0%| F|  |TS  0|AC  0|TAMS 0x0000000708700000, 0x0000000708700000|
| 136|0x0000000708800000, 0x0000000708800000, 0x0000000708900000|  0%| F|  |TS  0|AC  0|TAMS 0x0000000708800000, 0x0000000708800000|
| 137|0x0000000708900000, 0x0000000708900000, 0x0000000708a00000|  0%| F|  |TS  0|AC  0|TAMS 0x0000000708900000, 0x0000000708900000|
| 138|0x0000000708a00000, 0x0000000708a00000, 0x0000000708b00000|  0%| F|  |TS  0|AC  0|TAMS 0x0000000708a00000, 0x0000000708a00000|
| 139|0x0000000708b00000, 0x0000000708b00000, 0x0000000708c00000|  0%| F|  |TS  0|AC  0|TAMS 0x0000000708b00000, 0x0000000708b00000|
| 140|0x0000000708c00000, 0x0000000708c00000, 0x0000000708d00000|  0%| F|  |TS  0|AC  0|TAMS 0x0000000708c00000, 0x0000000708c00000|
| 141|0x0000000708d00000, 0x0000000708d00000, 0x0000000708e00000|  0%| F|  |TS  0|AC  0|TAMS 0x0000000708d00000, 0x0000000708d00000|
| 142|0x0000000708e00000, 0x0000000708e00000, 0x0000000708f00000|  0%| F|  |TS  0|AC  0|TAMS 0x0000000708e00000, 0x0000000708e00000|
| 143|0x0000000708f00000, 0x0000000708f00000, 0x0000000709000000|  0%| F|  |TS  0|AC  0|TAMS 0x0000000708f00000, 0x0000000708f00000|
| 144|0x0000000709000000, 0x0000000709000000, 0x0000000709100000|  0%| F|  |TS  0|AC  0|TAMS 0x0000000709000000, 0x0000000709000000|
| 145|0x0000000709100000, 0x0000000709100000, 0x0000000709200000|  0%| F|  |TS  0|AC  0|TAMS 0x0000000709100000, 0x0000000709100000|
| 146|0x0000000709200000, 0x0000000709200000, 0x0000000709300000|  0%| F|  |TS  0|AC  0|TAMS 0x0000000709200000, 0x0000000709200000|
| 147|0x0000000709300000, 0x0000000709300000, 0x0000000709400000|  0%| F|  |TS  0|AC  0|TAMS 0x0000000709300000, 0x0000000709300000|
| 148|0x0000000709400000, 0x0000000709400000, 0x0000000709500000|  0%| F|  |TS  0|AC  0|TAMS 0x0000000709400000, 0x0000000709400000|
| 149|0x0000000709500000, 0x0000000709500000, 0x0000000709600000|  0%| F|  |TS  0|AC  0|TAMS 0x0000000709500000, 0x0000000709500000|
| 150|0x0000000709600000, 0x0000000709600000, 0x0000000709700000|  0%| F|  |TS  0|AC  0|TAMS 0x0000000709600000, 0x0000000709600000|
| 151|0x0000000709700000, 0x0000000709700000, 0x0000000709800000|  0%| F|  |TS  0|AC  0|TAMS 0x0000000709700000, 0x0000000709700000|
| 152|0x0000000709800000, 0x0000000709800000, 0x0000000709900000|  0%| F|  |TS  0|AC  0|TAMS 0x0000000709800000, 0x0000000709800000|
| 153|0x0000000709900000, 0x0000000709900000, 0x0000000709a00000|  0%| F|  |TS  0|AC  0|TAMS 0x0000000709900000, 0x0000000709900000|
| 154|0x0000000709a00000, 0x0000000709a00000, 0x0000000709b00000|  0%| F|  |TS  0|AC  0|TAMS 0x0000000709a00000, 0x0000000709a00000|
| 155|0x0000000709b00000, 0x0000000709b00000, 0x0000000709c00000|  0%| F|  |TS  0|AC  0|TAMS 0x0000000709b00000, 0x0000000709b00000|
| 156|0x0000000709c00000, 0x0000000709c00000, 0x0000000709d00000|  0%| F|  |TS  0|AC  0|TAMS 0x0000000709c00000, 0x0000000709c00000|
| 157|0x0000000709d00000, 0x0000000709d00000, 0x0000000709e00000|  0%| F|  |TS  0|AC  0|TAMS 0x0000000709d00000, 0x0000000709d00000|
| 158|0x0000000709e00000, 0x0000000709e00000, 0x0000000709f00000|  0%| F|  |TS  0|AC  0|TAMS 0x0000000709e00000, 0x0000000709e00000|
| 159|0x0000000709f00000, 0x0000000709f00000, 0x000000070a000000|  0%| F|  |TS  0|AC  0|TAMS 0x0000000709f00000, 0x0000000709f00000|
| 160|0x000000070a000000, 0x000000070a000000, 0x000000070a100000|  0%| F|  |TS  0|AC  0|TAMS 0x000000070a000000, 0x000000070a000000|
| 161|0x000000070a100000, 0x000000070a100000, 0x000000070a200000|  0%| F|  |TS  0|AC  0|TAMS 0x000000070a100000, 0x000000070a100000|
| 162|0x000000070a200000, 0x000000070a200000, 0x000000070a300000|  0%| F|  |TS  0|AC  0|TAMS 0x000000070a200000, 0x000000070a200000|
| 163|0x000000070a300000, 0x000000070a300000, 0x000000070a400000|  0%| F|  |TS  0|AC  0|TAMS 0x000000070a300000, 0x000000070a300000|
| 164|0x000000070a400000, 0x000000070a400000, 0x000000070a500000|  0%| F|  |TS  0|AC  0|TAMS 0x000000070a400000, 0x000000070a400000|
| 165|0x000000070a500000, 0x000000070a500000, 0x000000070a600000|  0%| F|  |TS  0|AC  0|TAMS 0x000000070a500000, 0x000000070a500000|
| 166|0x000000070a600000, 0x000000070a600000, 0x000000070a700000|  0%| F|  |TS  0|AC  0|TAMS 0x000000070a600000, 0x000000070a600000|
| 167|0x000000070a700000, 0x000000070a700000, 0x000000070a800000|  0%| F|  |TS  0|AC  0|TAMS 0x000000070a700000, 0x000000070a700000|
| 168|0x000000070a800000, 0x000000070a800000, 0x000000070a900000|  0%| F|  |TS  0|AC  0|TAMS 0x000000070a800000, 0x000000070a800000|
| 169|0x000000070a900000, 0x000000070a900000, 0x000000070aa00000|  0%| F|  |TS  0|AC  0|TAMS 0x000000070a900000, 0x000000070a900000|
| 170|0x000000070aa00000, 0x000000070aa00000, 0x000000070ab00000|  0%| F|  |TS  0|AC  0|TAMS 0x000000070aa00000, 0x000000070aa00000|
| 171|0x000000070ab00000, 0x000000070ab00000, 0x000000070ac00000|  0%| F|  |TS  0|AC  0|TAMS 0x000000070ab00000, 0x000000070ab00000|
| 172|0x000000070ac00000, 0x000000070ac00000, 0x000000070ad00000|  0%| F|  |TS  0|AC  0|TAMS 0x000000070ac00000, 0x000000070ac00000|
| 173|0x000000070ad00000, 0x000000070ad00000, 0x000000070ae00000|  0%| F|  |TS  0|AC  0|TAMS 0x000000070ad00000, 0x000000070ad00000|
| 174|0x000000070ae00000, 0x000000070ae00000, 0x000000070af00000|  0%| F|  |TS  0|AC  0|TAMS 0x000000070ae00000, 0x000000070ae00000|
| 175|0x000000070af00000, 0x000000070af00000, 0x000000070b000000|  0%| F|  |TS  0|AC  0|TAMS 0x000000070af00000, 0x000000070af00000|
| 176|0x000000070b000000, 0x000000070b000000, 0x000000070b100000|  0%| F|  |TS  0|AC  0|TAMS 0x000000070b000000, 0x000000070b000000|
| 177|0x000000070b100000, 0x000000070b100000, 0x000000070b200000|  0%| F|  |TS  0|AC  0|TAMS 0x000000070b100000, 0x000000070b100000|
| 178|0x000000070b200000, 0x000000070b200000, 0x000000070b300000|  0%| F|  |TS  0|AC  0|TAMS 0x000000070b200000, 0x000000070b200000|
| 179|0x000000070b300000, 0x000000070b300000, 0x000000070b400000|  0%| F|  |TS  0|AC  0|TAMS 0x000000070b300000, 0x000000070b300000|
| 180|0x000000070b400000, 0x000000070b400000, 0x000000070b500000|  0%| F|  |TS  0|AC  0|TAMS 0x000000070b400000, 0x000000070b400000|
| 181|0x000000070b500000, 0x000000070b5cf0c0, 0x000000070b600000| 80%| S|CS|TS 13|AC  0|TAMS 0x000000070b500000, 0x000000070b500000|
| 182|0x000000070b600000, 0x000000070b600000, 0x000000070b700000|  0%| F|  |TS 13|AC  0|TAMS 0x000000070b600000, 0x000000070b600000|
| 183|0x000000070b700000, 0x000000070b700000, 0x000000070b800000|  0%| F|  |TS 13|AC  0|TAMS 0x000000070b700000, 0x000000070b700000|
| 184|0x000000070b800000, 0x000000070b800000, 0x000000070b900000|  0%| F|  |TS 13|AC  0|TAMS 0x000000070b800000, 0x000000070b800000|
| 185|0x000000070b900000, 0x000000070b900000, 0x000000070ba00000|  0%| F|  |TS 13|AC  0|TAMS 0x000000070b900000, 0x000000070b900000|
| 186|0x000000070ba00000, 0x000000070ba00000, 0x000000070bb00000|  0%| F|  |TS 13|AC  0|TAMS 0x000000070ba00000, 0x000000070ba00000|
| 187|0x000000070bb00000, 0x000000070bb00000, 0x000000070bc00000|  0%| F|  |TS 13|AC  0|TAMS 0x000000070bb00000, 0x000000070bb00000|
| 188|0x000000070bc00000, 0x000000070bc00000, 0x000000070bd00000|  0%| F|  |TS 13|AC  0|TAMS 0x000000070bc00000, 0x000000070bc00000|
| 189|0x000000070bd00000, 0x000000070bd00000, 0x000000070be00000|  0%| F|  |TS 13|AC  0|TAMS 0x000000070bd00000, 0x000000070bd00000|
| 190|0x000000070be00000, 0x000000070be00000, 0x000000070bf00000|  0%| F|  |TS 13|AC  0|TAMS 0x000000070be00000, 0x000000070be00000|
| 191|0x000000070bf00000, 0x000000070bf00000, 0x000000070c000000|  0%| F|  |TS 13|AC  0|TAMS 0x000000070bf00000, 0x000000070bf00000|
| 192|0x000000070c000000, 0x000000070c000000, 0x000000070c100000|  0%| F|  |TS 13|AC  0|TAMS 0x000000070c000000, 0x000000070c000000|
| 193|0x000000070c100000, 0x000000070c100000, 0x000000070c200000|  0%| F|  |TS 13|AC  0|TAMS 0x000000070c100000, 0x000000070c100000|
| 194|0x000000070c200000, 0x000000070c200000, 0x000000070c300000|  0%| F|  |TS 13|AC  0|TAMS 0x000000070c200000, 0x000000070c200000|
| 195|0x000000070c300000, 0x000000070c300000, 0x000000070c400000|  0%| F|  |TS 13|AC  0|TAMS 0x000000070c300000, 0x000000070c300000|
| 196|0x000000070c400000, 0x000000070c400000, 0x000000070c500000|  0%| F|  |TS 13|AC  0|TAMS 0x000000070c400000, 0x000000070c400000|
| 197|0x000000070c500000, 0x000000070c500000, 0x000000070c600000|  0%| F|  |TS 13|AC  0|TAMS 0x000000070c500000, 0x000000070c500000|
| 198|0x000000070c600000, 0x000000070c600000, 0x000000070c700000|  0%| F|  |TS 13|AC  0|TAMS 0x000000070c600000, 0x000000070c600000|
| 199|0x000000070c700000, 0x000000070c700000, 0x000000070c800000|  0%| F|  |TS 13|AC  0|TAMS 0x000000070c700000, 0x000000070c700000|
| 200|0x000000070c800000, 0x000000070c800000, 0x000000070c900000|  0%| F|  |TS 13|AC  0|TAMS 0x000000070c800000, 0x000000070c800000|
| 201|0x000000070c900000, 0x000000070c900000, 0x000000070ca00000|  0%| F|  |TS 13|AC  0|TAMS 0x000000070c900000, 0x000000070c900000|
| 202|0x000000070ca00000, 0x000000070ca00000, 0x000000070cb00000|  0%| F|  |TS 13|AC  0|TAMS 0x000000070ca00000, 0x000000070ca00000|
| 203|0x000000070cb00000, 0x000000070cb00000, 0x000000070cc00000|  0%| F|  |TS 13|AC  0|TAMS 0x000000070cb00000, 0x000000070cb00000|
| 204|0x000000070cc00000, 0x000000070cc00000, 0x000000070cd00000|  0%| F|  |TS 13|AC  0|TAMS 0x000000070cc00000, 0x000000070cc00000|
| 205|0x000000070cd00000, 0x000000070cd00000, 0x000000070ce00000|  0%| F|  |TS 13|AC  0|TAMS 0x000000070cd00000, 0x000000070cd00000|
| 206|0x000000070ce00000, 0x000000070ce00000, 0x000000070cf00000|  0%| F|  |TS 13|AC  0|TAMS 0x000000070ce00000, 0x000000070ce00000|
| 207|0x000000070cf00000, 0x000000070cf00000, 0x000000070d000000|  0%| F|  |TS 13|AC  0|TAMS 0x000000070cf00000, 0x000000070cf00000|
| 208|0x000000070d000000, 0x000000070d000000, 0x000000070d100000|  0%| F|  |TS 13|AC  0|TAMS 0x000000070d000000, 0x000000070d000000|
| 209|0x000000070d100000, 0x000000070d100000, 0x000000070d200000|  0%| F|  |TS 13|AC  0|TAMS 0x000000070d100000, 0x000000070d100000|
| 210|0x000000070d200000, 0x000000070d200000, 0x000000070d300000|  0%| F|  |TS 13|AC  0|TAMS 0x000000070d200000, 0x000000070d200000|
| 211|0x000000070d300000, 0x000000070d300000, 0x000000070d400000|  0%| F|  |TS 13|AC  0|TAMS 0x000000070d300000, 0x000000070d300000|
| 212|0x000000070d400000, 0x000000070d400000, 0x000000070d500000|  0%| F|  |TS 13|AC  0|TAMS 0x000000070d400000, 0x000000070d400000|
| 213|0x000000070d500000, 0x000000070d500000, 0x000000070d600000|  0%| F|  |TS 13|AC  0|TAMS 0x000000070d500000, 0x000000070d500000|
| 214|0x000000070d600000, 0x000000070d600000, 0x000000070d700000|  0%| F|  |TS 13|AC  0|TAMS 0x000000070d600000, 0x000000070d600000|
| 215|0x000000070d700000, 0x000000070d700000, 0x000000070d800000|  0%| F|  |TS 13|AC  0|TAMS 0x000000070d700000, 0x000000070d700000|
| 216|0x000000070d800000, 0x000000070d85dfd0, 0x000000070d900000| 36%| E|  |TS 13|AC  0|TAMS 0x000000070d800000, 0x000000070d800000|
| 217|0x000000070d900000, 0x000000070da00000, 0x000000070da00000|100%| E|CS|TS 13|AC  0|TAMS 0x000000070d900000, 0x000000070d900000|
| 218|0x000000070da00000, 0x000000070db00000, 0x000000070db00000|100%| E|CS|TS 13|AC  0|TAMS 0x000000070da00000, 0x000000070da00000|
| 219|0x000000070db00000, 0x000000070dc00000, 0x000000070dc00000|100%| E|CS|TS 13|AC  0|TAMS 0x000000070db00000, 0x000000070db00000|
| 220|0x000000070dc00000, 0x000000070dd00000, 0x000000070dd00000|100%| E|CS|TS 13|AC  0|TAMS 0x000000070dc00000, 0x000000070dc00000|
| 221|0x000000070dd00000, 0x000000070de00000, 0x000000070de00000|100%| E|CS|TS 13|AC  0|TAMS 0x000000070dd00000, 0x000000070dd00000|
| 222|0x000000070de00000, 0x000000070df00000, 0x000000070df00000|100%| E|CS|TS 13|AC  0|TAMS 0x000000070de00000, 0x000000070de00000|
| 223|0x000000070df00000, 0x000000070e000000, 0x000000070e000000|100%| E|CS|TS 13|AC  0|TAMS 0x000000070df00000, 0x000000070df00000|
| 224|0x000000070e000000, 0x000000070e100000, 0x000000070e100000|100%| E|CS|TS 13|AC  0|TAMS 0x000000070e000000, 0x000000070e000000|
| 225|0x000000070e100000, 0x000000070e200000, 0x000000070e200000|100%| E|CS|TS 13|AC  0|TAMS 0x000000070e100000, 0x000000070e100000|
| 226|0x000000070e200000, 0x000000070e300000, 0x000000070e300000|100%| E|CS|TS 13|AC  0|TAMS 0x000000070e200000, 0x000000070e200000|
| 227|0x000000070e300000, 0x000000070e400000, 0x000000070e400000|100%| E|CS|TS 13|AC  0|TAMS 0x000000070e300000, 0x000000070e300000|
| 228|0x000000070e400000, 0x000000070e500000, 0x000000070e500000|100%| E|CS|TS 13|AC  0|TAMS 0x000000070e400000, 0x000000070e400000|
| 229|0x000000070e500000, 0x000000070e600000, 0x000000070e600000|100%| E|CS|TS 13|AC  0|TAMS 0x000000070e500000, 0x000000070e500000|
| 230|0x000000070e600000, 0x000000070e700000, 0x000000070e700000|100%| E|CS|TS 13|AC  0|TAMS 0x000000070e600000, 0x000000070e600000|
| 231|0x000000070e700000, 0x000000070e800000, 0x000000070e800000|100%| E|CS|TS 13|AC  0|TAMS 0x000000070e700000, 0x000000070e700000|
| 232|0x000000070e800000, 0x000000070e900000, 0x000000070e900000|100%| E|CS|TS 13|AC  0|TAMS 0x000000070e800000, 0x000000070e800000|
| 233|0x000000070e900000, 0x000000070ea00000, 0x000000070ea00000|100%| E|CS|TS 13|AC  0|TAMS 0x000000070e900000, 0x000000070e900000|
| 234|0x000000070ea00000, 0x000000070eb00000, 0x000000070eb00000|100%| E|CS|TS 13|AC  0|TAMS 0x000000070ea00000, 0x000000070ea00000|
| 235|0x000000070eb00000, 0x000000070ec00000, 0x000000070ec00000|100%| E|CS|TS 13|AC  0|TAMS 0x000000070eb00000, 0x000000070eb00000|
| 236|0x000000070ec00000, 0x000000070ed00000, 0x000000070ed00000|100%| E|CS|TS 13|AC  0|TAMS 0x000000070ec00000, 0x000000070ec00000|
| 237|0x000000070ed00000, 0x000000070ee00000, 0x000000070ee00000|100%| E|CS|TS 13|AC  0|TAMS 0x000000070ed00000, 0x000000070ed00000|
| 238|0x000000070ee00000, 0x000000070ef00000, 0x000000070ef00000|100%| E|CS|TS 13|AC  0|TAMS 0x000000070ee00000, 0x000000070ee00000|
| 239|0x000000070ef00000, 0x000000070f000000, 0x000000070f000000|100%| E|CS|TS 13|AC  0|TAMS 0x000000070ef00000, 0x000000070ef00000|
| 240|0x000000070f000000, 0x000000070f100000, 0x000000070f100000|100%| E|CS|TS 13|AC  0|TAMS 0x000000070f000000, 0x000000070f000000|
| 241|0x000000070f100000, 0x000000070f200000, 0x000000070f200000|100%| E|CS|TS 13|AC  0|TAMS 0x000000070f100000, 0x000000070f100000|

Card table byte_map: [0x00000240231b0000,0x00000240237b0000] byte_map_base: 0x000002401f9b0000

Marking Bits (Prev, Next): (CMBitMap*) 0x000002403096f5c0, (CMBitMap*) 0x000002403096f5f8
 Prev Bits: [0x0000024023db0000, 0x0000024026db0000)
 Next Bits: [0x0000024026db0000, 0x0000024029db0000)

Polling page: 0x0000024010e20000

CodeHeap 'non-profiled nmethods': size=120064Kb used=23115Kb max_used=23115Kb free=96948Kb
 bounds [0x000002403ae00000, 0x000002403c4c0000, 0x0000024042340000]
CodeHeap 'profiled nmethods': size=120000Kb used=46038Kb max_used=46038Kb free=73961Kb
 bounds [0x00000240338d0000, 0x0000024036620000, 0x000002403ae00000]
CodeHeap 'non-nmethods': size=5696Kb used=1806Kb max_used=1851Kb free=3889Kb
 bounds [0x0000024033340000, 0x00000240335b0000, 0x00000240338d0000]
 total_blobs=35999 nmethods=19112 adapters=1140
 compilation: enabled

Compilation events (10 events):
Event: 4370.300 Thread 0x0000024030352800 25310       3       ui.views.waveform.d.a::jCG (17 bytes)
Event: 4370.300 Thread 0x0000024030352800 nmethod 25310 0x0000024036610d10 code [0x0000024036610ee0, 0x00000240366111e0]
Event: 4370.301 Thread 0x0000024030352800 25311       3       ui.frmwork.c.p::gPM (128 bytes)
Event: 4370.303 Thread 0x0000024030352800 nmethod 25311 0x0000024036611310 code [0x0000024036611660, 0x0000024036613280]
Event: 4370.326 Thread 0x00000240163d4000 25312   !   4       jdk.internal.reflect.GeneratedMethodAccessor3::invoke (49 bytes)
Event: 4370.328 Thread 0x00000240163d4000 nmethod 25312 0x000002403c0eb690 code [0x000002403c0eb840, 0x000002403c0eb998]
Event: 4370.328 Thread 0x0000024030352800 25313       3       de.javasoft.plaf.synthetica.styles.InternalFrameStyle::getStyle (33 bytes)
Event: 4370.329 Thread 0x0000024030352800 nmethod 25313 0x0000024036613990 code [0x0000024036613b80, 0x0000024036614110]
Event: 4370.356 Thread 0x00000240163d3800 25314       4       com.jidesoft.swing.GradientCache::cleanOldCacheEntries (115 bytes)
Event: 4370.381 Thread 0x00000240163d3800 nmethod 25314 0x000002403c0ea110 code [0x000002403c0ea2e0, 0x000002403c0eb438]

GC Heap History (10 events):
Event: 4364.107 GC heap before
{Heap before GC invocations=341 (full 46):
 garbage-first heap   total 247808K, used 145873K [0x0000000700000000, 0x0000000700100790, 0x00000007c0000000)
  region size 1024K, 60 young (61440K), 1 survivors (1024K)
 Metaspace       used 90741K, capacity 94513K, committed 98556K, reserved 1132544K
  class space    used 13019K, capacity 13724K, committed 14588K, reserved 1048576K
}
Event: 4364.111 GC heap after
{Heap after GC invocations=342 (full 46):
 garbage-first heap   total 247808K, used 85894K [0x0000000700000000, 0x0000000700100790, 0x00000007c0000000)
  region size 1024K, 1 young (1024K), 1 survivors (1024K)
 Metaspace       used 90741K, capacity 94513K, committed 98556K, reserved 1132544K
  class space    used 13019K, capacity 13724K, committed 14588K, reserved 1048576K
}
Event: 4365.623 GC heap before
{Heap before GC invocations=342 (full 46):
 garbage-first heap   total 247808K, used 146310K [0x0000000700000000, 0x0000000700100790, 0x00000007c0000000)
  region size 1024K, 60 young (61440K), 1 survivors (1024K)
 Metaspace       used 90762K, capacity 94577K, committed 98556K, reserved 1132544K
  class space    used 13019K, capacity 13724K, committed 14588K, reserved 1048576K
}
Event: 4365.627 GC heap after
{Heap after GC invocations=343 (full 46):
 garbage-first heap   total 247808K, used 85951K [0x0000000700000000, 0x0000000700100790, 0x00000007c0000000)
  region size 1024K, 1 young (1024K), 1 survivors (1024K)
 Metaspace       used 90762K, capacity 94577K, committed 98556K, reserved 1132544K
  class space    used 13019K, capacity 13724K, committed 14588K, reserved 1048576K
}
Event: 4366.827 GC heap before
{Heap before GC invocations=343 (full 46):
 garbage-first heap   total 247808K, used 146367K [0x0000000700000000, 0x0000000700100790, 0x00000007c0000000)
  region size 1024K, 60 young (61440K), 1 survivors (1024K)
 Metaspace       used 90781K, capacity 94641K, committed 98812K, reserved 1134592K
  class space    used 13019K, capacity 13724K, committed 14588K, reserved 1048576K
}
Event: 4366.830 GC heap after
{Heap after GC invocations=344 (full 46):
 garbage-first heap   total 247808K, used 85936K [0x0000000700000000, 0x0000000700100790, 0x00000007c0000000)
  region size 1024K, 1 young (1024K), 1 survivors (1024K)
 Metaspace       used 90781K, capacity 94641K, committed 98812K, reserved 1134592K
  class space    used 13019K, capacity 13724K, committed 14588K, reserved 1048576K
}
Event: 4369.089 GC heap before
{Heap before GC invocations=344 (full 46):
 garbage-first heap   total 247808K, used 146352K [0x0000000700000000, 0x0000000700100790, 0x00000007c0000000)
  region size 1024K, 60 young (61440K), 1 survivors (1024K)
 Metaspace       used 90784K, capacity 94641K, committed 98812K, reserved 1134592K
  class space    used 13019K, capacity 13724K, committed 14588K, reserved 1048576K
}
Event: 4369.094 GC heap after
{Heap after GC invocations=345 (full 46):
 garbage-first heap   total 247808K, used 86235K [0x0000000700000000, 0x0000000700100790, 0x00000007c0000000)
  region size 1024K, 1 young (1024K), 1 survivors (1024K)
 Metaspace       used 90784K, capacity 94641K, committed 98812K, reserved 1134592K
  class space    used 13019K, capacity 13724K, committed 14588K, reserved 1048576K
}
Event: 4370.187 GC heap before
{Heap before GC invocations=345 (full 46):
 garbage-first heap   total 247808K, used 146651K [0x0000000700000000, 0x0000000700100790, 0x00000007c0000000)
  region size 1024K, 60 young (61440K), 1 survivors (1024K)
 Metaspace       used 90786K, capacity 94641K, committed 98812K, reserved 1134592K
  class space    used 13019K, capacity 13724K, committed 14588K, reserved 1048576K
}
Event: 4370.191 GC heap after
{Heap after GC invocations=346 (full 46):
 garbage-first heap   total 247808K, used 86144K [0x0000000700000000, 0x0000000700100790, 0x00000007c0000000)
  region size 1024K, 1 young (1024K), 1 survivors (1024K)
 Metaspace       used 90786K, capacity 94641K, committed 98812K, reserved 1134592K
  class space    used 13019K, capacity 13724K, committed 14588K, reserved 1048576K
}

Deoptimization events (10 events):
Event: 4329.677 Thread 0x000002404bbf7800 Uncommon trap: reason=unstable_if action=reinterpret pc=0x000002403be77eec method=com.jidesoft.editor.CodeEditor.setFirstLine(I)V @ 81 c2
Event: 4334.173 Thread 0x000002404bbf7800 Uncommon trap: reason=bimorphic_or_optimized_type_check action=maybe_recompile pc=0x000002403c1c7144 method=javax.swing.text.AbstractDocument.insertString(ILjava/lang/String;Ljavax/swing/text/AttributeSet;)V @ 14 c2
Event: 4335.250 Thread 0x000002404bbf7800 Uncommon trap: reason=class_check action=maybe_recompile pc=0x000002403bd49320 method=com.jidesoft.action.a.getUnsupportedComponents()Ljava/util/List; @ 121 c2
Event: 4335.382 Thread 0x000002404bbf7800 Uncommon trap: reason=bimorphic_or_optimized_type_check action=maybe_recompile pc=0x000002403b86ba08 method=javax.swing.text.FlowView$FlowStrategy.layoutRow(Ljavax/swing/text/FlowView;II)I @ 137 c2
Event: 4335.382 Thread 0x000002404bbf7800 Uncommon trap: reason=bimorphic_or_optimized_type_check action=maybe_recompile pc=0x000002403b86ba08 method=javax.swing.text.FlowView$FlowStrategy.layoutRow(Ljavax/swing/text/FlowView;II)I @ 137 c2
Event: 4335.696 Thread 0x000002404bbf7800 Uncommon trap: reason=unstable_if action=reinterpret pc=0x000002403ba8b32c method=java.awt.GradientPaintContext.getCachedRaster(Ljava/awt/image/ColorModel;II)Ljava/awt/image/Raster; @ 32 c2
Event: 4336.187 Thread 0x00000240313a0800 Uncommon trap: reason=unstable_if action=reinterpret pc=0x000002403b99c128 method=ui.data.common.N.finalize()V @ 6 c2
Event: 4338.242 Thread 0x000002404bbf7800 Uncommon trap: reason=unstable_if action=reinterpret pc=0x000002403c3ddd18 method=ui.data.p.b.b.a.b.j(Lui/data/p/a;)Ljava/awt/Paint; @ 4 c2
Event: 4345.121 Thread 0x000002404bbf7800 Uncommon trap: reason=unstable_if action=reinterpret pc=0x000002403b7da704 method=ui.frmwork.b.d.a(Ljava/awt/AWTEvent;)V @ 91 c2
Event: 4367.143 Thread 0x000002404bbf7800 Uncommon trap: reason=class_check action=maybe_recompile pc=0x000002403bd46d44 method=de.javasoft.synthetica.plain.GraphicsUtils.paintText(Ljavax/swing/plaf/synth/SynthContext;Ljava/awt/Graphics;Ljava/lang/String;III)V @ 156 c2

Classes redefined (0 events):
No events

Internal exceptions (10 events):
Event: 4349.693 Thread 0x000002404bbf7800 Exception <a 'java/io/FileNotFoundException'{0x000000070f122858}> (0x000000070f122858) thrown at [t:/workspace/hotspot/src/share/vm/prims/jni.cpp, line 604]
Event: 4349.693 Thread 0x000002404bbf7800 Exception <a 'java/io/FileNotFoundException'{0x000000070f122f68}> (0x000000070f122f68) thrown at [t:/workspace/hotspot/src/share/vm/prims/jni.cpp, line 604]
Event: 4354.692 Thread 0x000002404bbf7800 Exception <a 'java/io/FileNotFoundException'{0x000000070f151230}> (0x000000070f151230) thrown at [t:/workspace/hotspot/src/share/vm/prims/jni.cpp, line 604]
Event: 4354.693 Thread 0x000002404bbf7800 Exception <a 'java/io/FileNotFoundException'{0x000000070f151940}> (0x000000070f151940) thrown at [t:/workspace/hotspot/src/share/vm/prims/jni.cpp, line 604]
Event: 4359.694 Thread 0x000002404bbf7800 Exception <a 'java/io/FileNotFoundException'{0x000000070e26d7e8}> (0x000000070e26d7e8) thrown at [t:/workspace/hotspot/src/share/vm/prims/jni.cpp, line 604]
Event: 4359.694 Thread 0x000002404bbf7800 Exception <a 'java/io/FileNotFoundException'{0x000000070e26def8}> (0x000000070e26def8) thrown at [t:/workspace/hotspot/src/share/vm/prims/jni.cpp, line 604]
Event: 4364.698 Thread 0x000002404bbf7800 Exception <a 'java/io/FileNotFoundException'{0x000000070c6fd0a0}> (0x000000070c6fd0a0) thrown at [t:/workspace/hotspot/src/share/vm/prims/jni.cpp, line 604]
Event: 4364.698 Thread 0x000002404bbf7800 Exception <a 'java/io/FileNotFoundException'{0x000000070c6fd7b0}> (0x000000070c6fd7b0) thrown at [t:/workspace/hotspot/src/share/vm/prims/jni.cpp, line 604]
Event: 4369.696 Thread 0x000002404bbf7800 Exception <a 'java/io/FileNotFoundException'{0x000000070db44f50}> (0x000000070db44f50) thrown at [t:/workspace/hotspot/src/share/vm/prims/jni.cpp, line 604]
Event: 4369.696 Thread 0x000002404bbf7800 Exception <a 'java/io/FileNotFoundException'{0x000000070db45660}> (0x000000070db45660) thrown at [t:/workspace/hotspot/src/share/vm/prims/jni.cpp, line 604]

Events (10 events):
Event: 4369.089 Executing VM operation: G1IncCollectionPause
Event: 4369.094 Executing VM operation: G1IncCollectionPause done
Event: 4369.711 Thread 0x000002402dbad000 Thread added: 0x000002402dbad000
Event: 4369.714 Thread 0x000002402dbad000 Thread exited: 0x000002402dbad000
Event: 4370.187 Executing VM operation: G1IncCollectionPause
Event: 4370.191 Executing VM operation: G1IncCollectionPause done
Event: 4370.192 Executing VM operation: RevokeBias
Event: 4370.192 Executing VM operation: RevokeBias done
Event: 4370.192 Executing VM operation: RevokeBias
Event: 4370.192 Executing VM operation: RevokeBias done


Dynamic libraries:
0x00007ff698e70000 - 0x00007ff698ea0000 	D:\Softwares_OS\Xilinx\Vivado\2020.1\bin\unwrapped\win64.o\vivado.exe
0x00007ffc80880000 - 0x00007ffc80a70000 	C:\Windows\SYSTEM32\ntdll.dll
0x00007ffc7fad0000 - 0x00007ffc7fb82000 	C:\Windows\System32\KERNEL32.DLL
0x00007ffc7e650000 - 0x00007ffc7e8f5000 	C:\Windows\System32\KERNELBASE.dll
0x00007ffc7e1e0000 - 0x00007ffc7e2da000 	C:\Windows\System32\ucrtbase.dll
0x00007ffc75500000 - 0x00007ffc75514000 	D:\Softwares_OS\Xilinx\Vivado\2020.1\lib\win64.o\libboost_signals.dll
0x00007ffc1f7c0000 - 0x00007ffc20886000 	D:\Softwares_OS\Xilinx\Vivado\2020.1\lib\win64.o\librdi_common.dll
0x00007ffc731a0000 - 0x00007ffc731ba000 	D:\Softwares_OS\Xilinx\Vivado\2020.1\lib\win64.o\librdi_commonmain.dll
0x00007ffc7fb90000 - 0x00007ffc7fd24000 	C:\Windows\System32\USER32.dll
0x00007ffc57b10000 - 0x00007ffc57ba9000 	C:\Windows\SYSTEM32\MSVCP140.dll
0x00007ffc7e620000 - 0x00007ffc7e641000 	C:\Windows\System32\win32u.dll
0x00007ffc6fd50000 - 0x00007ffc6fd67000 	C:\Windows\SYSTEM32\VCRUNTIME140.dll
0x00007ffc7ea50000 - 0x00007ffc7ea76000 	C:\Windows\System32\GDI32.dll
0x00007ffc7e040000 - 0x00007ffc7e1d6000 	C:\Windows\System32\gdi32full.dll
0x00007ffc7e560000 - 0x00007ffc7e5fe000 	C:\Windows\System32\msvcp_win.dll
0x00007ffc7fdf0000 - 0x00007ffc7fe93000 	C:\Windows\System32\ADVAPI32.dll
0x00007ffc446c0000 - 0x00007ffc44a2e000 	D:\Softwares_OS\Xilinx\Vivado\2020.1\lib\win64.o\libCOIN-all.dll
0x00007ffc7f2d0000 - 0x00007ffc7f36e000 	C:\Windows\System32\msvcrt.dll
0x00007ffc692a0000 - 0x00007ffc692b4000 	D:\Softwares_OS\Xilinx\Vivado\2020.1\lib\win64.o\libboost_date_time.dll
0x00007ffc7fd40000 - 0x00007ffc7fdd7000 	C:\Windows\System32\sechost.dll
0x00007ffc7e930000 - 0x00007ffc7ea50000 	C:\Windows\System32\RPCRT4.dll
0x00007ffc68d70000 - 0x00007ffc68d96000 	D:\Softwares_OS\Xilinx\Vivado\2020.1\lib\win64.o\libboost_filesystem.dll
0x00007ffc7ebe0000 - 0x00007ffc7f2c7000 	C:\Windows\System32\SHELL32.dll
0x00007ffc7d860000 - 0x00007ffc7d8aa000 	C:\Windows\System32\cfgmgr32.dll
0x00007ffc4a4b0000 - 0x00007ffc4a52f000 	D:\Softwares_OS\Xilinx\Vivado\2020.1\lib\win64.o\libboost_program_options.dll
0x00007ffc7f8f0000 - 0x00007ffc7f999000 	C:\Windows\System32\shcore.dll
0x00007ffc3f190000 - 0x00007ffc3f2a4000 	D:\Softwares_OS\Xilinx\Vivado\2020.1\lib\win64.o\libboost_regex.dll
0x00007ffc801f0000 - 0x00007ffc80525000 	C:\Windows\System32\combase.dll
0x00007ffc7e430000 - 0x00007ffc7e4b0000 	C:\Windows\System32\bcryptPrimitives.dll
0x00007ffc7d8b0000 - 0x00007ffc7e031000 	C:\Windows\System32\windows.storage.dll
0x00007ffc76d90000 - 0x00007ffc76d9b000 	D:\Softwares_OS\Xilinx\Vivado\2020.1\lib\win64.o\libboost_system.dll
0x00007ffc7d790000 - 0x00007ffc7d7b3000 	C:\Windows\System32\profapi.dll
0x00007ffc7d740000 - 0x00007ffc7d78a000 	C:\Windows\System32\powrprof.dll
0x00007ffc7d730000 - 0x00007ffc7d740000 	C:\Windows\System32\UMPDC.dll
0x00007ffc74710000 - 0x00007ffc7471f000 	D:\Softwares_OS\Xilinx\Vivado\2020.1\lib\win64.o\libboost_xilinx.dll
0x00007ffc7eb80000 - 0x00007ffc7ebd2000 	C:\Windows\System32\shlwapi.dll
0x00007ffc7d7c0000 - 0x00007ffc7d7d1000 	C:\Windows\System32\kernel.appcore.dll
0x00007ffc66f10000 - 0x00007ffc66f31000 	D:\Softwares_OS\Xilinx\Vivado\2020.1\lib\win64.o\libboost_thread.dll
0x00007ffc7e600000 - 0x00007ffc7e617000 	C:\Windows\System32\cryptsp.dll
0x00007ffc80180000 - 0x00007ffc801ef000 	C:\Windows\System32\WS2_32.dll
0x00007ffc3ce60000 - 0x00007ffc3cf05000 	D:\Softwares_OS\Xilinx\Vivado\2020.1\lib\win64.o\libhdxml.dll
0x00007ffc7e900000 - 0x00007ffc7e926000 	C:\Windows\System32\bcrypt.dll
0x00007ffc1eb00000 - 0x00007ffc1f7b5a00 	D:\Softwares_OS\Xilinx\Vivado\2020.1\lib\win64.o\libisl_iostreams.dll
0x00007ffc66ee0000 - 0x00007ffc66f0e000 	D:\Softwares_OS\Xilinx\Vivado\2020.1\lib\win64.o\libisl_sysinfo.dll
0x00007ffc43d30000 - 0x00007ffc43db2000 	D:\Softwares_OS\Xilinx\Vivado\2020.1\lib\win64.o\libhdlpsolve.dll
0x00007ffc44650000 - 0x00007ffc446b5000 	D:\Softwares_OS\Xilinx\Vivado\2020.1\lib\win64.o\liblmx6.0.dll
0x00007ffc66340000 - 0x00007ffc6635a000 	D:\Softwares_OS\Xilinx\Vivado\2020.1\lib\win64.o\pthreadVC2.dll
0x00007ffc64b30000 - 0x00007ffc64b51000 	D:\Softwares_OS\Xilinx\Vivado\2020.1\lib\win64.o\librdizlib.dll
0x0000000056a70000 - 0x0000000056b9b000 	D:\Softwares_OS\Xilinx\Vivado\2020.1\lib\win64.o\tcl85t.dll
0x00007ffc64ae0000 - 0x00007ffc64afc000 	D:\Softwares_OS\Xilinx\Vivado\2020.1\lib\win64.o\librdiconfig.dll
0x0000000012000000 - 0x0000000012270000 	D:\Softwares_OS\Xilinx\Vivado\2020.1\lib\win64.o\xerces-c_3_1.dll
0x00007ffc73380000 - 0x00007ffc7338a000 	D:\Softwares_OS\Xilinx\Vivado\2020.1\lib\win64.o\librdi_commonversion.dll
0x00007ffc300d0000 - 0x00007ffc30271000 	D:\Softwares_OS\Xilinx\Vivado\2020.1\lib\win64.o\librdi_commonxillic.dll
0x00007ffc63bc0000 - 0x00007ffc63bd7000 	C:\Windows\SYSTEM32\NETAPI32.dll
0x00007ffc78b60000 - 0x00007ffc78c50000 	C:\Windows\SYSTEM32\WINHTTP.dll
0x00007ffc70000000 - 0x00007ffc704d5000 	C:\Windows\SYSTEM32\WININET.dll
0x00007ffc6c030000 - 0x00007ffc6c206000 	C:\Windows\SYSTEM32\urlmon.dll
0x00007ffc72980000 - 0x00007ffc7298d000 	D:\Softwares_OS\Xilinx\Vivado\2020.1\lib\win64.o\libboost_chrono.dll
0x00007ffc6c8b0000 - 0x00007ffc6c8b9000 	C:\Windows\SYSTEM32\WSOCK32.dll
0x00007ffc63ce0000 - 0x00007ffc63d08000 	C:\Windows\SYSTEM32\VCOMP140.DLL
0x00007ffc189d0000 - 0x00007ffc19861000 	D:\Softwares_OS\Xilinx\Vivado\2020.1\lib\win64.o\gurobi65.dll
0x00007ffc64ac0000 - 0x00007ffc64adb000 	D:\Softwares_OS\Xilinx\Vivado\2020.1\lib\win64.o\libboost_iostreams.dll
0x00007ffc617a0000 - 0x00007ffc617c5000 	D:\Softwares_OS\Xilinx\Vivado\2020.1\lib\win64.o\libisl_iosutils.dll
0x00007ffc6b640000 - 0x00007ffc6b8e7000 	C:\Windows\SYSTEM32\iertutil.dll
0x00007ffc2df30000 - 0x00007ffc2e20b000 	D:\Softwares_OS\Xilinx\Vivado\2020.1\lib\win64.o\libXil_lmgr11.dll
0x00007ffc7f9a0000 - 0x00007ffc7fa70000 	C:\Windows\System32\COMDLG32.dll
0x00007ffc7d0b0000 - 0x00007ffc7d0bc000 	C:\Windows\SYSTEM32\CRYPTBASE.DLL
0x00007ffc7ff40000 - 0x00007ffc80005000 	C:\Windows\System32\OLEAUT32.dll
0x00007ffc772e0000 - 0x00007ffc77389000 	C:\Windows\WinSxS\amd64_microsoft.windows.common-controls_6595b64144ccf1df_5.82.18362.1198_none_73b37520d815d61e\COMCTL32.dll
0x00007ffc806e0000 - 0x00007ffc80837000 	C:\Windows\System32\ole32.dll
0x00007ffc7d800000 - 0x00007ffc7d85c000 	C:\Windows\System32\WINTRUST.dll
0x00007ffc7d7e0000 - 0x00007ffc7d7f2000 	C:\Windows\System32\MSASN1.dll
0x00007ffc7e2e0000 - 0x00007ffc7e429000 	C:\Windows\System32\CRYPT32.dll
0x00007ffc76a20000 - 0x00007ffc76a3c000 	C:\Windows\SYSTEM32\dhcpcsvc.DLL
0x00007ffc7ea80000 - 0x00007ffc7ea88000 	C:\Windows\System32\NSI.dll
0x00007ffc7cd60000 - 0x00007ffc7cd6c000 	C:\Windows\SYSTEM32\NETUTILS.DLL
0x00007ffc7cf30000 - 0x00007ffc7cf97000 	C:\Windows\SYSTEM32\MSWSOCK.DLL
0x00007ffc80150000 - 0x00007ffc8017e000 	C:\Windows\System32\IMM32.DLL
0x00007ffc1e600000 - 0x00007ffc1eafc000 	D:\Softwares_OS\Xilinx\Vivado\2020.1\lib\win64.o\librdi_commontasks.dll
0x00007ffc1e050000 - 0x00007ffc1e334000 	D:\Softwares_OS\Xilinx\Vivado\2020.1\lib\win64.o\librdi_sio.dll
0x00007ffc777f0000 - 0x00007ffc777fa000 	C:\Windows\SYSTEM32\VERSION.dll
0x00007ffc7cc50000 - 0x00007ffc7cc8a000 	C:\Windows\SYSTEM32\IPHLPAPI.DLL
0x0000000054a30000 - 0x0000000055455000 	D:\Softwares_OS\Xilinx\Vivado\2020.1\tps\win64\jre9.0.4\bin\server\jvm.dll
0x00007ffc7fd30000 - 0x00007ffc7fd38000 	C:\Windows\System32\PSAPI.DLL
0x00007ffc73700000 - 0x00007ffc73724000 	C:\Windows\SYSTEM32\WINMM.dll
0x00007ffc707e0000 - 0x00007ffc708cf000 	C:\Windows\SYSTEM32\MSVCR120.dll
0x00007ffc736d0000 - 0x00007ffc736fd000 	C:\Windows\SYSTEM32\WINMMBASE.dll
0x00007ffc16330000 - 0x00007ffc189c5000 	D:\Softwares_OS\Xilinx\Vivado\2020.1\lib\win64.o\librdi_tcltasks.dll
0x00007ffc3cde0000 - 0x00007ffc3ce5b000 	D:\Softwares_OS\Xilinx\Vivado\2020.1\lib\win64.o\librdi_boarddep.dll
0x00007ffc1db80000 - 0x00007ffc1e046000 	D:\Softwares_OS\Xilinx\Vivado\2020.1\lib\win64.o\librdi_bitstream.dll
0x00007ffc2e530000 - 0x00007ffc2e6e3000 	D:\Softwares_OS\Xilinx\Vivado\2020.1\lib\win64.o\librdi_board.dll
0x00007ffc3b870000 - 0x00007ffc3b966000 	D:\Softwares_OS\Xilinx\Vivado\2020.1\lib\win64.o\librdi_chipscope.dll
0x00007ffc2a030000 - 0x00007ffc2a1f1000 	D:\Softwares_OS\Xilinx\Vivado\2020.1\lib\win64.o\librdi_chipscopeimpl.dll
0x00007ffc30330000 - 0x00007ffc3048b000 	D:\Softwares_OS\Xilinx\Vivado\2020.1\lib\win64.o\librdi_containers.dll
0x00007ffc11eb0000 - 0x00007ffc12589000 	D:\Softwares_OS\Xilinx\Vivado\2020.1\lib\win64.o\librdi_coregenipxact.dll
0x00007ffc14700000 - 0x00007ffc1632a000 	D:\Softwares_OS\Xilinx\Vivado\2020.1\lib\win64.o\librdi_constraints.dll
0x00007ffc08110000 - 0x00007ffc0c43e000 	D:\Softwares_OS\Xilinx\Vivado\2020.1\lib\win64.o\librdi_designutils.dll
0x00007ffc1d830000 - 0x00007ffc1db7b000 	D:\Softwares_OS\Xilinx\Vivado\2020.1\lib\win64.o\librdi_dlyest.dll
0x00007ffc12590000 - 0x00007ffc146fd000 	D:\Softwares_OS\Xilinx\Vivado\2020.1\lib\win64.o\librdi_coregen.dll
0x00007ffc30a70000 - 0x00007ffc30b34000 	D:\Softwares_OS\Xilinx\Vivado\2020.1\lib\win64.o\librdi_dsp.dll
0x00007ffc11890000 - 0x00007ffc11eae000 	D:\Softwares_OS\Xilinx\Vivado\2020.1\lib\win64.o\librdi_drc.dll
0x00007ffc11200000 - 0x00007ffc11886000 	D:\Softwares_OS\Xilinx\Vivado\2020.1\lib\win64.o\librdi_filemgmt.dll
0x00007ffc37610000 - 0x00007ffc37687000 	D:\Softwares_OS\Xilinx\Vivado\2020.1\lib\win64.o\librdi_hdf.dll
0x00007ffc10ee0000 - 0x00007ffc111fc000 	D:\Softwares_OS\Xilinx\Vivado\2020.1\lib\win64.o\librdi_guitools.dll
0x00007ffc2f650000 - 0x00007ffc2f798000 	D:\Softwares_OS\Xilinx\Vivado\2020.1\lib\win64.o\librdi_hip_perf_analysis.dll
0x00007ffbe9d80000 - 0x00007ffc01c50000 	D:\Softwares_OS\Xilinx\Vivado\2020.1\lib\win64.o\librdi_device.dll
0x00007ffc108a0000 - 0x00007ffc10ede000 	D:\Softwares_OS\Xilinx\Vivado\2020.1\lib\win64.o\librdi_memdata.dll
0x00007ffc35a00000 - 0x00007ffc35a74000 	D:\Softwares_OS\Xilinx\Vivado\2020.1\lib\win64.o\librdi_memoryarray.dll
0x00007ffc0ef50000 - 0x00007ffc1089a000 	D:\Softwares_OS\Xilinx\Vivado\2020.1\lib\win64.o\librdi_implflow.dll
0x00007ffc1d5d0000 - 0x00007ffc1d825000 	D:\Softwares_OS\Xilinx\Vivado\2020.1\lib\win64.o\librdi_hip_devdesign.dll
0x00007ffc07a00000 - 0x00007ffc08103000 	D:\Softwares_OS\Xilinx\Vivado\2020.1\lib\win64.o\librdi_netlist.dll
0x00007ffc0ebf0000 - 0x00007ffc0ef41000 	D:\Softwares_OS\Xilinx\Vivado\2020.1\lib\win64.o\librdi_platform.dll
0x00007ffc613f0000 - 0x00007ffc6143e000 	D:\Softwares_OS\Xilinx\Vivado\2020.1\lib\win64.o\librdi_pfi.dll
0x00007ffc071c0000 - 0x00007ffc079f4000 	D:\Softwares_OS\Xilinx\Vivado\2020.1\lib\win64.o\librdi_power.dll
0x00007ffc06bc0000 - 0x00007ffc071b5000 	D:\Softwares_OS\Xilinx\Vivado\2020.1\lib\win64.o\librdi_project.dll
0x00007ffbe7200000 - 0x00007ffbe9d71000 	D:\Softwares_OS\Xilinx\Vivado\2020.1\lib\win64.o\librdi_place.dll
0x00007ffc06480000 - 0x00007ffc06bbc000 	D:\Softwares_OS\Xilinx\Vivado\2020.1\lib\win64.o\librdi_psta.dll
0x00007ffc05d10000 - 0x00007ffc0647f000 	D:\Softwares_OS\Xilinx\Vivado\2020.1\lib\win64.o\librdi_rsb.dll
0x00007ffc2ffc0000 - 0x00007ffc300c8000 	D:\Softwares_OS\Xilinx\Vivado\2020.1\lib\win64.o\librdi_runsbase.dll
0x00007ffc05870000 - 0x00007ffc05d0a000 	D:\Softwares_OS\Xilinx\Vivado\2020.1\lib\win64.o\librdi_runs.dll
0x00007ffc0e970000 - 0x00007ffc0ebe5000 	D:\Softwares_OS\Xilinx\Vivado\2020.1\lib\win64.o\librdi_simdata.dll
0x00007ffc2ee90000 - 0x00007ffc2ef8f000 	D:\Softwares_OS\Xilinx\Vivado\2020.1\lib\win64.o\librdi_xhub.dll
0x00007ffc30660000 - 0x00007ffc30708000 	D:\Softwares_OS\Xilinx\Vivado\2020.1\lib\win64.o\librdi_xhubtasks.dll
0x00007ffc05690000 - 0x00007ffc05863000 	D:\Softwares_OS\Xilinx\Vivado\2020.1\lib\win64.o\librdi_advchipscopeimpl.dll
0x00007ffbe62f0000 - 0x00007ffbe71fa000 	D:\Softwares_OS\Xilinx\Vivado\2020.1\lib\win64.o\librdi_timing.dll
0x00007ffc02400000 - 0x00007ffc05277000 	D:\Softwares_OS\Xilinx\Vivado\2020.1\lib\win64.o\librdi_mig.dll
0x00007ffc53620000 - 0x00007ffc5366c000 	D:\Softwares_OS\Xilinx\Vivado\2020.1\lib\win64.o\libboost_serialization.dll
0x00007ffc3f120000 - 0x00007ffc3f18c000 	D:\Softwares_OS\Xilinx\Vivado\2020.1\lib\win64.o\librdi_noc_frameworks.dll

VM Arguments:
jvm_args: -Dsun.java2d.pmoffscreen=false -Dsun.java2d.xrender=false -Dsun.java2d.d3d=false -Dsun.awt.nopixfmt=true -Dsun.java2d.dpiaware=true -Dsun.java2d.uiScale.enabled=false -Xverify:none -Dswing.aatext=true -XX:-UsePerfData -Djdk.map.althashing.threshold=512 -XX:StringTableSize=4072 --add-opens=java.base/java.nio=ALL-UNNAMED --add-opens=java.desktop/sun.swing=ALL-UNNAMED --add-opens=java.desktop/javax.swing=ALL-UNNAMED --add-opens=java.desktop/javax.swing.tree=ALL-UNNAMED --add-opens=java.desktop/javax.swing.plaf.basic=ALL-UNNAMED --add-opens=java.desktop/javax.swing.plaf.synth=ALL-UNNAMED --add-opens=java.desktop/com.sun.awt=ALL-UNNAMED -XX:NewSize=60m -XX:MaxNewSize=60m -Xms128m -Xmx3072m -Xss5m 
java_command: <unknown>
java_class_path (initial): D:/Softwares_OS/Xilinx/Vivado/2020.1\lib\classes\alloy.jar;D:/Softwares_OS/Xilinx/Vivado/2020.1\lib\classes\ArchiveSummary.jar;D:/Softwares_OS/Xilinx/Vivado/2020.1\lib\classes\autoesl-models.jar;D:/Softwares_OS/Xilinx/Vivado/2020.1\lib\classes\autopilot.scelaborator.jar;D:/Softwares_OS/Xilinx/Vivado/2020.1\lib\classes\autopilot.sourceprocessor.jar;D:/Softwares_OS/Xilinx/Vivado/2020.1\lib\classes\autopilot.tbprocessor.jar;D:/Softwares_OS/Xilinx/Vivado/2020.1\lib\classes\batik-anim.jar;D:/Softwares_OS/Xilinx/Vivado/2020.1\lib\classes\batik-awt-util.jar;D:/Softwares_OS/Xilinx/Vivado/2020.1\lib\classes\batik-bridge.jar;D:/Softwares_OS/Xilinx/Vivado/2020.1\lib\classes\batik-codec.jar;D:/Softwares_OS/Xilinx/Vivado/2020.1\lib\classes\batik-css.jar;D:/Softwares_OS/Xilinx/Vivado/2020.1\lib\classes\batik-dom.jar;D:/Softwares_OS/Xilinx/Vivado/2020.1\lib\classes\batik-ext.jar;D:/Softwares_OS/Xilinx/Vivado/2020.1\lib\classes\batik-gui-util.jar;D:/Softwares_OS/Xilinx/Vivado/2020.1\lib\classes\batik-gvt.jar;D:/Softwares_OS/Xilinx/Vivado/2020.1\lib\classes\batik-parser.jar;D:/Softwares_OS/Xilinx/Vivado/2020.1\lib\classes\batik-script.jar;D:/Softwares_OS/Xilinx/Vivado/2020.1\lib\classes\batik-svg-dom.jar;D:/Softwares_OS/Xilinx/Vivado/2020.1\lib\classes\batik-swing.jar;D:/Softwares_OS/Xilinx/Vivado/2020.1\lib\classes\batik-transcoder.jar;D:/Softwares_OS/Xilinx/Vivado/2020.1\lib\classes\batik-util.jar;D:/Softwares_OS/Xilinx/Vivado/2020.1\lib\classes\batik-xml.jar;D:/Softwares_OS/Xilinx/Vivado/2020.1\lib\classes\com.google.gson_2.8.2.v20180104-1110.jar;D:/Softwares_OS/Xilinx/Vivado/2020.1\lib\classes\com.google.guava_27.1.0.v20190517-1946.jar;D:/Softwares_OS/Xilinx/Vivado/2020.1\lib\classes\com.ibm.icu_4.4.2.v20110208.jar;D:/Softwares_OS/Xilinx/Vivado/2020.1\lib\classes\com.sigasi.hdt.connection_4.8.0.202004151336.jar;D:/Softwares_OS/Xilinx/Vivado/2020.1\lib\classes\com.sigasi.hdt.epl_4.8.0.202004151336.jar;D:/Softwares_OS/Xilinx/Vivado/2020.1\lib\classes\c
Launcher Type: generic

Logging:
Log output configuration:
#0: stdout all=warning uptime,level,tags
#1: stderr all=off uptime,level,tags

Environment Variables:
PATH=D:/Softwares_OS/Xilinx/Vivado/2020.1/bin;D:/Softwares_OS/Xilinx/Vivado/2020.1/lib/win64.o;D:/Softwares_OS/Xilinx/Vivado/2020.1/tps/win64/jre9.0.4/bin/server;D:/Softwares_OS/Xilinx/Vivado/2020.1/tps/win64/jre9.0.4/bin;D:/Softwares_OS/Xilinx/Vivado/2020.1/ids_lite/ISE/bin/nt64;D:/Softwares_OS/Xilinx/Vivado/2020.1/ids_lite/ISE/lib/nt64;C:\Program Files (x86)\Common Files\Oracle\Java\javapath;C:\Windows\system32;C:\Windows;C:\Windows\System32\Wbem;C:\Windows\System32\WindowsPowerShell\v1.0\;C:\Windows\System32\OpenSSH\;C:\Program Files\Microsoft VS Code\bin;D:\Softwares_OS\Git\cmd;C:\Program Files\dotnet\;C:\Program Files\Microsoft SQL Server\130\Tools\Binn\;C:\Program Files\Microsoft SQL Server\Client SDK\ODBC\170\Tools\Binn\;C:\Program Files (x86)\NVIDIA Corporation\PhysX\Common;D:\Softwares_OS\Matlab\R2014a\bin;C:\Program Files\Intel\WiFi\bin\;C:\Program Files\Common Files\Intel\WirelessCommon\;C:\Users\gabri\AppData\Local\Microsoft\WindowsApps;C:\Users\gabri\.dotnet\tools;C:\Users\gabri\AppData\Local\hyper\app-3.0.2\resources\bin;;D:/Softwares_OS/Xilinx/Vivado/2020.1\tps\mingw\6.2.0\win64.o\nt\bin;D:/Softwares_OS/Xilinx/Vivado/2020.1\tps\mingw\6.2.0\win64.o\nt\libexec\gcc\x86_64-w64-mingw32\6.2.0;D:/Softwares_OS/Xilinx/Vivado/2020.1\tps\win64\python-2.7.16;D:/Softwares_OS/Xilinx/Vivado/2020.1\tps\win64\python-2.7.16\bin;D:/Softwares_OS/Xilinx/Vivado/2020.1\tps\win64\python-2.7.16\lib;D:/Softwares_OS/Xilinx/Vivado/2020.1\tps\win64\python-2.7.16\Lib\lib-tk;D:/Softwares_OS/Xilinx/Vivado/2020.1\tps\win64\python-2.7.16\lib\site-packages
USERNAME=gabri
OS=Windows_NT
PROCESSOR_IDENTIFIER=Intel64 Family 6 Model 94 Stepping 3, GenuineIntel



---------------  S Y S T E M  ---------------

OS: Windows 10 , 64 bit Build 18362 (10.0.18362.1110)

CPU:total 4 (initial active 4) (4 cores per cpu, 1 threads per core) family 6 model 94 stepping 3, cmov, cx8, fxsr, mmx, sse, sse2, sse3, ssse3, sse4.1, sse4.2, popcnt, avx, avx2, aes, clmul, erms, rtm, 3dnowpref, lzcnt, tsc, tscinvbit, bmi1, bmi2, adx, fma

Memory: 4k page, physical 16670584k(9704680k free), swap 20869920k(12147176k free)

vm_info: Java HotSpot(TM) 64-Bit Server VM (9.0.4+11) for windows-amd64 JRE (9.0.4+11), built on Dec 20 2017 02:18:54 by "mach5one" with MS VC++ 12.0 (VS2013)

END.
