Copyright 1986-2020 Xilinx, Inc. All Rights Reserved.
--------------------------------------------------------------------------------------------------------------------------------------------------------------------------------
| Tool Version : Vivado v.2020.1 (win64) Build 2902540 Wed May 27 19:54:49 MDT 2020
| Date         : Sun Oct 18 18:29:04 2020
| Host         : DESKTOP-F1D4ON6 running 64-bit major release  (build 9200)
| Command      : report_methodology -file barrel_shifter_methodology_drc_routed.rpt -pb barrel_shifter_methodology_drc_routed.pb -rpx barrel_shifter_methodology_drc_routed.rpx
| Design       : barrel_shifter
| Device       : xc7k70tfbv676-1
| Speed File   : -1
| Design State : Fully Routed
--------------------------------------------------------------------------------------------------------------------------------------------------------------------------------

Report Methodology

Table of Contents
-----------------
1. REPORT SUMMARY
2. REPORT DETAILS

1. REPORT SUMMARY
-----------------
            Netlist: netlist
          Floorplan: checkpoint_barrel_shifter
      Design limits: <entire design considered>
             Max violations: <unlimited>
             Violations found: 0
+------+----------+-------------+------------+
| Rule | Severity | Description | Violations |
+------+----------+-------------+------------+
+------+----------+-------------+------------+

2. REPORT DETAILS
-----------------

