Vivado Simulator 2020.1
Time resolution is 1 ps
Stopped at time : 0 fs : File "C:/Users/gabri/OneDrive/Desktop/Vivado Projects/fsm_preamble/fsm_preamble.srcs/sources_1/new/fsm.vhd" Line 111
Stopped at time : 0 fs : File "C:/Users/gabri/OneDrive/Desktop/Vivado Projects/fsm_preamble/fsm_preamble.srcs/sources_1/new/fsm.vhd" Line 81
Stopped at time : 0 fs : File "C:/Users/gabri/OneDrive/Desktop/Vivado Projects/fsm_preamble/fsm_preamble.srcs/sources_1/new/fsm.vhd" Line 84
Stopped at time : 0 fs : File "C:/Users/gabri/OneDrive/Desktop/Vivado Projects/fsm_preamble/fsm_preamble.srcs/sources_1/new/fsm.vhd" Line 85
Stopped at time : 0 fs : File "C:/Users/gabri/OneDrive/Desktop/Vivado Projects/fsm_preamble/fsm_preamble.srcs/sources_1/new/fsm.vhd" Line 87
Stopped at time : 0 fs : File "C:/Users/gabri/OneDrive/Desktop/Vivado Projects/fsm_preamble/fsm_preamble.srcs/sim_1/new/tb_fsm.vhd" Line 33
Stopped at time : 0 fs : File "C:/Users/gabri/OneDrive/Desktop/Vivado Projects/fsm_preamble/fsm_preamble.srcs/sim_1/new/tb_fsm.vhd" Line 34
Stopped at time : 0 fs : File "C:/Users/gabri/OneDrive/Desktop/Vivado Projects/fsm_preamble/fsm_preamble.srcs/sim_1/new/tb_fsm.vhd" Line 26
Stopped at time : 0 fs : File "C:/Users/gabri/OneDrive/Desktop/Vivado Projects/fsm_preamble/fsm_preamble.srcs/sources_1/new/fsm.vhd" Line 111
Stopped at time : 500 ps : File "C:/Users/gabri/OneDrive/Desktop/Vivado Projects/fsm_preamble/fsm_preamble.srcs/sim_1/new/tb_fsm.vhd" Line 27
Stopped at time : 500 ps : File "C:/Users/gabri/OneDrive/Desktop/Vivado Projects/fsm_preamble/fsm_preamble.srcs/sim_1/new/tb_fsm.vhd" Line 26
Stopped at time : 500 ps : File "C:/Users/gabri/OneDrive/Desktop/Vivado Projects/fsm_preamble/fsm_preamble.srcs/sources_1/new/fsm.vhd" Line 111
Stopped at time : 500 ps : File "C:/Users/gabri/OneDrive/Desktop/Vivado Projects/fsm_preamble/fsm_preamble.srcs/sources_1/new/fsm.vhd" Line 113
Stopped at time : 500 ps : File "C:/Users/gabri/OneDrive/Desktop/Vivado Projects/fsm_preamble/fsm_preamble.srcs/sources_1/new/fsm.vhd" Line 114
Stopped at time : 1 ns : File "C:/Users/gabri/OneDrive/Desktop/Vivado Projects/fsm_preamble/fsm_preamble.srcs/sim_1/new/tb_fsm.vhd" Line 36
Stopped at time : 1 ns : File "C:/Users/gabri/OneDrive/Desktop/Vivado Projects/fsm_preamble/fsm_preamble.srcs/sim_1/new/tb_fsm.vhd" Line 37
Stopped at time : 1 ns : File "C:/Users/gabri/OneDrive/Desktop/Vivado Projects/fsm_preamble/fsm_preamble.srcs/sim_1/new/tb_fsm.vhd" Line 27
Stopped at time : 1 ns : File "C:/Users/gabri/OneDrive/Desktop/Vivado Projects/fsm_preamble/fsm_preamble.srcs/sim_1/new/tb_fsm.vhd" Line 26
Stopped at time : 1 ns : File "C:/Users/gabri/OneDrive/Desktop/Vivado Projects/fsm_preamble/fsm_preamble.srcs/sources_1/new/fsm.vhd" Line 111
Stopped at time : 1500 ps : File "C:/Users/gabri/OneDrive/Desktop/Vivado Projects/fsm_preamble/fsm_preamble.srcs/sim_1/new/tb_fsm.vhd" Line 27
Stopped at time : 1500 ps : File "C:/Users/gabri/OneDrive/Desktop/Vivado Projects/fsm_preamble/fsm_preamble.srcs/sim_1/new/tb_fsm.vhd" Line 26
Stopped at time : 1500 ps : File "C:/Users/gabri/OneDrive/Desktop/Vivado Projects/fsm_preamble/fsm_preamble.srcs/sources_1/new/fsm.vhd" Line 111
Stopped at time : 1500 ps : File "C:/Users/gabri/OneDrive/Desktop/Vivado Projects/fsm_preamble/fsm_preamble.srcs/sources_1/new/fsm.vhd" Line 113
Stopped at time : 1500 ps : File "C:/Users/gabri/OneDrive/Desktop/Vivado Projects/fsm_preamble/fsm_preamble.srcs/sources_1/new/fsm.vhd" Line 116
Stopped at time : 2 ns : File "C:/Users/gabri/OneDrive/Desktop/Vivado Projects/fsm_preamble/fsm_preamble.srcs/sim_1/new/tb_fsm.vhd" Line 39
Stopped at time : 2 ns : File "C:/Users/gabri/OneDrive/Desktop/Vivado Projects/fsm_preamble/fsm_preamble.srcs/sim_1/new/tb_fsm.vhd" Line 40
Stopped at time : 2 ns : File "C:/Users/gabri/OneDrive/Desktop/Vivado Projects/fsm_preamble/fsm_preamble.srcs/sim_1/new/tb_fsm.vhd" Line 27
Stopped at time : 2 ns : File "C:/Users/gabri/OneDrive/Desktop/Vivado Projects/fsm_preamble/fsm_preamble.srcs/sim_1/new/tb_fsm.vhd" Line 26
Stopped at time : 2 ns : File "C:/Users/gabri/OneDrive/Desktop/Vivado Projects/fsm_preamble/fsm_preamble.srcs/sources_1/new/fsm.vhd" Line 81
Stopped at time : 2 ns : File "C:/Users/gabri/OneDrive/Desktop/Vivado Projects/fsm_preamble/fsm_preamble.srcs/sources_1/new/fsm.vhd" Line 84
Stopped at time : 2 ns : File "C:/Users/gabri/OneDrive/Desktop/Vivado Projects/fsm_preamble/fsm_preamble.srcs/sources_1/new/fsm.vhd" Line 85
Stopped at time : 2 ns : File "C:/Users/gabri/OneDrive/Desktop/Vivado Projects/fsm_preamble/fsm_preamble.srcs/sources_1/new/fsm.vhd" Line 87
Stopped at time : 2 ns : File "C:/Users/gabri/OneDrive/Desktop/Vivado Projects/fsm_preamble/fsm_preamble.srcs/sources_1/new/fsm.vhd" Line 88
Stopped at time : 2 ns : File "C:/Users/gabri/OneDrive/Desktop/Vivado Projects/fsm_preamble/fsm_preamble.srcs/sources_1/new/fsm.vhd" Line 89
Stopped at time : 2 ns : File "C:/Users/gabri/OneDrive/Desktop/Vivado Projects/fsm_preamble/fsm_preamble.srcs/sources_1/new/fsm.vhd" Line 111
Stopped at time : 2500 ps : File "C:/Users/gabri/OneDrive/Desktop/Vivado Projects/fsm_preamble/fsm_preamble.srcs/sim_1/new/tb_fsm.vhd" Line 27
Stopped at time : 2500 ps : File "C:/Users/gabri/OneDrive/Desktop/Vivado Projects/fsm_preamble/fsm_preamble.srcs/sim_1/new/tb_fsm.vhd" Line 26
Stopped at time : 2500 ps : File "C:/Users/gabri/OneDrive/Desktop/Vivado Projects/fsm_preamble/fsm_preamble.srcs/sources_1/new/fsm.vhd" Line 111
Stopped at time : 2500 ps : File "C:/Users/gabri/OneDrive/Desktop/Vivado Projects/fsm_preamble/fsm_preamble.srcs/sources_1/new/fsm.vhd" Line 113
Stopped at time : 2500 ps : File "C:/Users/gabri/OneDrive/Desktop/Vivado Projects/fsm_preamble/fsm_preamble.srcs/sources_1/new/fsm.vhd" Line 116
Stopped at time : 2500 ps : File "C:/Users/gabri/OneDrive/Desktop/Vivado Projects/fsm_preamble/fsm_preamble.srcs/sources_1/new/fsm.vhd" Line 81
Stopped at time : 2500 ps : File "C:/Users/gabri/OneDrive/Desktop/Vivado Projects/fsm_preamble/fsm_preamble.srcs/sources_1/new/fsm.vhd" Line 93
Stopped at time : 2500 ps : File "C:/Users/gabri/OneDrive/Desktop/Vivado Projects/fsm_preamble/fsm_preamble.srcs/sources_1/new/fsm.vhd" Line 94
Stopped at time : 2500 ps : File "C:/Users/gabri/OneDrive/Desktop/Vivado Projects/fsm_preamble/fsm_preamble.srcs/sources_1/new/fsm.vhd" Line 96
Stopped at time : 2500 ps : File "C:/Users/gabri/OneDrive/Desktop/Vivado Projects/fsm_preamble/fsm_preamble.srcs/sources_1/new/fsm.vhd" Line 99
Stopped at time : 3 ns : File "C:/Users/gabri/OneDrive/Desktop/Vivado Projects/fsm_preamble/fsm_preamble.srcs/sim_1/new/tb_fsm.vhd" Line 27
Stopped at time : 3 ns : File "C:/Users/gabri/OneDrive/Desktop/Vivado Projects/fsm_preamble/fsm_preamble.srcs/sim_1/new/tb_fsm.vhd" Line 26
Stopped at time : 3 ns : File "C:/Users/gabri/OneDrive/Desktop/Vivado Projects/fsm_preamble/fsm_preamble.srcs/sources_1/new/fsm.vhd" Line 111
Stopped at time : 3500 ps : File "C:/Users/gabri/OneDrive/Desktop/Vivado Projects/fsm_preamble/fsm_preamble.srcs/sim_1/new/tb_fsm.vhd" Line 27
Stopped at time : 3500 ps : File "C:/Users/gabri/OneDrive/Desktop/Vivado Projects/fsm_preamble/fsm_preamble.srcs/sim_1/new/tb_fsm.vhd" Line 26
Stopped at time : 3500 ps : File "C:/Users/gabri/OneDrive/Desktop/Vivado Projects/fsm_preamble/fsm_preamble.srcs/sources_1/new/fsm.vhd" Line 111
Stopped at time : 3500 ps : File "C:/Users/gabri/OneDrive/Desktop/Vivado Projects/fsm_preamble/fsm_preamble.srcs/sources_1/new/fsm.vhd" Line 113
Stopped at time : 3500 ps : File "C:/Users/gabri/OneDrive/Desktop/Vivado Projects/fsm_preamble/fsm_preamble.srcs/sources_1/new/fsm.vhd" Line 116
Stopped at time : 4 ns : File "C:/Users/gabri/OneDrive/Desktop/Vivado Projects/fsm_preamble/fsm_preamble.srcs/sim_1/new/tb_fsm.vhd" Line 27
Stopped at time : 4 ns : File "C:/Users/gabri/OneDrive/Desktop/Vivado Projects/fsm_preamble/fsm_preamble.srcs/sim_1/new/tb_fsm.vhd" Line 26
Stopped at time : 4 ns : File "C:/Users/gabri/OneDrive/Desktop/Vivado Projects/fsm_preamble/fsm_preamble.srcs/sources_1/new/fsm.vhd" Line 111
Stopped at time : 4500 ps : File "C:/Users/gabri/OneDrive/Desktop/Vivado Projects/fsm_preamble/fsm_preamble.srcs/sim_1/new/tb_fsm.vhd" Line 27
Stopped at time : 4500 ps : File "C:/Users/gabri/OneDrive/Desktop/Vivado Projects/fsm_preamble/fsm_preamble.srcs/sim_1/new/tb_fsm.vhd" Line 26
Stopped at time : 4500 ps : File "C:/Users/gabri/OneDrive/Desktop/Vivado Projects/fsm_preamble/fsm_preamble.srcs/sources_1/new/fsm.vhd" Line 111
Stopped at time : 4500 ps : File "C:/Users/gabri/OneDrive/Desktop/Vivado Projects/fsm_preamble/fsm_preamble.srcs/sources_1/new/fsm.vhd" Line 113
Stopped at time : 4500 ps : File "C:/Users/gabri/OneDrive/Desktop/Vivado Projects/fsm_preamble/fsm_preamble.srcs/sources_1/new/fsm.vhd" Line 116
Stopped at time : 5 ns : File "C:/Users/gabri/OneDrive/Desktop/Vivado Projects/fsm_preamble/fsm_preamble.srcs/sim_1/new/tb_fsm.vhd" Line 27
Stopped at time : 5 ns : File "C:/Users/gabri/OneDrive/Desktop/Vivado Projects/fsm_preamble/fsm_preamble.srcs/sim_1/new/tb_fsm.vhd" Line 26
Stopped at time : 5 ns : File "C:/Users/gabri/OneDrive/Desktop/Vivado Projects/fsm_preamble/fsm_preamble.srcs/sources_1/new/fsm.vhd" Line 111
Stopped at time : 5500 ps : File "C:/Users/gabri/OneDrive/Desktop/Vivado Projects/fsm_preamble/fsm_preamble.srcs/sim_1/new/tb_fsm.vhd" Line 27
Stopped at time : 5500 ps : File "C:/Users/gabri/OneDrive/Desktop/Vivado Projects/fsm_preamble/fsm_preamble.srcs/sim_1/new/tb_fsm.vhd" Line 26
Stopped at time : 5500 ps : File "C:/Users/gabri/OneDrive/Desktop/Vivado Projects/fsm_preamble/fsm_preamble.srcs/sources_1/new/fsm.vhd" Line 111
Stopped at time : 5500 ps : File "C:/Users/gabri/OneDrive/Desktop/Vivado Projects/fsm_preamble/fsm_preamble.srcs/sources_1/new/fsm.vhd" Line 113
Stopped at time : 5500 ps : File "C:/Users/gabri/OneDrive/Desktop/Vivado Projects/fsm_preamble/fsm_preamble.srcs/sources_1/new/fsm.vhd" Line 116
Stopped at time : 6 ns : File "C:/Users/gabri/OneDrive/Desktop/Vivado Projects/fsm_preamble/fsm_preamble.srcs/sim_1/new/tb_fsm.vhd" Line 27
Stopped at time : 6 ns : File "C:/Users/gabri/OneDrive/Desktop/Vivado Projects/fsm_preamble/fsm_preamble.srcs/sim_1/new/tb_fsm.vhd" Line 26
Stopped at time : 6 ns : File "C:/Users/gabri/OneDrive/Desktop/Vivado Projects/fsm_preamble/fsm_preamble.srcs/sources_1/new/fsm.vhd" Line 111
Stopped at time : 6500 ps : File "C:/Users/gabri/OneDrive/Desktop/Vivado Projects/fsm_preamble/fsm_preamble.srcs/sim_1/new/tb_fsm.vhd" Line 27
Stopped at time : 6500 ps : File "C:/Users/gabri/OneDrive/Desktop/Vivado Projects/fsm_preamble/fsm_preamble.srcs/sim_1/new/tb_fsm.vhd" Line 26
Stopped at time : 6500 ps : File "C:/Users/gabri/OneDrive/Desktop/Vivado Projects/fsm_preamble/fsm_preamble.srcs/sources_1/new/fsm.vhd" Line 111
Stopped at time : 6500 ps : File "C:/Users/gabri/OneDrive/Desktop/Vivado Projects/fsm_preamble/fsm_preamble.srcs/sources_1/new/fsm.vhd" Line 113
Stopped at time : 6500 ps : File "C:/Users/gabri/OneDrive/Desktop/Vivado Projects/fsm_preamble/fsm_preamble.srcs/sources_1/new/fsm.vhd" Line 116
Stopped at time : 7 ns : File "C:/Users/gabri/OneDrive/Desktop/Vivado Projects/fsm_preamble/fsm_preamble.srcs/sim_1/new/tb_fsm.vhd" Line 27
