Vivado Simulator 2020.1
Copyright 1986-1999, 2001-2020 Xilinx, Inc. All Rights Reserved.
Running: D:/Softwares_OS/Xilinx/Vivado/2020.1/bin/unwrapped/win64.o/xelab.exe -wto 1880729682564978a334d09e41c3a479 --incr --debug typical --relax --mt 2 -L xil_defaultlib -L secureip --snapshot tb_hummingdist_counter_behav xil_defaultlib.tb_hummingdist_counter -log elaborate.log 
Using 2 slave threads.
Starting static elaboration
Completed static elaboration
Starting simulation data flow analysis
Completed simulation data flow analysis
Time Resolution for simulation is 1ps
Compiling package std.standard
Compiling package std.textio
Compiling package ieee.std_logic_1164
Compiling package ieee.numeric_std
Compiling architecture dataflow of entity xil_defaultlib.hamming_difference_mask [hamming_difference_mask_default]
Compiling architecture behavioral of entity xil_defaultlib.adder_1bit [adder_1bit_default]
Compiling architecture behav_adder_2bit of entity xil_defaultlib.adder_2bit [adder_2bit_default]
Compiling architecture behavioral of entity xil_defaultlib.adder_3bit [adder_3bit_default]
Compiling architecture arch of entity xil_defaultlib.hammingdist_counter [hammingdist_counter_default]
Compiling architecture behavioral of entity xil_defaultlib.tb_hummingdist_counter
Built simulation snapshot tb_hummingdist_counter_behav
