INFO: [VRFC 10-2263] Analyzing Verilog file "C:/Users/gabri/OneDrive/Desktop/Vivado Projects/Assignment/matrix_dot_product/matrix_dot_product.sim/sim_2/synth/timing/xsim/matrix_dot_mul_tb_enh_time_synth.v" into library xil_defaultlib
INFO: [VRFC 10-311] analyzing module IOBUF_UNIQ_BASE_
INFO: [VRFC 10-311] analyzing module IOBUF_HD100
INFO: [VRFC 10-311] analyzing module IOBUF_HD101
INFO: [VRFC 10-311] analyzing module IOBUF_HD102
INFO: [VRFC 10-311] analyzing module IOBUF_HD103
INFO: [VRFC 10-311] analyzing module IOBUF_HD104
INFO: [VRFC 10-311] analyzing module IOBUF_HD105
INFO: [VRFC 10-311] analyzing module IOBUF_HD106
INFO: [VRFC 10-311] analyzing module IOBUF_HD107
INFO: [VRFC 10-311] analyzing module IOBUF_HD108
INFO: [VRFC 10-311] analyzing module IOBUF_HD109
INFO: [VRFC 10-311] analyzing module IOBUF_HD110
INFO: [VRFC 10-311] analyzing module IOBUF_HD111
INFO: [VRFC 10-311] analyzing module IOBUF_HD112
INFO: [VRFC 10-311] analyzing module IOBUF_HD113
INFO: [VRFC 10-311] analyzing module IOBUF_HD114
INFO: [VRFC 10-311] analyzing module IOBUF_HD115
INFO: [VRFC 10-311] analyzing module IOBUF_HD116
INFO: [VRFC 10-311] analyzing module IOBUF_HD117
INFO: [VRFC 10-311] analyzing module IOBUF_HD118
INFO: [VRFC 10-311] analyzing module IOBUF_HD119
INFO: [VRFC 10-311] analyzing module IOBUF_HD120
INFO: [VRFC 10-311] analyzing module IOBUF_HD121
INFO: [VRFC 10-311] analyzing module IOBUF_HD122
INFO: [VRFC 10-311] analyzing module IOBUF_HD123
INFO: [VRFC 10-311] analyzing module IOBUF_HD124
INFO: [VRFC 10-311] analyzing module IOBUF_HD125
INFO: [VRFC 10-311] analyzing module IOBUF_HD126
INFO: [VRFC 10-311] analyzing module IOBUF_HD127
INFO: [VRFC 10-311] analyzing module IOBUF_HD128
INFO: [VRFC 10-311] analyzing module IOBUF_HD98
INFO: [VRFC 10-311] analyzing module IOBUF_HD99
INFO: [VRFC 10-311] analyzing module Controller
INFO: [VRFC 10-311] analyzing module MXM
INFO: [VRFC 10-311] analyzing module MXM_0
INFO: [VRFC 10-311] analyzing module MXM_1
INFO: [VRFC 10-311] analyzing module RAM
INFO: [VRFC 10-311] analyzing module RAM_10
INFO: [VRFC 10-311] analyzing module RAM_11
INFO: [VRFC 10-311] analyzing module RAM_12
INFO: [VRFC 10-311] analyzing module RAM_13
INFO: [VRFC 10-311] analyzing module RAM_14
INFO: [VRFC 10-311] analyzing module RAM_15
INFO: [VRFC 10-311] analyzing module RAM_16
INFO: [VRFC 10-311] analyzing module RAM_17
INFO: [VRFC 10-311] analyzing module RAM_18
INFO: [VRFC 10-311] analyzing module RAM_19
INFO: [VRFC 10-311] analyzing module RAM_2
INFO: [VRFC 10-311] analyzing module RAM_20
INFO: [VRFC 10-311] analyzing module RAM_21
INFO: [VRFC 10-311] analyzing module RAM_22
INFO: [VRFC 10-311] analyzing module RAM_23
INFO: [VRFC 10-311] analyzing module RAM_24
INFO: [VRFC 10-311] analyzing module RAM_25
INFO: [VRFC 10-311] analyzing module RAM_26
INFO: [VRFC 10-311] analyzing module RAM_27
INFO: [VRFC 10-311] analyzing module RAM_28
INFO: [VRFC 10-311] analyzing module RAM_29
INFO: [VRFC 10-311] analyzing module RAM_3
INFO: [VRFC 10-311] analyzing module RAM_30
INFO: [VRFC 10-311] analyzing module RAM_31
INFO: [VRFC 10-311] analyzing module RAM_32
INFO: [VRFC 10-311] analyzing module RAM_33
INFO: [VRFC 10-311] analyzing module RAM_34
INFO: [VRFC 10-311] analyzing module RAM_35
INFO: [VRFC 10-311] analyzing module RAM_36
INFO: [VRFC 10-311] analyzing module RAM_37
INFO: [VRFC 10-311] analyzing module RAM_38
INFO: [VRFC 10-311] analyzing module RAM_39
INFO: [VRFC 10-311] analyzing module RAM_4
INFO: [VRFC 10-311] analyzing module RAM_40
INFO: [VRFC 10-311] analyzing module RAM_41
INFO: [VRFC 10-311] analyzing module RAM_42
INFO: [VRFC 10-311] analyzing module RAM_43
INFO: [VRFC 10-311] analyzing module RAM_44
INFO: [VRFC 10-311] analyzing module RAM_45
INFO: [VRFC 10-311] analyzing module RAM_46
INFO: [VRFC 10-311] analyzing module RAM_47
INFO: [VRFC 10-311] analyzing module RAM_48
INFO: [VRFC 10-311] analyzing module RAM_49
INFO: [VRFC 10-311] analyzing module RAM_5
INFO: [VRFC 10-311] analyzing module RAM_50
INFO: [VRFC 10-311] analyzing module RAM_51
INFO: [VRFC 10-311] analyzing module RAM_52
INFO: [VRFC 10-311] analyzing module RAM_53
INFO: [VRFC 10-311] analyzing module RAM_54
INFO: [VRFC 10-311] analyzing module RAM_55
INFO: [VRFC 10-311] analyzing module RAM_56
INFO: [VRFC 10-311] analyzing module RAM_57
INFO: [VRFC 10-311] analyzing module RAM_58
INFO: [VRFC 10-311] analyzing module RAM_59
INFO: [VRFC 10-311] analyzing module RAM_6
INFO: [VRFC 10-311] analyzing module RAM_60
INFO: [VRFC 10-311] analyzing module RAM_61
INFO: [VRFC 10-311] analyzing module RAM_62
INFO: [VRFC 10-311] analyzing module RAM_63
INFO: [VRFC 10-311] analyzing module RAM_64
INFO: [VRFC 10-311] analyzing module RAM_65
INFO: [VRFC 10-311] analyzing module RAM_66
INFO: [VRFC 10-311] analyzing module RAM_67
INFO: [VRFC 10-311] analyzing module RAM_68
INFO: [VRFC 10-311] analyzing module RAM_69
INFO: [VRFC 10-311] analyzing module RAM_7
INFO: [VRFC 10-311] analyzing module RAM_70
INFO: [VRFC 10-311] analyzing module RAM_71
INFO: [VRFC 10-311] analyzing module RAM_72
INFO: [VRFC 10-311] analyzing module RAM_73
INFO: [VRFC 10-311] analyzing module RAM_74
INFO: [VRFC 10-311] analyzing module RAM_75
INFO: [VRFC 10-311] analyzing module RAM_76
INFO: [VRFC 10-311] analyzing module RAM_77
INFO: [VRFC 10-311] analyzing module RAM_78
INFO: [VRFC 10-311] analyzing module RAM_79
INFO: [VRFC 10-311] analyzing module RAM_8
INFO: [VRFC 10-311] analyzing module RAM_80
INFO: [VRFC 10-311] analyzing module RAM_81
INFO: [VRFC 10-311] analyzing module RAM_82
INFO: [VRFC 10-311] analyzing module RAM_83
INFO: [VRFC 10-311] analyzing module RAM_84
INFO: [VRFC 10-311] analyzing module RAM_85
INFO: [VRFC 10-311] analyzing module RAM_86
INFO: [VRFC 10-311] analyzing module RAM_87
INFO: [VRFC 10-311] analyzing module RAM_88
INFO: [VRFC 10-311] analyzing module RAM_89
INFO: [VRFC 10-311] analyzing module RAM_9
INFO: [VRFC 10-311] analyzing module RAM_90
INFO: [VRFC 10-311] analyzing module RAM_91
INFO: [VRFC 10-311] analyzing module RAM_92
INFO: [VRFC 10-311] analyzing module RAM_93
INFO: [VRFC 10-311] analyzing module RAM_94
INFO: [VRFC 10-311] analyzing module RAM_95
INFO: [VRFC 10-311] analyzing module RAM_96
INFO: [VRFC 10-311] analyzing module matrix_dot_mul
INFO: [VRFC 10-311] analyzing module glbl
INFO: [VRFC 10-163] Analyzing VHDL file "C:/Users/gabri/OneDrive/Desktop/Vivado Projects/Assignment/matrix_dot_product/matrix_dot_product.srcs/sim_2/new/matrix_dot_mul_tb_enh.vhd" into library xil_defaultlib
INFO: [VRFC 10-3107] analyzing entity 'matrix_dot_mul_tb_enh'
