#
# A fatal error has been detected by the Java Runtime Environment:
#
#  EXCEPTION_ACCESS_VIOLATION (0xc0000005) at pc=0x00007ffc2c01f555, pid=2008, tid=14100
#
# JRE version: Java(TM) SE Runtime Environment (9.0+11) (build 9.0.4+11)
# Java VM: Java HotSpot(TM) 64-Bit Server VM (9.0.4+11, mixed mode, tiered, compressed oops, g1 gc, windows-amd64)
# Problematic frame:
# C  [librdi_common.dll+0x18f555]
#
# No core dump will be written. Minidumps are not enabled by default on client versions of Windows
#
# If you would like to submit a bug report, please visit:
#   http://bugreport.java.com/bugreport/crash.jsp
# The crash happened outside the Java Virtual Machine in native code.
# See problematic frame for where to report the bug.
#

---------------  S U M M A R Y ------------

Command Line: -Dsun.java2d.pmoffscreen=false -Dsun.java2d.xrender=false -Dsun.java2d.d3d=false -Dsun.awt.nopixfmt=true -Dsun.java2d.dpiaware=true -Dsun.java2d.uiScale.enabled=false -Xverify:none -Dswing.aatext=true -XX:-UsePerfData -Djdk.map.althashing.threshold=512 -XX:StringTableSize=4072 --add-opens=java.base/java.nio=ALL-UNNAMED --add-opens=java.desktop/sun.swing=ALL-UNNAMED --add-opens=java.desktop/javax.swing=ALL-UNNAMED --add-opens=java.desktop/javax.swing.tree=ALL-UNNAMED --add-opens=java.desktop/javax.swing.plaf.basic=ALL-UNNAMED --add-opens=java.desktop/javax.swing.plaf.synth=ALL-UNNAMED --add-opens=java.desktop/com.sun.awt=ALL-UNNAMED -XX:NewSize=60m -XX:MaxNewSize=60m -Xms128m -Xmx3072m -Xss5m 

Host: Intel(R) Core(TM) i5-6300HQ CPU @ 2.30GHz, 4 cores, 15G,  Windows 10 , 64 bit Build 18362 (10.0.18362.1110)
Time: Wed Dec 09 10:49:14 2020 W. Europe Standard Time elapsed time: 2894 seconds (0d 0h 48m 14s)

---------------  T H R E A D  ---------------

Current thread (0x00000297d2964000):  JavaThread "AWT-EventQueue-0" [_thread_in_native, id=14100, stack(0x000000fafc000000,0x000000fafc500000)]

Stack: [0x000000fafc000000,0x000000fafc500000],  sp=0x000000fafc4fac50,  free space=5099k
Native frames: (J=compiled Java code, j=interpreted, Vv=VM code, C=native code)
C  [librdi_common.dll+0x18f555]
C  [librdi_common.dll+0x1842d5]
C  [librdi_common.dll+0x14d40a]
C  0x00007ffbe52e1faf
C  0x00007ffbe5362fbf
C  0x00007ffbe536acd9
C  0x00007ffbe533b40b
C  0x00007ffbe5377c67
C  0x00000297c50c60ba

Java frames: (J=compiled Java code, j=interpreted, Vv=VM code)
J 21149  ui.views.waveform.waveformi.WVExecutive_getTooltipTextDelayed(J)Ljava/lang/String; (0 bytes) @ 0x00000297c50c6021 [0x00000297c50c5fe0+0x0000000000000041]
J 21143 c1 ui.views.waveform.b.a.bW(Ljava/awt/event/MouseEvent;)V (135 bytes) @ 0x00000297bedfe5a4 [0x00000297bedfdf00+0x00000000000006a4]
J 20982 c1 ui.views.waveform.b.a.mouseMoved(Ljava/awt/event/MouseEvent;)V (32 bytes) @ 0x00000297beb9c34c [0x00000297beb9be20+0x000000000000052c]
J 17648 c2 java.awt.AWTEventMulticaster.mouseMoved(Ljava/awt/event/MouseEvent;)V java.desktop@9.0.4 (27 bytes) @ 0x00000297c4828874 [0x00000297c48287c0+0x00000000000000b4]
J 17648 c2 java.awt.AWTEventMulticaster.mouseMoved(Ljava/awt/event/MouseEvent;)V java.desktop@9.0.4 (27 bytes) @ 0x00000297c4828834 [0x00000297c48287c0+0x0000000000000074]
J 17647 c2 javax.swing.JComponent.processMouseMotionEvent(Ljava/awt/event/MouseEvent;)V java.desktop@9.0.4 (46 bytes) @ 0x00000297c4841334 [0x00000297c48411e0+0x0000000000000154]
J 20977 c1 ui.frmwork.c.i.processMouseMotionEvent(Ljava/awt/event/MouseEvent;)V (131 bytes) @ 0x00000297bebcd4c4 [0x00000297bebcc600+0x0000000000000ec4]
J 21584 c2 java.awt.Container.processEvent(Ljava/awt/AWTEvent;)V java.desktop@9.0.4 (22 bytes) @ 0x00000297c516a150 [0x00000297c5169fc0+0x0000000000000190]
J 21634 c1 java.awt.Component.dispatchEventImpl(Ljava/awt/AWTEvent;)V java.desktop@9.0.4 (739 bytes) @ 0x00000297bf1004f4 [0x00000297bf0fc6c0+0x0000000000003e34]
J 21529 c1 java.awt.Container.dispatchEventImpl(Ljava/awt/AWTEvent;)V java.desktop@9.0.4 (129 bytes) @ 0x00000297bf08048c [0x00000297bf080360+0x000000000000012c]
J 21533 c1 java.awt.LightweightDispatcher.retargetMouseEvent(Ljava/awt/Component;ILjava/awt/event/MouseEvent;)V java.desktop@9.0.4 (350 bytes) @ 0x00000297bf08380c [0x00000297bf081520+0x00000000000022ec]
J 10410 c1 java.awt.LightweightDispatcher.processMouseEvent(Ljava/awt/event/MouseEvent;)Z java.desktop@9.0.4 (265 bytes) @ 0x00000297bddf146c [0x00000297bddf0560+0x0000000000000f0c]
J 10241 c1 java.awt.LightweightDispatcher.dispatchEvent(Ljava/awt/AWTEvent;)Z java.desktop@9.0.4 (73 bytes) @ 0x00000297bdd075cc [0x00000297bdd071a0+0x000000000000042c]
J 21529 c1 java.awt.Container.dispatchEventImpl(Ljava/awt/AWTEvent;)V java.desktop@9.0.4 (129 bytes) @ 0x00000297bf08042c [0x00000297bf080360+0x00000000000000cc]
J 16381 c2 java.awt.Window.dispatchEventImpl(Ljava/awt/AWTEvent;)V java.desktop@9.0.4 (23 bytes) @ 0x00000297c3efd60c [0x00000297c3efd5c0+0x000000000000004c]
J 14879 c2 java.awt.EventQueue$3.run()Ljava/lang/Object; java.desktop@9.0.4 (5 bytes) @ 0x00000297c490105c [0x00000297c4900ea0+0x00000000000001bc]
v  ~StubRoutines::call_stub
J 4398  java.security.AccessController.doPrivileged(Ljava/security/PrivilegedAction;Ljava/security/AccessControlContext;)Ljava/lang/Object; java.base@9.0.4 (0 bytes) @ 0x00000297c4041ec6 [0x00000297c4041e60+0x0000000000000066]
J 15169 c2 java.awt.EventQueue$4.run()Ljava/lang/Object; java.desktop@9.0.4 (5 bytes) @ 0x00000297c49a2034 [0x00000297c49a1de0+0x0000000000000254]
v  ~StubRoutines::call_stub
J 4398  java.security.AccessController.doPrivileged(Ljava/security/PrivilegedAction;Ljava/security/AccessControlContext;)Ljava/lang/Object; java.base@9.0.4 (0 bytes) @ 0x00000297c4041ec6 [0x00000297c4041e60+0x0000000000000066]
J 11175 c2 ui.frmwork.b.d.dispatchEvent(Ljava/awt/AWTEvent;)V (34 bytes) @ 0x00000297c44ef51c [0x00000297c44edb60+0x00000000000019bc]
J 21542 c1 java.awt.EventDispatchThread.pumpOneEventForFilters(I)V java.desktop@9.0.4 (218 bytes) @ 0x00000297bf08d794 [0x00000297bf08c3c0+0x00000000000013d4]
J 18802% c2 java.awt.EventDispatchThread.pumpEventsForFilter(ILjava/awt/Conditional;Ljava/awt/EventFilter;)V java.desktop@9.0.4 (47 bytes) @ 0x00000297c45396d8 [0x00000297c45395c0+0x0000000000000118]
j  java.awt.EventDispatchThread.pumpEventsForHierarchy(ILjava/awt/Conditional;Ljava/awt/Component;)V+11 java.desktop@9.0.4
j  java.awt.EventDispatchThread.pumpEvents(ILjava/awt/Conditional;)V+4 java.desktop@9.0.4
j  java.awt.EventDispatchThread.pumpEvents(Ljava/awt/Conditional;)V+3 java.desktop@9.0.4
j  java.awt.EventDispatchThread.run()V+9 java.desktop@9.0.4
v  ~StubRoutines::call_stub

siginfo: EXCEPTION_ACCESS_VIOLATION (0xc0000005), reading address 0xffffffffffffffff


Register to memory mapping:

RIP=0x00007ffc2c01f555 librdi_common.dll
RAX=0x00000297b25fc501 is an unknown value
RBX=0x9002fd975b4a4dab is an unknown value
RCX=0x00000297b25fc5e0 is an unknown value
RDX=0x9002fd975b4a4dab is an unknown value
RSP=0x000000fafc4fac50 is pointing into the stack for thread: 0x00000297d2964000
RBP=0x000000fafc4fad80 is pointing into the stack for thread: 0x00000297d2964000
RSI=0x00000297e1b64460 is an unknown value
RDI=0x000000fafc4fae68 is pointing into the stack for thread: 0x00000297d2964000
R8 =0x000000fafc4fae68 is pointing into the stack for thread: 0x00000297d2964000
R9 =0x0000000000000000 is an unknown value
R10=0x00000297dc71ecb8 is an unknown value
R11=0x00000297e24f78a8 is an unknown value
R12=0x000000fafc4fae68 is pointing into the stack for thread: 0x00000297d2964000
R13=0x0000000000000000 is an unknown value
R14=0x00000297af4c77b0 is an unknown value
R15=0x9002fd975b4a4dab is an unknown value


Registers:
RAX=0x00000297b25fc501, RBX=0x9002fd975b4a4dab, RCX=0x00000297b25fc5e0, RDX=0x9002fd975b4a4dab
RSP=0x000000fafc4fac50, RBP=0x000000fafc4fad80, RSI=0x00000297e1b64460, RDI=0x000000fafc4fae68
R8 =0x000000fafc4fae68, R9 =0x0000000000000000, R10=0x00000297dc71ecb8, R11=0x00000297e24f78a8
R12=0x000000fafc4fae68, R13=0x0000000000000000, R14=0x00000297af4c77b0, R15=0x9002fd975b4a4dab
RIP=0x00007ffc2c01f555, EFLAGS=0x0000000000010202

Top of Stack: (sp=0x000000fafc4fac50)
0x000000fafc4fac50:   000000fafc4fb000 00007ffc57b22677
0x000000fafc4fac60:   000000fa00000000 9002fd975b4a4dab
0x000000fafc4fac70:   9002fd975b4a4dab 00007ffc2c0142d5
0x000000fafc4fac80:   00000000000006a4 00007ffc57b2290f
0x000000fafc4fac90:   000003a77889b1c3 0000000000000000
0x000000fafc4faca0:   00000297de707150 00000297e24f7880
0x000000fafc4facb0:   0000000000000002 00007ffc2c07cfe5
0x000000fafc4facc0:   00000297e27a8340 00000297e24f7888
0x000000fafc4facd0:   00000297e24f78c8 00000297e24f7880
0x000000fafc4face0:   fffffffffffffffe 00007ffc2c6dd489
0x000000fafc4facf0:   fffffffffffffffe 00007ffc2ce8e630
0x000000fafc4fad00:   00000297e24f7880 00000297af486908
0x000000fafc4fad10:   000000fafc4fae68 00007ffc2c07c2d6
0x000000fafc4fad20:   00000297e24f7880 000000fafc4fae68
0x000000fafc4fad30:   0000029700000002 0000000000000000
0x000000fafc4fad40:   fffffffffffffffe 000000000000000f 

Instructions: (pc=0x00007ffc2c01f555)
0x00007ffc2c01f535:   20 48 8b d9 e8 22 c4 04 00 48 8b c8 48 8b d3 e8
0x00007ffc2c01f545:   27 0d 05 00 84 c0 75 08 33 c0 48 83 c4 20 5b c3
0x00007ffc2c01f555:   48 8b 4b 50 48 85 c9 74 0a 48 83 c4 20 5b e9 68
0x00007ffc2c01f565:   e2 04 00 48 8b d3 48 8d 0d 36 71 84 00 e8 59 b7 



---------------  P R O C E S S  ---------------

Java Threads: ( => current thread )
  0x00000297dcff5800 JavaThread "Relaunch Simulation Thread" [_thread_blocked, id=20736, stack(0x000000fa81a00000,0x000000fa81f00000)]
  0x00000297dcff3000 JavaThread "Image Animator 0" daemon [_thread_blocked, id=18532, stack(0x000000fa81f00000,0x000000fa82400000)]
  0x00000297dcff9000 JavaThread "SyntheticaAnimation 50" daemon [_thread_blocked, id=19132, stack(0x000000fa81000000,0x000000fa81500000)]
  0x00000297dcff8800 JavaThread "Update Runs Swing Worker Thread" [_thread_blocked, id=10256, stack(0x000000fa80500000,0x000000fa80a00000)]
  0x00000297dcff7000 JavaThread "hw_ila_monitor" [_thread_blocked, id=22808, stack(0x000000faff200000,0x000000faff700000)]
  0x00000297dcff6000 JavaThread "Refresh Filesets Swing Worker Thread" [_thread_blocked, id=11484, stack(0x000000fafed00000,0x000000faff200000)]
  0x00000297d11c4800 JavaThread "Swing-Shell" daemon [_thread_blocked, id=14348, stack(0x000000fafe300000,0x000000fafe800000)]
  0x00000297d11c9000 JavaThread "SyntheticaAnimation 70" daemon [_thread_blocked, id=16724, stack(0x000000fafb600000,0x000000fafbb00000)]
  0x00000297d11c6800 JavaThread "SyntheticaAnimation 25" daemon [_thread_blocked, id=16368, stack(0x000000fafd900000,0x000000fafde00000)]
  0x00000297d11c6000 JavaThread "SyntheticaAnimation 50" daemon [_thread_blocked, id=11356, stack(0x000000fafde00000,0x000000fafe300000)]
  0x00000297d11ca800 JavaThread "Monitor HEventQueue Thread" [_thread_blocked, id=19496, stack(0x000000fafcf00000,0x000000fafd400000)]
  0x00000297d11c9800 JavaThread "SyntheticaCleanerThread" daemon [_thread_blocked, id=13308, stack(0x000000fafd400000,0x000000fafd900000)]
  0x00000297d11c7800 JavaThread "Batik CleanerThread" daemon [_thread_blocked, id=23284, stack(0x000000fafc500000,0x000000fafca00000)]
  0x00000297d2d13000 JavaThread "Process Messages Thread" [_thread_blocked, id=8964, stack(0x000000fafca00000,0x000000fafcf00000)]
  0x00000297d27dd000 JavaThread "Thread-1" [_thread_in_native, id=3400, stack(0x000000faf5d00000,0x000000faf7100000)]
=>0x00000297d2964000 JavaThread "AWT-EventQueue-0" [_thread_in_native, id=14100, stack(0x000000fafc000000,0x000000fafc500000)]
  0x00000297d28d8800 JavaThread "AWT-Shutdown" [_thread_blocked, id=3960, stack(0x000000fafbb00000,0x000000fafc000000)]
  0x00000297dcc01800 JavaThread "TimerQueue" daemon [_thread_blocked, id=9492, stack(0x000000fafac00000,0x000000fafb100000)]
  0x00000297d21fc000 JavaThread "AWT-Windows" daemon [_thread_in_native, id=14440, stack(0x000000fafb100000,0x000000fafb600000)]
  0x00000297d22a6000 JavaThread "Java2D Disposer" daemon [_thread_blocked, id=8944, stack(0x000000fafa700000,0x000000fafac00000)]
  0x00000297d22aa800 JavaThread "Service Thread" daemon [_thread_blocked, id=21200, stack(0x000000fafa100000,0x000000fafa600000)]
  0x00000297b4a48000 JavaThread "Common-Cleaner" daemon [_thread_blocked, id=13708, stack(0x000000faf9c00000,0x000000fafa100000)]
  0x00000297d11c5000 JavaThread "Sweeper thread" daemon [_thread_blocked, id=6584, stack(0x000000faf9700000,0x000000faf9c00000)]
  0x00000297b4d74000 JavaThread "C1 CompilerThread2" daemon [_thread_blocked, id=10024, stack(0x000000faf9600000,0x000000faf9700000)]
  0x00000297b4d73800 JavaThread "C2 CompilerThread1" daemon [_thread_blocked, id=23392, stack(0x000000faf9500000,0x000000faf9600000)]
  0x00000297b4fe7000 JavaThread "C2 CompilerThread0" daemon [_thread_blocked, id=12272, stack(0x000000faf9400000,0x000000faf9500000)]
  0x00000297d1548000 JavaThread "Attach Listener" daemon [_thread_blocked, id=18140, stack(0x000000faf8f00000,0x000000faf9400000)]
  0x00000297cf2bc800 JavaThread "Signal Dispatcher" daemon [_thread_blocked, id=19248, stack(0x000000faf8a00000,0x000000faf8f00000)]
  0x00000297d17c6800 JavaThread "Finalizer" daemon [_thread_blocked, id=5492, stack(0x000000faf8500000,0x000000faf8a00000)]
  0x00000297cfd44800 JavaThread "Reference Handler" daemon [_thread_blocked, id=5892, stack(0x000000faf8000000,0x000000faf8500000)]
  0x00000297cfceb000 JavaThread "main" [_thread_blocked, id=3268, stack(0x000000faf7300000,0x000000faf7400000)]

Other Threads:
  0x00000297cfd43800 VMThread "VM Thread" [stack: 0x000000faf7f00000,0x000000faf8000000] [id=8316]
  0x00000297cfbed000 WatcherThread [stack: 0x000000fafa600000,0x000000fafa700000] [id=8340]
  0x00000297d1521800 GCTaskThread "GC Thread#0" [stack: 0x000000faf7400000,0x000000faf7500000] [id=18780]
  0x00000297d1504000 GCTaskThread "GC Thread#1" [stack: 0x000000faf7500000,0x000000faf7600000] [id=21188]
  0x00000297d1509000 GCTaskThread "GC Thread#2" [stack: 0x000000faf7600000,0x000000faf7700000] [id=11952]
  0x00000297d1502800 GCTaskThread "GC Thread#3" [stack: 0x000000faf7700000,0x000000faf7800000] [id=13828]
  0x00000297cfe4e000 ConcurrentGCThread "G1 Main Marker" [stack: 0x000000faf7d00000,0x000000faf7e00000] [id=17528]
  0x00000297d1508000 ConcurrentGCThread "G1 Marker#0" [stack: 0x000000faf7e00000,0x000000faf7f00000] [id=14388]
  0x00000297cf5ae000 ConcurrentGCThread "G1 Refine#0" [stack: 0x000000faf7b00000,0x000000faf7c00000] [id=15920]
  0x00000297ce7cd000 ConcurrentGCThread "G1 Refine#1" [stack: 0x000000faf7a00000,0x000000faf7b00000] [id=22424]
  0x00000297ce7d0800 ConcurrentGCThread "G1 Refine#2" [stack: 0x000000faf7900000,0x000000faf7a00000] [id=5592]
  0x00000297cfdd8800 ConcurrentGCThread "G1 Refine#3" [stack: 0x000000faf7800000,0x000000faf7900000] [id=12200]
  0x00000297cfe30800 ConcurrentGCThread "G1 Young RemSet Sampling" [stack: 0x000000faf7c00000,0x000000faf7d00000] [id=16984]

Threads with active compile tasks:

VM state:not at safepoint (normal execution)

VM Mutex/Monitor currently owned by a thread: None

Heap address: 0x0000000700000000, size: 3072 MB, Compressed Oops mode: Zero based, Oop shift amount: 3
Narrow klass base: 0x0000000000000000, Narrow klass shift: 3
Compressed class space size: 1073741824 Address: 0x00000007c0000000

Heap:
 garbage-first heap   total 152576K, used 100340K [0x0000000700000000, 0x00000007001004a8, 0x00000007c0000000)
  region size 1024K, 9 young (9216K), 1 survivors (1024K)
 Metaspace       used 90330K, capacity 97317K, committed 97664K, reserved 1132544K
  class space    used 13450K, capacity 14622K, committed 14720K, reserved 1048576K
Heap Regions: E=young(eden), S=young(survivor), O=old, HS=humongous(starts), HC=humongous(continues), CS=collection set, F=free, A=archive, TS=gc time stamp, AC=allocation context, TAMS=top-at-mark-start (previous, next)
|   0|0x0000000700000000, 0x0000000700100000, 0x0000000700100000|100%| O|  |TS  0|AC  0|TAMS 0x0000000700100000, 0x0000000700100000|
|   1|0x0000000700100000, 0x00000007001e89d8, 0x0000000700200000| 90%| O|  |TS  0|AC  0|TAMS 0x00000007001e89d8, 0x00000007001e89d8|
|   2|0x0000000700200000, 0x0000000700300000, 0x0000000700300000|100%|HS|  |TS  0|AC  0|TAMS 0x0000000700300000, 0x0000000700300000|
|   3|0x0000000700300000, 0x0000000700400000, 0x0000000700400000|100%|HC|  |TS  0|AC  0|TAMS 0x0000000700400000, 0x0000000700400000|
|   4|0x0000000700400000, 0x0000000700500000, 0x0000000700500000|100%|HS|  |TS  0|AC  0|TAMS 0x0000000700500000, 0x0000000700500000|
|   5|0x0000000700500000, 0x00000007005fef60, 0x0000000700600000| 99%| O|  |TS  0|AC  0|TAMS 0x00000007005fef60, 0x00000007005fef60|
|   6|0x0000000700600000, 0x00000007006f78c0, 0x0000000700700000| 96%| O|  |TS  0|AC  0|TAMS 0x00000007006f78c0, 0x00000007006f78c0|
|   7|0x0000000700700000, 0x00000007007fae38, 0x0000000700800000| 98%| O|  |TS  0|AC  0|TAMS 0x00000007007fae38, 0x00000007007fae38|
|   8|0x0000000700800000, 0x00000007008fd528, 0x0000000700900000| 98%| O|  |TS  0|AC  0|TAMS 0x00000007008fd528, 0x00000007008fd528|
|   9|0x0000000700900000, 0x00000007009c9eb8, 0x0000000700a00000| 78%| O|  |TS  0|AC  0|TAMS 0x00000007009c9eb8, 0x00000007009c9eb8|
|  10|0x0000000700a00000, 0x0000000700affff0, 0x0000000700b00000| 99%| O|  |TS  0|AC  0|TAMS 0x0000000700affff0, 0x0000000700affff0|
|  11|0x0000000700b00000, 0x0000000700bfffd0, 0x0000000700c00000| 99%| O|  |TS  0|AC  0|TAMS 0x0000000700bfffd0, 0x0000000700bfffd0|
|  12|0x0000000700c00000, 0x0000000700cffff8, 0x0000000700d00000| 99%| O|  |TS  0|AC  0|TAMS 0x0000000700cffff8, 0x0000000700cffff8|
|  13|0x0000000700d00000, 0x0000000700dffff0, 0x0000000700e00000| 99%| O|  |TS  0|AC  0|TAMS 0x0000000700dffff0, 0x0000000700dffff0|
|  14|0x0000000700e00000, 0x0000000700efffd8, 0x0000000700f00000| 99%| O|  |TS  0|AC  0|TAMS 0x0000000700efffd8, 0x0000000700efffd8|
|  15|0x0000000700f00000, 0x0000000700fb9190, 0x0000000701000000| 72%| O|  |TS  0|AC  0|TAMS 0x0000000700fb9190, 0x0000000700fb9190|
|  16|0x0000000701000000, 0x00000007010ceff0, 0x0000000701100000| 80%| O|  |TS  0|AC  0|TAMS 0x00000007010ceff0, 0x00000007010ceff0|
|  17|0x0000000701100000, 0x00000007011f8f78, 0x0000000701200000| 97%| O|  |TS  0|AC  0|TAMS 0x00000007011f8f78, 0x00000007011f8f78|
|  18|0x0000000701200000, 0x00000007012ffff8, 0x0000000701300000| 99%| O|  |TS  0|AC  0|TAMS 0x00000007012ffff8, 0x00000007012ffff8|
|  19|0x0000000701300000, 0x00000007013fffe0, 0x0000000701400000| 99%| O|  |TS  0|AC  0|TAMS 0x00000007013fffe0, 0x00000007013fffe0|
|  20|0x0000000701400000, 0x0000000701500000, 0x0000000701500000|100%| O|  |TS  0|AC  0|TAMS 0x0000000701500000, 0x0000000701500000|
|  21|0x0000000701500000, 0x00000007015fffc8, 0x0000000701600000| 99%| O|  |TS  0|AC  0|TAMS 0x00000007015fffc8, 0x00000007015fffc8|
|  22|0x0000000701600000, 0x0000000701700000, 0x0000000701700000|100%| O|  |TS  0|AC  0|TAMS 0x0000000701700000, 0x0000000701700000|
|  23|0x0000000701700000, 0x00000007017ffd40, 0x0000000701800000| 99%| O|  |TS  0|AC  0|TAMS 0x00000007017ffd40, 0x00000007017ffd40|
|  24|0x0000000701800000, 0x00000007018ffe90, 0x0000000701900000| 99%| O|  |TS  0|AC  0|TAMS 0x00000007018ffe90, 0x00000007018ffe90|
|  25|0x0000000701900000, 0x00000007019fffe0, 0x0000000701a00000| 99%| O|  |TS  0|AC  0|TAMS 0x00000007019fffe0, 0x00000007019fffe0|
|  26|0x0000000701a00000, 0x0000000701afb710, 0x0000000701b00000| 98%| O|  |TS  0|AC  0|TAMS 0x0000000701afb710, 0x0000000701afb710|
|  27|0x0000000701b00000, 0x0000000701bfffd0, 0x0000000701c00000| 99%| O|  |TS  0|AC  0|TAMS 0x0000000701bfffd0, 0x0000000701bfffd0|
|  28|0x0000000701c00000, 0x0000000701cffff8, 0x0000000701d00000| 99%| O|  |TS  0|AC  0|TAMS 0x0000000701cffff8, 0x0000000701cffff8|
|  29|0x0000000701d00000, 0x0000000701dfffa8, 0x0000000701e00000| 99%| O|  |TS  0|AC  0|TAMS 0x0000000701dfffa8, 0x0000000701dfffa8|
|  30|0x0000000701e00000, 0x0000000701f00000, 0x0000000701f00000|100%| O|  |TS  0|AC  0|TAMS 0x0000000701f00000, 0x0000000701f00000|
|  31|0x0000000701f00000, 0x0000000701fffff8, 0x0000000702000000| 99%| O|  |TS  0|AC  0|TAMS 0x0000000701fffff8, 0x0000000701fffff8|
|  32|0x0000000702000000, 0x00000007020f6c40, 0x0000000702100000| 96%| O|  |TS  0|AC  0|TAMS 0x00000007020f6c40, 0x00000007020f6c40|
|  33|0x0000000702100000, 0x00000007021ffff0, 0x0000000702200000| 99%| O|  |TS  0|AC  0|TAMS 0x00000007021ffff0, 0x00000007021ffff0|
|  34|0x0000000702200000, 0x00000007022ffff0, 0x0000000702300000| 99%| O|  |TS  0|AC  0|TAMS 0x00000007022ffff0, 0x00000007022ffff0|
|  35|0x0000000702300000, 0x00000007023ffff0, 0x0000000702400000| 99%| O|  |TS  0|AC  0|TAMS 0x00000007023ffff0, 0x00000007023ffff0|
|  36|0x0000000702400000, 0x00000007024fffc0, 0x0000000702500000| 99%| O|  |TS  0|AC  0|TAMS 0x00000007024fffc0, 0x00000007024fffc0|
|  37|0x0000000702500000, 0x0000000702600000, 0x0000000702600000|100%| O|  |TS  0|AC  0|TAMS 0x0000000702600000, 0x0000000702600000|
|  38|0x0000000702600000, 0x0000000702700000, 0x0000000702700000|100%| O|  |TS  0|AC  0|TAMS 0x0000000702700000, 0x0000000702700000|
|  39|0x0000000702700000, 0x00000007027ffff8, 0x0000000702800000| 99%| O|  |TS  0|AC  0|TAMS 0x00000007027ffff8, 0x00000007027ffff8|
|  40|0x0000000702800000, 0x00000007028ffff8, 0x0000000702900000| 99%| O|  |TS  0|AC  0|TAMS 0x00000007028ffff8, 0x00000007028ffff8|
|  41|0x0000000702900000, 0x00000007029ffff8, 0x0000000702a00000| 99%| O|  |TS  0|AC  0|TAMS 0x00000007029ffff8, 0x00000007029ffff8|
|  42|0x0000000702a00000, 0x0000000702affff8, 0x0000000702b00000| 99%| O|  |TS  0|AC  0|TAMS 0x0000000702affff8, 0x0000000702affff8|
|  43|0x0000000702b00000, 0x0000000702c00000, 0x0000000702c00000|100%| O|  |TS  0|AC  0|TAMS 0x0000000702c00000, 0x0000000702c00000|
|  44|0x0000000702c00000, 0x0000000702cffdb0, 0x0000000702d00000| 99%| O|  |TS  0|AC  0|TAMS 0x0000000702cffdb0, 0x0000000702cffdb0|
|  45|0x0000000702d00000, 0x0000000702e00000, 0x0000000702e00000|100%| O|  |TS  0|AC  0|TAMS 0x0000000702e00000, 0x0000000702e00000|
|  46|0x0000000702e00000, 0x0000000702f00000, 0x0000000702f00000|100%|HS|  |TS  0|AC  0|TAMS 0x0000000702f00000, 0x0000000702f00000|
|  47|0x0000000702f00000, 0x0000000703000000, 0x0000000703000000|100%|HC|  |TS  0|AC  0|TAMS 0x0000000703000000, 0x0000000703000000|
|  48|0x0000000703000000, 0x0000000703100000, 0x0000000703100000|100%|HC|  |TS  0|AC  0|TAMS 0x0000000703100000, 0x0000000703100000|
|  49|0x0000000703100000, 0x0000000703200000, 0x0000000703200000|100%|HC|  |TS  0|AC  0|TAMS 0x0000000703200000, 0x0000000703200000|
|  50|0x0000000703200000, 0x0000000703300000, 0x0000000703300000|100%|HC|  |TS  0|AC  0|TAMS 0x0000000703300000, 0x0000000703300000|
|  51|0x0000000703300000, 0x0000000703400000, 0x0000000703400000|100%|HC|  |TS  0|AC  0|TAMS 0x0000000703400000, 0x0000000703400000|
|  52|0x0000000703400000, 0x0000000703500000, 0x0000000703500000|100%|HC|  |TS  0|AC  0|TAMS 0x0000000703500000, 0x0000000703500000|
|  53|0x0000000703500000, 0x0000000703600000, 0x0000000703600000|100%|HC|  |TS  0|AC  0|TAMS 0x0000000703600000, 0x0000000703600000|
|  54|0x0000000703600000, 0x0000000703700000, 0x0000000703700000|100%| O|  |TS  0|AC  0|TAMS 0x0000000703700000, 0x0000000703700000|
|  55|0x0000000703700000, 0x00000007037ffff8, 0x0000000703800000| 99%| O|  |TS  0|AC  0|TAMS 0x00000007037ffff8, 0x00000007037ffff8|
|  56|0x0000000703800000, 0x00000007038fffc8, 0x0000000703900000| 99%| O|  |TS  0|AC  0|TAMS 0x00000007038fffc8, 0x00000007038fffc8|
|  57|0x0000000703900000, 0x00000007039fffd0, 0x0000000703a00000| 99%| O|  |TS  0|AC  0|TAMS 0x00000007039fffd0, 0x00000007039fffd0|
|  58|0x0000000703a00000, 0x0000000703afff88, 0x0000000703b00000| 99%| O|  |TS  0|AC  0|TAMS 0x0000000703afff88, 0x0000000703afff88|
|  59|0x0000000703b00000, 0x0000000703bffcd0, 0x0000000703c00000| 99%| O|  |TS  0|AC  0|TAMS 0x0000000703bffcd0, 0x0000000703bffcd0|
|  60|0x0000000703c00000, 0x0000000703cffe90, 0x0000000703d00000| 99%| O|  |TS  0|AC  0|TAMS 0x0000000703cffe90, 0x0000000703cffe90|
|  61|0x0000000703d00000, 0x0000000703dfffc0, 0x0000000703e00000| 99%| O|  |TS  0|AC  0|TAMS 0x0000000703dfffc0, 0x0000000703dfffc0|
|  62|0x0000000703e00000, 0x0000000703efffd8, 0x0000000703f00000| 99%| O|  |TS  0|AC  0|TAMS 0x0000000703efffd8, 0x0000000703efffd8|
|  63|0x0000000703f00000, 0x0000000703fffff8, 0x0000000704000000| 99%| O|  |TS  0|AC  0|TAMS 0x0000000703fffff8, 0x0000000703fffff8|
|  64|0x0000000704000000, 0x00000007040ffff0, 0x0000000704100000| 99%| O|  |TS  0|AC  0|TAMS 0x00000007040ffff0, 0x00000007040ffff0|
|  65|0x0000000704100000, 0x00000007041ffff8, 0x0000000704200000| 99%| O|  |TS  0|AC  0|TAMS 0x00000007041ffff8, 0x00000007041ffff8|
|  66|0x0000000704200000, 0x00000007042ffff0, 0x0000000704300000| 99%| O|  |TS  0|AC  0|TAMS 0x00000007042ffff0, 0x00000007042ffff0|
|  67|0x0000000704300000, 0x00000007043ffff0, 0x0000000704400000| 99%| O|  |TS  0|AC  0|TAMS 0x00000007043ffff0, 0x00000007043ffff0|
|  68|0x0000000704400000, 0x00000007044fffd8, 0x0000000704500000| 99%| O|  |TS  0|AC  0|TAMS 0x00000007044fffd8, 0x00000007044fffd8|
|  69|0x0000000704500000, 0x00000007045ffff8, 0x0000000704600000| 99%| O|  |TS  0|AC  0|TAMS 0x00000007045ffff8, 0x00000007045ffff8|
|  70|0x0000000704600000, 0x00000007046ff7a0, 0x0000000704700000| 99%| O|  |TS  0|AC  0|TAMS 0x00000007046ff7a0, 0x00000007046ff7a0|
|  71|0x0000000704700000, 0x00000007047ffff0, 0x0000000704800000| 99%| O|  |TS  0|AC  0|TAMS 0x00000007047ffff0, 0x00000007047ffff0|
|  72|0x0000000704800000, 0x00000007048fea20, 0x0000000704900000| 99%| O|  |TS  0|AC  0|TAMS 0x00000007048fea20, 0x00000007048fea20|
|  73|0x0000000704900000, 0x00000007049fffe8, 0x0000000704a00000| 99%| O|  |TS  0|AC  0|TAMS 0x00000007049fffe8, 0x00000007049fffe8|
|  74|0x0000000704a00000, 0x0000000704b00000, 0x0000000704b00000|100%| O|  |TS  0|AC  0|TAMS 0x0000000704b00000, 0x0000000704b00000|
|  75|0x0000000704b00000, 0x0000000704c00000, 0x0000000704c00000|100%| O|  |TS  0|AC  0|TAMS 0x0000000704c00000, 0x0000000704c00000|
|  76|0x0000000704c00000, 0x0000000704cfffd8, 0x0000000704d00000| 99%| O|  |TS  0|AC  0|TAMS 0x0000000704cfffd8, 0x0000000704cfffd8|
|  77|0x0000000704d00000, 0x0000000704dfffe8, 0x0000000704e00000| 99%| O|  |TS  0|AC  0|TAMS 0x0000000704dfffe8, 0x0000000704dfffe8|
|  78|0x0000000704e00000, 0x0000000704efffe8, 0x0000000704f00000| 99%| O|  |TS  0|AC  0|TAMS 0x0000000704efffe8, 0x0000000704efffe8|
|  79|0x0000000704f00000, 0x0000000704ff9588, 0x0000000705000000| 97%| O|  |TS  0|AC  0|TAMS 0x0000000704ff9588, 0x0000000704ff9588|
|  80|0x0000000705000000, 0x00000007050ffff0, 0x0000000705100000| 99%| O|  |TS  0|AC  0|TAMS 0x00000007050ffff0, 0x00000007050ffff0|
|  81|0x0000000705100000, 0x00000007051b1fd0, 0x0000000705200000| 69%| O|  |TS  0|AC  0|TAMS 0x00000007051b1fd0, 0x00000007051b1fd0|
|  82|0x0000000705200000, 0x0000000705300000, 0x0000000705300000|100%|HS|  |TS  0|AC  0|TAMS 0x0000000705200000, 0x0000000705200000|
|  83|0x0000000705300000, 0x0000000705400000, 0x0000000705400000|100%|HC|  |TS  0|AC  0|TAMS 0x0000000705300000, 0x0000000705300000|
|  84|0x0000000705400000, 0x0000000705500000, 0x0000000705500000|100%|HC|  |TS  0|AC  0|TAMS 0x0000000705400000, 0x0000000705400000|
|  85|0x0000000705500000, 0x0000000705600000, 0x0000000705600000|100%|HC|  |TS  0|AC  0|TAMS 0x0000000705500000, 0x0000000705500000|
|  86|0x0000000705600000, 0x0000000705700000, 0x0000000705700000|100%|HC|  |TS  0|AC  0|TAMS 0x0000000705600000, 0x0000000705600000|
|  87|0x0000000705700000, 0x0000000705700000, 0x0000000705800000|  0%| F|  |TS  0|AC  0|TAMS 0x0000000705700000, 0x0000000705700000|
|  88|0x0000000705800000, 0x0000000705800000, 0x0000000705900000|  0%| F|  |TS  0|AC  0|TAMS 0x0000000705800000, 0x0000000705800000|
|  89|0x0000000705900000, 0x0000000705900000, 0x0000000705a00000|  0%| F|  |TS  0|AC  0|TAMS 0x0000000705900000, 0x0000000705900000|
|  90|0x0000000705a00000, 0x0000000705a00000, 0x0000000705b00000|  0%| F|  |TS  0|AC  0|TAMS 0x0000000705a00000, 0x0000000705a00000|
|  91|0x0000000705b00000, 0x0000000705b00000, 0x0000000705c00000|  0%| F|  |TS  0|AC  0|TAMS 0x0000000705b00000, 0x0000000705b00000|
|  92|0x0000000705c00000, 0x0000000705c00000, 0x0000000705d00000|  0%| F|  |TS  0|AC  0|TAMS 0x0000000705c00000, 0x0000000705c00000|
|  93|0x0000000705d00000, 0x0000000705e00000, 0x0000000705e00000|100%|HS|  |TS  0|AC  0|TAMS 0x0000000705e00000, 0x0000000705e00000|
|  94|0x0000000705e00000, 0x0000000705f00000, 0x0000000705f00000|100%|HC|  |TS  0|AC  0|TAMS 0x0000000705f00000, 0x0000000705f00000|
|  95|0x0000000705f00000, 0x0000000706000000, 0x0000000706000000|100%|HC|  |TS  0|AC  0|TAMS 0x0000000706000000, 0x0000000706000000|
|  96|0x0000000706000000, 0x0000000706100000, 0x0000000706100000|100%|HC|  |TS  0|AC  0|TAMS 0x0000000706100000, 0x0000000706100000|
|  97|0x0000000706100000, 0x0000000706200000, 0x0000000706200000|100%|HC|  |TS  0|AC  0|TAMS 0x0000000706200000, 0x0000000706200000|
|  98|0x0000000706200000, 0x0000000706200000, 0x0000000706300000|  0%| F|  |TS  0|AC  0|TAMS 0x0000000706200000, 0x0000000706200000|
|  99|0x0000000706300000, 0x0000000706300000, 0x0000000706400000|  0%| F|  |TS  0|AC  0|TAMS 0x0000000706300000, 0x0000000706300000|
| 100|0x0000000706400000, 0x0000000706400000, 0x0000000706500000|  0%| F|  |TS  0|AC  0|TAMS 0x0000000706400000, 0x0000000706400000|
| 101|0x0000000706500000, 0x0000000706500000, 0x0000000706600000|  0%| F|  |TS  0|AC  0|TAMS 0x0000000706500000, 0x0000000706500000|
| 102|0x0000000706600000, 0x0000000706600000, 0x0000000706700000|  0%| F|  |TS  0|AC  0|TAMS 0x0000000706600000, 0x0000000706600000|
| 103|0x0000000706700000, 0x0000000706700000, 0x0000000706800000|  0%| F|  |TS  0|AC  0|TAMS 0x0000000706700000, 0x0000000706700000|
| 104|0x0000000706800000, 0x0000000706800000, 0x0000000706900000|  0%| F|  |TS  0|AC  0|TAMS 0x0000000706800000, 0x0000000706800000|
| 105|0x0000000706900000, 0x0000000706900000, 0x0000000706a00000|  0%| F|  |TS  0|AC  0|TAMS 0x0000000706900000, 0x0000000706900000|
| 106|0x0000000706a00000, 0x0000000706a00000, 0x0000000706b00000|  0%| F|  |TS  0|AC  0|TAMS 0x0000000706a00000, 0x0000000706a00000|
| 107|0x0000000706b00000, 0x0000000706b00000, 0x0000000706c00000|  0%| F|  |TS  0|AC  0|TAMS 0x0000000706b00000, 0x0000000706b00000|
| 108|0x0000000706c00000, 0x0000000706c00000, 0x0000000706d00000|  0%| F|  |TS  0|AC  0|TAMS 0x0000000706c00000, 0x0000000706c00000|
| 109|0x0000000706d00000, 0x0000000706d00000, 0x0000000706e00000|  0%| F|  |TS  0|AC  0|TAMS 0x0000000706d00000, 0x0000000706d00000|
| 110|0x0000000706e00000, 0x0000000706e00000, 0x0000000706f00000|  0%| F|  |TS  0|AC  0|TAMS 0x0000000706e00000, 0x0000000706e00000|
| 111|0x0000000706f00000, 0x0000000706f00000, 0x0000000707000000|  0%| F|  |TS  0|AC  0|TAMS 0x0000000706f00000, 0x0000000706f00000|
| 112|0x0000000707000000, 0x0000000707000000, 0x0000000707100000|  0%| F|  |TS  0|AC  0|TAMS 0x0000000707000000, 0x0000000707000000|
| 113|0x0000000707100000, 0x0000000707100000, 0x0000000707200000|  0%| F|  |TS  0|AC  0|TAMS 0x0000000707100000, 0x0000000707100000|
| 114|0x0000000707200000, 0x0000000707200000, 0x0000000707300000|  0%| F|  |TS  0|AC  0|TAMS 0x0000000707200000, 0x0000000707200000|
| 115|0x0000000707300000, 0x0000000707300000, 0x0000000707400000|  0%| F|  |TS  0|AC  0|TAMS 0x0000000707300000, 0x0000000707300000|
| 116|0x0000000707400000, 0x0000000707400000, 0x0000000707500000|  0%| F|  |TS  0|AC  0|TAMS 0x0000000707400000, 0x0000000707400000|
| 117|0x0000000707500000, 0x0000000707500000, 0x0000000707600000|  0%| F|  |TS  0|AC  0|TAMS 0x0000000707500000, 0x0000000707500000|
| 118|0x0000000707600000, 0x0000000707600000, 0x0000000707700000|  0%| F|  |TS  0|AC  0|TAMS 0x0000000707600000, 0x0000000707600000|
| 119|0x0000000707700000, 0x0000000707700000, 0x0000000707800000|  0%| F|  |TS  0|AC  0|TAMS 0x0000000707700000, 0x0000000707700000|
| 120|0x0000000707800000, 0x0000000707800000, 0x0000000707900000|  0%| F|  |TS  0|AC  0|TAMS 0x0000000707800000, 0x0000000707800000|
| 121|0x0000000707900000, 0x0000000707900000, 0x0000000707a00000|  0%| F|  |TS  0|AC  0|TAMS 0x0000000707900000, 0x0000000707900000|
| 122|0x0000000707a00000, 0x0000000707a00000, 0x0000000707b00000|  0%| F|  |TS  0|AC  0|TAMS 0x0000000707a00000, 0x0000000707a00000|
| 123|0x0000000707b00000, 0x0000000707b00000, 0x0000000707c00000|  0%| F|  |TS  0|AC  0|TAMS 0x0000000707b00000, 0x0000000707b00000|
| 124|0x0000000707c00000, 0x0000000707c00000, 0x0000000707d00000|  0%| F|  |TS  0|AC  0|TAMS 0x0000000707c00000, 0x0000000707c00000|
| 125|0x0000000707d00000, 0x0000000707d00000, 0x0000000707e00000|  0%| F|  |TS  0|AC  0|TAMS 0x0000000707d00000, 0x0000000707d00000|
| 126|0x0000000707e00000, 0x0000000707e00000, 0x0000000707f00000|  0%| F|  |TS  0|AC  0|TAMS 0x0000000707e00000, 0x0000000707e00000|
| 127|0x0000000707f00000, 0x0000000707f40210, 0x0000000708000000| 25%| S|CS|TS  0|AC  0|TAMS 0x0000000707f00000, 0x0000000707f00000|
| 128|0x0000000708000000, 0x0000000708000000, 0x0000000708100000|  0%| F|  |TS  0|AC  0|TAMS 0x0000000708000000, 0x0000000708000000|
| 129|0x0000000708100000, 0x0000000708100000, 0x0000000708200000|  0%| F|  |TS  0|AC  0|TAMS 0x0000000708100000, 0x0000000708100000|
| 130|0x0000000708200000, 0x0000000708200000, 0x0000000708300000|  0%| F|  |TS  0|AC  0|TAMS 0x0000000708200000, 0x0000000708200000|
| 131|0x0000000708300000, 0x0000000708300000, 0x0000000708400000|  0%| F|  |TS  0|AC  0|TAMS 0x0000000708300000, 0x0000000708300000|
| 132|0x0000000708400000, 0x0000000708400000, 0x0000000708500000|  0%| F|  |TS  0|AC  0|TAMS 0x0000000708400000, 0x0000000708400000|
| 133|0x0000000708500000, 0x0000000708500000, 0x0000000708600000|  0%| F|  |TS  0|AC  0|TAMS 0x0000000708500000, 0x0000000708500000|
| 134|0x0000000708600000, 0x0000000708600000, 0x0000000708700000|  0%| F|  |TS  0|AC  0|TAMS 0x0000000708600000, 0x0000000708600000|
| 135|0x0000000708700000, 0x0000000708700000, 0x0000000708800000|  0%| F|  |TS  0|AC  0|TAMS 0x0000000708700000, 0x0000000708700000|
| 136|0x0000000708800000, 0x0000000708800000, 0x0000000708900000|  0%| F|  |TS  0|AC  0|TAMS 0x0000000708800000, 0x0000000708800000|
| 137|0x0000000708900000, 0x0000000708900000, 0x0000000708a00000|  0%| F|  |TS  0|AC  0|TAMS 0x0000000708900000, 0x0000000708900000|
| 138|0x0000000708a00000, 0x0000000708a00000, 0x0000000708b00000|  0%| F|  |TS  0|AC  0|TAMS 0x0000000708a00000, 0x0000000708a00000|
| 139|0x0000000708b00000, 0x0000000708b00000, 0x0000000708c00000|  0%| F|  |TS  0|AC  0|TAMS 0x0000000708b00000, 0x0000000708b00000|
| 140|0x0000000708c00000, 0x0000000708c00000, 0x0000000708d00000|  0%| F|  |TS  0|AC  0|TAMS 0x0000000708c00000, 0x0000000708c00000|
| 141|0x0000000708d00000, 0x0000000708d37c70, 0x0000000708e00000| 21%| E|  |TS  0|AC  0|TAMS 0x0000000708d00000, 0x0000000708d00000|
| 142|0x0000000708e00000, 0x0000000708f00000, 0x0000000708f00000|100%| E|CS|TS  0|AC  0|TAMS 0x0000000708e00000, 0x0000000708e00000|
| 143|0x0000000708f00000, 0x0000000709000000, 0x0000000709000000|100%| E|CS|TS  0|AC  0|TAMS 0x0000000708f00000, 0x0000000708f00000|
| 144|0x0000000709000000, 0x0000000709100000, 0x0000000709100000|100%| E|CS|TS  0|AC  0|TAMS 0x0000000709000000, 0x0000000709000000|
| 145|0x0000000709100000, 0x0000000709200000, 0x0000000709200000|100%| E|CS|TS  0|AC  0|TAMS 0x0000000709100000, 0x0000000709100000|
| 146|0x0000000709200000, 0x0000000709300000, 0x0000000709300000|100%| E|CS|TS  0|AC  0|TAMS 0x0000000709200000, 0x0000000709200000|
| 147|0x0000000709300000, 0x0000000709400000, 0x0000000709400000|100%| E|CS|TS  0|AC  0|TAMS 0x0000000709300000, 0x0000000709300000|
| 148|0x0000000709400000, 0x0000000709500000, 0x0000000709500000|100%| E|CS|TS  0|AC  0|TAMS 0x0000000709400000, 0x0000000709400000|

Card table byte_map: [0x00000297cc480000,0x00000297cca80000] byte_map_base: 0x00000297c8c80000

Marking Bits (Prev, Next): (CMBitMap*) 0x00000297cfd17a40, (CMBitMap*) 0x00000297cfd17a78
 Prev Bits: [0x00000297d2da0000, 0x00000297d5da0000)
 Next Bits: [0x00000297d5da0000, 0x00000297d8da0000)

Polling page: 0x00000297af6a0000

CodeHeap 'non-profiled nmethods': size=120064Kb used=20303Kb max_used=20303Kb free=99760Kb
 bounds [0x00000297c3e10000, 0x00000297c51f0000, 0x00000297cb350000]
CodeHeap 'profiled nmethods': size=120000Kb used=41424Kb max_used=41424Kb free=78575Kb
 bounds [0x00000297bc8e0000, 0x00000297bf1a0000, 0x00000297c3e10000]
CodeHeap 'non-nmethods': size=5696Kb used=1794Kb max_used=1841Kb free=3901Kb
 bounds [0x00000297bc350000, 0x00000297bc5c0000, 0x00000297bc8e0000]
 total_blobs=31183 nmethods=17009 adapters=1124
 compilation: enabled

Compilation events (10 events):
Event: 2893.113 Thread 0x00000297b4d74000 nmethod 21747 0x00000297c51d2590 code [0x00000297c51d2740, 0x00000297c51d2838]
Event: 2893.113 Thread 0x00000297b4d74000 21750       1       ui.views.waveform.executive.protobuf.WVPrefs$WVColorPrefs::getColoredObjectsList (5 bytes)
Event: 2893.113 Thread 0x00000297b4d74000 nmethod 21750 0x00000297c51d2910 code [0x00000297c51d2ac0, 0x00000297c51d2bd8]
Event: 2893.113 Thread 0x00000297b4d74000 21751       3       ui.views.waveform.w::GI (28 bytes)
Event: 2893.113 Thread 0x00000297b4d74000 nmethod 21751 0x00000297bf197210 code [0x00000297bf1973c0, 0x00000297bf197598]
Event: 2893.470 Thread 0x00000297b4fe7000 21752       4       java.util.HashMap$EntrySet::iterator (12 bytes)
Event: 2893.474 Thread 0x00000297b4fe7000 nmethod 21752 0x00000297c51d2c90 code [0x00000297c51d2e40, 0x00000297c51d3138]
Event: 2893.549 Thread 0x00000297b4d73800 nmethod 21745 0x00000297c51d3310 code [0x00000297c51d4980, 0x00000297c51dd390]
Event: 2894.804 Thread 0x00000297b4fe7000 21753       4       java.awt.Container::getMouseEventTarget (50 bytes)
Event: 2894.805 Thread 0x00000297b4fe7000 nmethod 21753 0x00000297c51e5010 code [0x00000297c51e51c0, 0x00000297c51e52b8]

GC Heap History (10 events):
Event: 2892.032 GC heap before
{Heap before GC invocations=201 (full 30):
 garbage-first heap   total 151552K, used 146568K [0x0000000700000000, 0x00000007001004a0, 0x00000007c0000000)
  region size 1024K, 60 young (61440K), 1 survivors (1024K)
 Metaspace       used 90323K, capacity 97317K, committed 97664K, reserved 1132544K
  class space    used 13449K, capacity 14622K, committed 14720K, reserved 1048576K
}
Event: 2892.036 GC heap after
{Heap after GC invocations=202 (full 30):
 garbage-first heap   total 151552K, used 86084K [0x0000000700000000, 0x00000007001004a0, 0x00000007c0000000)
  region size 1024K, 1 young (1024K), 1 survivors (1024K)
 Metaspace       used 90323K, capacity 97317K, committed 97664K, reserved 1132544K
  class space    used 13449K, capacity 14622K, committed 14720K, reserved 1048576K
}
Event: 2892.642 GC heap before
{Heap before GC invocations=203 (full 30):
 garbage-first heap   total 151552K, used 149572K [0x0000000700000000, 0x00000007001004a0, 0x00000007c0000000)
  region size 1024K, 59 young (60416K), 1 survivors (1024K)
 Metaspace       used 90324K, capacity 97317K, committed 97664K, reserved 1132544K
  class space    used 13449K, capacity 14622K, committed 14720K, reserved 1048576K
}
Event: 2892.646 GC heap after
{Heap after GC invocations=204 (full 30):
 garbage-first heap   total 152576K, used 90271K [0x0000000700000000, 0x00000007001004a8, 0x00000007c0000000)
  region size 1024K, 1 young (1024K), 1 survivors (1024K)
 Metaspace       used 90324K, capacity 97317K, committed 97664K, reserved 1132544K
  class space    used 13449K, capacity 14622K, committed 14720K, reserved 1048576K
}
Event: 2892.675 GC heap before
{Heap before GC invocations=204 (full 30):
 garbage-first heap   total 152576K, used 92319K [0x0000000700000000, 0x00000007001004a8, 0x00000007c0000000)
  region size 1024K, 4 young (4096K), 1 survivors (1024K)
 Metaspace       used 90325K, capacity 97317K, committed 97664K, reserved 1132544K
  class space    used 13449K, capacity 14622K, committed 14720K, reserved 1048576K
}
Event: 2892.679 GC heap after
{Heap after GC invocations=205 (full 30):
 garbage-first heap   total 152576K, used 90196K [0x0000000700000000, 0x00000007001004a8, 0x00000007c0000000)
  region size 1024K, 1 young (1024K), 1 survivors (1024K)
 Metaspace       used 90325K, capacity 97317K, committed 97664K, reserved 1132544K
  class space    used 13449K, capacity 14622K, committed 14720K, reserved 1048576K
}
Event: 2892.691 GC heap before
{Heap before GC invocations=205 (full 30):
 garbage-first heap   total 152576K, used 95316K [0x0000000700000000, 0x00000007001004a8, 0x00000007c0000000)
  region size 1024K, 2 young (2048K), 1 survivors (1024K)
 Metaspace       used 90325K, capacity 97317K, committed 97664K, reserved 1132544K
  class space    used 13449K, capacity 14622K, committed 14720K, reserved 1048576K
}
Event: 2892.978 GC heap after
{Heap after GC invocations=206 (full 31):
 garbage-first heap   total 152576K, used 87795K [0x0000000700000000, 0x00000007001004a8, 0x00000007c0000000)
  region size 1024K, 0 young (0K), 0 survivors (0K)
 Metaspace       used 90325K, capacity 97317K, committed 97664K, reserved 1132544K
  class space    used 13449K, capacity 14622K, committed 14720K, reserved 1048576K
}
Event: 2893.120 GC heap before
{Heap before GC invocations=206 (full 31):
 garbage-first heap   total 152576K, used 108275K [0x0000000700000000, 0x00000007001004a8, 0x00000007c0000000)
  region size 1024K, 21 young (21504K), 0 survivors (0K)
 Metaspace       used 90328K, capacity 97317K, committed 97664K, reserved 1132544K
  class space    used 13449K, capacity 14622K, committed 14720K, reserved 1048576K
}
Event: 2893.123 GC heap after
{Heap after GC invocations=207 (full 31):
 garbage-first heap   total 152576K, used 88052K [0x0000000700000000, 0x00000007001004a8, 0x00000007c0000000)
  region size 1024K, 1 young (1024K), 1 survivors (1024K)
 Metaspace       used 90328K, capacity 97317K, committed 97664K, reserved 1132544K
  class space    used 13449K, capacity 14622K, committed 14720K, reserved 1048576K
}

Deoptimization events (10 events):
Event: 2888.095 Thread 0x00000297d2964000 Uncommon trap: reason=unstable_if action=reinterpret pc=0x00000297c5195f84 method=com.jidesoft.docking.DefaultDockingManager$7.propertyChange(Ljava/beans/PropertyChangeEvent;)V @ 45 c2
Event: 2890.425 Thread 0x00000297d2964000 Uncommon trap: reason=unstable_if action=reinterpret pc=0x00000297c466d988 method=javax.swing.JMenuItem.setArmed(Z)V @ 19 c2
Event: 2891.410 Thread 0x00000297d2964000 Uncommon trap: reason=class_check action=maybe_recompile pc=0x00000297c4aaccc8 method=javax.swing.plaf.synth.ParsedSynthStyle$DelegatingPainter.paintPanelBackground(Ljavax/swing/plaf/synth/SynthContext;Ljava/awt/Graphics;IIII)V @ 16 c2
Event: 2891.486 Thread 0x00000297d2964000 Uncommon trap: reason=class_check action=maybe_recompile pc=0x00000297c4aaccc8 method=javax.swing.plaf.synth.ParsedSynthStyle$DelegatingPainter.paintPanelBackground(Ljavax/swing/plaf/synth/SynthContext;Ljava/awt/Graphics;IIII)V @ 16 c2
Event: 2891.621 Thread 0x00000297d2964000 Uncommon trap: reason=class_check action=maybe_recompile pc=0x00000297c4aaccc8 method=javax.swing.plaf.synth.ParsedSynthStyle$DelegatingPainter.paintPanelBackground(Ljavax/swing/plaf/synth/SynthContext;Ljava/awt/Graphics;IIII)V @ 16 c2
Event: 2891.628 Thread 0x00000297d2964000 Uncommon trap: reason=bimorphic_or_optimized_type_check action=maybe_recompile pc=0x00000297c41fcbb4 method=com.jidesoft.swing.JideSwingUtilities.getButtonState(Ljavax/swing/AbstractButton;)I @ 84 c2
Event: 2892.036 Thread 0x00000297d2964000 Uncommon trap: reason=unstable_if action=reinterpret pc=0x00000297c4d552c0 method=java.util.WeakHashMap.transfer([Ljava/util/WeakHashMap$Entry;[Ljava/util/WeakHashMap$Entry;)V @ 38 c2
Event: 2892.043 Thread 0x00000297d2964000 Uncommon trap: reason=class_check action=maybe_recompile pc=0x00000297c4aaccc8 method=javax.swing.plaf.synth.ParsedSynthStyle$DelegatingPainter.paintPanelBackground(Ljavax/swing/plaf/synth/SynthContext;Ljava/awt/Graphics;IIII)V @ 16 c2
Event: 2892.979 Thread 0x00000297d11c9000 Uncommon trap: reason=null_check action=make_not_entrant pc=0x00000297c43e39b0 method=de.javasoft.plaf.synthetica.painter.AnimationThreadFactory$AnimationThread.run()V @ 116 c2
Event: 2892.979 Thread 0x00000297dcff9000 Uncommon trap: reason=null_check action=make_not_entrant pc=0x00000297c4e6e6f0 method=ui.utils.lnf.b.run()V @ 130 c2

Classes redefined (0 events):
No events

Internal exceptions (10 events):
Event: 2879.706 Thread 0x00000297d2964000 Exception <a 'java/lang/NoSuchMethodError'{0x0000000707085ae0}: java.lang.invoke.DirectMethodHandle$Holder.invokeSpecial(Ljava/lang/Object;Ljava/lang/Object;ILjava/lang/Object;)V> (0x0000000707085ae0) thrown at [t:/workspace/hotspot/src/share/vm/interpret
Event: 2879.707 Thread 0x00000297d2964000 Exception <a 'java/lang/NoSuchMethodError'{0x000000070708b408}: java.lang.invoke.DirectMethodHandle$Holder.invokeStatic(Ljava/lang/Object;Ljava/lang/Object;ILjava/lang/Object;)Ljava/lang/Object;> (0x000000070708b408) thrown at [t:/workspace/hotspot/src/sh
Event: 2880.426 Thread 0x00000297d2964000 Exception <a 'java/io/FileNotFoundException'{0x0000000706ec3d58}> (0x0000000706ec3d58) thrown at [t:/workspace/hotspot/src/share/vm/prims/jni.cpp, line 604]
Event: 2880.537 Thread 0x00000297d2964000 Exception <a 'java/io/FileNotFoundException'{0x0000000706ecafa8}> (0x0000000706ecafa8) thrown at [t:/workspace/hotspot/src/share/vm/prims/jni.cpp, line 604]
Event: 2885.427 Thread 0x00000297d2964000 Exception <a 'java/io/FileNotFoundException'{0x000000070690f8e0}> (0x000000070690f8e0) thrown at [t:/workspace/hotspot/src/share/vm/prims/jni.cpp, line 604]
Event: 2885.538 Thread 0x00000297d2964000 Exception <a 'java/io/FileNotFoundException'{0x000000070681fc70}> (0x000000070681fc70) thrown at [t:/workspace/hotspot/src/share/vm/prims/jni.cpp, line 604]
Event: 2890.453 Thread 0x00000297d2964000 Exception <a 'java/io/FileNotFoundException'{0x00000007074c0f50}> (0x00000007074c0f50) thrown at [t:/workspace/hotspot/src/share/vm/prims/jni.cpp, line 604]
Event: 2890.539 Thread 0x00000297d2964000 Exception <a 'java/io/FileNotFoundException'{0x00000007074cb038}> (0x00000007074cb038) thrown at [t:/workspace/hotspot/src/share/vm/prims/jni.cpp, line 604]
Event: 2892.979 Thread 0x00000297d11c9000 Implicit null exception at 0x00000297c43e1d49 to 0x00000297c43e3999
Event: 2892.979 Thread 0x00000297dcff9000 Implicit null exception at 0x00000297c4e6c7a4 to 0x00000297c4e6e6d9

Events (10 events):
Event: 2893.120 Executing VM operation: G1IncCollectionPause
Event: 2893.123 Executing VM operation: G1IncCollectionPause done
Event: 2893.285 Executing VM operation: CGC_Operation
Event: 2893.308 Executing VM operation: CGC_Operation done
Event: 2893.339 Executing VM operation: CGC_Operation
Event: 2893.339 Executing VM operation: CGC_Operation done
Event: 2893.712 loading class ui/utils/swing/V
Event: 2893.712 loading class ui/utils/swing/V done
Event: 2893.980 Thread 0x00000297dcffa800 Thread added: 0x00000297dcffa800
Event: 2893.984 Thread 0x00000297dcffa800 Thread exited: 0x00000297dcffa800


Dynamic libraries:
0x00007ff758630000 - 0x00007ff758660000 	D:\Softwares_OS\Xilinx\Vivado\2020.1\bin\unwrapped\win64.o\vivado.exe
0x00007ffc80880000 - 0x00007ffc80a70000 	C:\Windows\SYSTEM32\ntdll.dll
0x00007ffc7fad0000 - 0x00007ffc7fb82000 	C:\Windows\System32\KERNEL32.DLL
0x00007ffc7e650000 - 0x00007ffc7e8f5000 	C:\Windows\System32\KERNELBASE.dll
0x00007ffc7b850000 - 0x00007ffc7b8df000 	C:\Windows\SYSTEM32\apphelp.dll
0x00007ffc7e1e0000 - 0x00007ffc7e2da000 	C:\Windows\System32\ucrtbase.dll
0x00007ffc57b10000 - 0x00007ffc57ba9000 	C:\Windows\SYSTEM32\MSVCP140.dll
0x00007ffc6fd50000 - 0x00007ffc6fd67000 	C:\Windows\SYSTEM32\VCRUNTIME140.dll
0x00007ffc75440000 - 0x00007ffc75454000 	D:\Softwares_OS\Xilinx\Vivado\2020.1\lib\win64.o\libboost_signals.dll
0x00007ffc66370000 - 0x00007ffc6638a000 	D:\Softwares_OS\Xilinx\Vivado\2020.1\lib\win64.o\librdi_commonmain.dll
0x00007ffc66340000 - 0x00007ffc66366000 	D:\Softwares_OS\Xilinx\Vivado\2020.1\lib\win64.o\libboost_filesystem.dll
0x00007ffc7fdf0000 - 0x00007ffc7fe93000 	C:\Windows\System32\ADVAPI32.dll
0x00007ffc7f2d0000 - 0x00007ffc7f36e000 	C:\Windows\System32\msvcrt.dll
0x00007ffc7fd40000 - 0x00007ffc7fdd7000 	C:\Windows\System32\sechost.dll
0x00007ffc7e930000 - 0x00007ffc7ea50000 	C:\Windows\System32\RPCRT4.dll
0x00007ffc66e20000 - 0x00007ffc66e2a000 	D:\Softwares_OS\Xilinx\Vivado\2020.1\lib\win64.o\librdi_commonversion.dll
0x00007ffc2be90000 - 0x00007ffc2cf56000 	D:\Softwares_OS\Xilinx\Vivado\2020.1\lib\win64.o\librdi_common.dll
0x00007ffc7fb90000 - 0x00007ffc7fd24000 	C:\Windows\System32\USER32.dll
0x00007ffc7e620000 - 0x00007ffc7e641000 	C:\Windows\System32\win32u.dll
0x00007ffc7ea50000 - 0x00007ffc7ea76000 	C:\Windows\System32\GDI32.dll
0x00007ffc7e040000 - 0x00007ffc7e1d6000 	C:\Windows\System32\gdi32full.dll
0x00007ffc7e560000 - 0x00007ffc7e5fe000 	C:\Windows\System32\msvcp_win.dll
0x00007ffc7ebe0000 - 0x00007ffc7f2c7000 	C:\Windows\System32\SHELL32.dll
0x00007ffc7d860000 - 0x00007ffc7d8aa000 	C:\Windows\System32\cfgmgr32.dll
0x00007ffc7f8f0000 - 0x00007ffc7f999000 	C:\Windows\System32\shcore.dll
0x00007ffc801f0000 - 0x00007ffc80525000 	C:\Windows\System32\combase.dll
0x00007ffc7e430000 - 0x00007ffc7e4b0000 	C:\Windows\System32\bcryptPrimitives.dll
0x00007ffc7d8b0000 - 0x00007ffc7e031000 	C:\Windows\System32\windows.storage.dll
0x00007ffc7d790000 - 0x00007ffc7d7b3000 	C:\Windows\System32\profapi.dll
0x00007ffc7d740000 - 0x00007ffc7d78a000 	C:\Windows\System32\powrprof.dll
0x00007ffc7d730000 - 0x00007ffc7d740000 	C:\Windows\System32\UMPDC.dll
0x00007ffc7eb80000 - 0x00007ffc7ebd2000 	C:\Windows\System32\shlwapi.dll
0x00007ffc7d7c0000 - 0x00007ffc7d7d1000 	C:\Windows\System32\kernel.appcore.dll
0x00007ffc7e600000 - 0x00007ffc7e617000 	C:\Windows\System32\cryptsp.dll
0x00007ffc80180000 - 0x00007ffc801ef000 	C:\Windows\System32\WS2_32.dll
0x00007ffc7e900000 - 0x00007ffc7e926000 	C:\Windows\System32\bcrypt.dll
0x00007ffc4e070000 - 0x00007ffc4e211000 	D:\Softwares_OS\Xilinx\Vivado\2020.1\lib\win64.o\librdi_commonxillic.dll
0x00007ffc66330000 - 0x00007ffc6633b000 	D:\Softwares_OS\Xilinx\Vivado\2020.1\lib\win64.o\libboost_system.dll
0x0000000056a70000 - 0x0000000056b9b000 	D:\Softwares_OS\Xilinx\Vivado\2020.1\lib\win64.o\tcl85t.dll
0x00007ffc5bc90000 - 0x00007ffc5bca4000 	D:\Softwares_OS\Xilinx\Vivado\2020.1\lib\win64.o\libboost_date_time.dll
0x00007ffc42ef0000 - 0x00007ffc4325e000 	D:\Softwares_OS\Xilinx\Vivado\2020.1\lib\win64.o\libCOIN-all.dll
0x00007ffc57560000 - 0x00007ffc575df000 	D:\Softwares_OS\Xilinx\Vivado\2020.1\lib\win64.o\libboost_program_options.dll
0x00007ffc5bc60000 - 0x00007ffc5bc81000 	D:\Softwares_OS\Xilinx\Vivado\2020.1\lib\win64.o\libboost_thread.dll
0x00007ffc66320000 - 0x00007ffc6632f000 	D:\Softwares_OS\Xilinx\Vivado\2020.1\lib\win64.o\libboost_xilinx.dll
0x00007ffc473b0000 - 0x00007ffc474c4000 	D:\Softwares_OS\Xilinx\Vivado\2020.1\lib\win64.o\libboost_regex.dll
0x00007ffc574d0000 - 0x00007ffc57552000 	D:\Softwares_OS\Xilinx\Vivado\2020.1\lib\win64.o\libhdlpsolve.dll
0x00007ffc57030000 - 0x00007ffc570d5000 	D:\Softwares_OS\Xilinx\Vivado\2020.1\lib\win64.o\libhdxml.dll
0x00007ffc5bc30000 - 0x00007ffc5bc5e000 	D:\Softwares_OS\Xilinx\Vivado\2020.1\lib\win64.o\libisl_sysinfo.dll
0x00007ffc43ac0000 - 0x00007ffc43b25000 	D:\Softwares_OS\Xilinx\Vivado\2020.1\lib\win64.o\liblmx6.0.dll
0x00007ffc58430000 - 0x00007ffc5844a000 	D:\Softwares_OS\Xilinx\Vivado\2020.1\lib\win64.o\pthreadVC2.dll
0x00007ffc574b0000 - 0x00007ffc574cc000 	D:\Softwares_OS\Xilinx\Vivado\2020.1\lib\win64.o\librdiconfig.dll
0x00007ffc4e040000 - 0x00007ffc4e061000 	D:\Softwares_OS\Xilinx\Vivado\2020.1\lib\win64.o\librdizlib.dll
0x00007ffc63bc0000 - 0x00007ffc63bd7000 	C:\Windows\SYSTEM32\NETAPI32.dll
0x00007ffc70000000 - 0x00007ffc704d5000 	C:\Windows\SYSTEM32\WININET.dll
0x00007ffc78b60000 - 0x00007ffc78c50000 	C:\Windows\SYSTEM32\WINHTTP.dll
0x00007ffc6c030000 - 0x00007ffc6c206000 	C:\Windows\SYSTEM32\urlmon.dll
0x0000000012000000 - 0x0000000012270000 	D:\Softwares_OS\Xilinx\Vivado\2020.1\lib\win64.o\xerces-c_3_1.dll
0x00007ffc6c8b0000 - 0x00007ffc6c8b9000 	C:\Windows\SYSTEM32\WSOCK32.dll
0x00007ffc4a660000 - 0x00007ffc4a688000 	C:\Windows\SYSTEM32\VCOMP140.DLL
0x00007ffc2aff0000 - 0x00007ffc2be81000 	D:\Softwares_OS\Xilinx\Vivado\2020.1\lib\win64.o\gurobi65.dll
0x00007ffc3c880000 - 0x00007ffc3cb5b000 	D:\Softwares_OS\Xilinx\Vivado\2020.1\lib\win64.o\libXil_lmgr11.dll
0x00007ffc7f9a0000 - 0x00007ffc7fa70000 	C:\Windows\System32\COMDLG32.dll
0x00007ffc7ff40000 - 0x00007ffc80005000 	C:\Windows\System32\OLEAUT32.dll
0x00007ffc806e0000 - 0x00007ffc80837000 	C:\Windows\System32\ole32.dll
0x00007ffc7d800000 - 0x00007ffc7d85c000 	C:\Windows\System32\WINTRUST.dll
0x00007ffc7d7e0000 - 0x00007ffc7d7f2000 	C:\Windows\System32\MSASN1.dll
0x00007ffc7e2e0000 - 0x00007ffc7e429000 	C:\Windows\System32\CRYPT32.dll
0x00007ffc18bb0000 - 0x00007ffc19865a00 	D:\Softwares_OS\Xilinx\Vivado\2020.1\lib\win64.o\libisl_iostreams.dll
0x00007ffc6b640000 - 0x00007ffc6b8e7000 	C:\Windows\SYSTEM32\iertutil.dll
0x00007ffc772e0000 - 0x00007ffc77389000 	C:\Windows\WinSxS\amd64_microsoft.windows.common-controls_6595b64144ccf1df_5.82.18362.1198_none_73b37520d815d61e\COMCTL32.dll
0x00007ffc76a20000 - 0x00007ffc76a3c000 	C:\Windows\SYSTEM32\dhcpcsvc.DLL
0x00007ffc7ea80000 - 0x00007ffc7ea88000 	C:\Windows\System32\NSI.dll
0x00007ffc65fd0000 - 0x00007ffc65fdd000 	D:\Softwares_OS\Xilinx\Vivado\2020.1\lib\win64.o\libboost_chrono.dll
0x00007ffc57110000 - 0x00007ffc5712b000 	D:\Softwares_OS\Xilinx\Vivado\2020.1\lib\win64.o\libboost_iostreams.dll
0x00007ffc7d0b0000 - 0x00007ffc7d0bc000 	C:\Windows\SYSTEM32\CRYPTBASE.DLL
0x00007ffc7cd60000 - 0x00007ffc7cd6c000 	C:\Windows\SYSTEM32\NETUTILS.DLL
0x00007ffc7cf30000 - 0x00007ffc7cf97000 	C:\Windows\SYSTEM32\MSWSOCK.DLL
0x00007ffc47960000 - 0x00007ffc47985000 	D:\Softwares_OS\Xilinx\Vivado\2020.1\lib\win64.o\libisl_iosutils.dll
0x00007ffc80150000 - 0x00007ffc8017e000 	C:\Windows\System32\IMM32.DLL
0x00007ffc2aaf0000 - 0x00007ffc2afec000 	D:\Softwares_OS\Xilinx\Vivado\2020.1\lib\win64.o\librdi_commontasks.dll
0x00007ffc777f0000 - 0x00007ffc777fa000 	C:\Windows\SYSTEM32\VERSION.dll
0x00007ffc2f670000 - 0x00007ffc2f954000 	D:\Softwares_OS\Xilinx\Vivado\2020.1\lib\win64.o\librdi_sio.dll
0x00007ffc7cc50000 - 0x00007ffc7cc8a000 	C:\Windows\SYSTEM32\IPHLPAPI.DLL
0x0000000054890000 - 0x00000000552b5000 	D:\Softwares_OS\Xilinx\Vivado\2020.1\tps\win64\jre9.0.4\bin\server\jvm.dll
0x00007ffc7fd30000 - 0x00007ffc7fd38000 	C:\Windows\System32\PSAPI.DLL
0x00007ffc73700000 - 0x00007ffc73724000 	C:\Windows\SYSTEM32\WINMM.dll
0x00007ffc707e0000 - 0x00007ffc708cf000 	C:\Windows\SYSTEM32\MSVCR120.dll
0x00007ffc736d0000 - 0x00007ffc736fd000 	C:\Windows\SYSTEM32\WINMMBASE.dll
0x00007ffc16510000 - 0x00007ffc18ba5000 	D:\Softwares_OS\Xilinx\Vivado\2020.1\lib\win64.o\librdi_tcltasks.dll
0x00007ffc1dcd0000 - 0x00007ffc1e196000 	D:\Softwares_OS\Xilinx\Vivado\2020.1\lib\win64.o\librdi_bitstream.dll
0x00007ffc3c800000 - 0x00007ffc3c87b000 	D:\Softwares_OS\Xilinx\Vivado\2020.1\lib\win64.o\librdi_boarddep.dll
0x00007ffc2f370000 - 0x00007ffc2f523000 	D:\Softwares_OS\Xilinx\Vivado\2020.1\lib\win64.o\librdi_board.dll
0x00007ffc3c700000 - 0x00007ffc3c7f6000 	D:\Softwares_OS\Xilinx\Vivado\2020.1\lib\win64.o\librdi_chipscope.dll
0x00007ffc2e510000 - 0x00007ffc2e6d1000 	D:\Softwares_OS\Xilinx\Vivado\2020.1\lib\win64.o\librdi_chipscopeimpl.dll
0x00007ffc2f210000 - 0x00007ffc2f36b000 	D:\Softwares_OS\Xilinx\Vivado\2020.1\lib\win64.o\librdi_containers.dll
0x00007ffc1d5f0000 - 0x00007ffc1dcc9000 	D:\Softwares_OS\Xilinx\Vivado\2020.1\lib\win64.o\librdi_coregenipxact.dll
0x00007ffc143a0000 - 0x00007ffc1650d000 	D:\Softwares_OS\Xilinx\Vivado\2020.1\lib\win64.o\librdi_coregen.dll
0x00007ffc10900000 - 0x00007ffc1252a000 	D:\Softwares_OS\Xilinx\Vivado\2020.1\lib\win64.o\librdi_constraints.dll
0x00007ffc08110000 - 0x00007ffc0c43e000 	D:\Softwares_OS\Xilinx\Vivado\2020.1\lib\win64.o\librdi_designutils.dll
0x00007ffc13d80000 - 0x00007ffc1439e000 	D:\Softwares_OS\Xilinx\Vivado\2020.1\lib\win64.o\librdi_drc.dll
0x00007ffc2daa0000 - 0x00007ffc2ddeb000 	D:\Softwares_OS\Xilinx\Vivado\2020.1\lib\win64.o\librdi_dlyest.dll
0x00007ffc3b860000 - 0x00007ffc3b924000 	D:\Softwares_OS\Xilinx\Vivado\2020.1\lib\win64.o\librdi_dsp.dll
0x00007ffbf0240000 - 0x00007ffc08110000 	D:\Softwares_OS\Xilinx\Vivado\2020.1\lib\win64.o\librdi_device.dll
0x00007ffc2a7d0000 - 0x00007ffc2aaec000 	D:\Softwares_OS\Xilinx\Vivado\2020.1\lib\win64.o\librdi_guitools.dll
0x00007ffc37610000 - 0x00007ffc37687000 	D:\Softwares_OS\Xilinx\Vivado\2020.1\lib\win64.o\librdi_hdf.dll
0x00007ffc136f0000 - 0x00007ffc13d76000 	D:\Softwares_OS\Xilinx\Vivado\2020.1\lib\win64.o\librdi_filemgmt.dll
0x00007ffc13490000 - 0x00007ffc136e5000 	D:\Softwares_OS\Xilinx\Vivado\2020.1\lib\win64.o\librdi_hip_devdesign.dll
0x00007ffc2a460000 - 0x00007ffc2a5a8000 	D:\Softwares_OS\Xilinx\Vivado\2020.1\lib\win64.o\librdi_hip_perf_analysis.dll
0x00007ffc36da0000 - 0x00007ffc36e14000 	D:\Softwares_OS\Xilinx\Vivado\2020.1\lib\win64.o\librdi_memoryarray.dll
0x00007ffc102c0000 - 0x00007ffc108fe000 	D:\Softwares_OS\Xilinx\Vivado\2020.1\lib\win64.o\librdi_memdata.dll
0x00007ffc0e970000 - 0x00007ffc102ba000 	D:\Softwares_OS\Xilinx\Vivado\2020.1\lib\win64.o\librdi_implflow.dll
0x00007ffc43a70000 - 0x00007ffc43abe000 	D:\Softwares_OS\Xilinx\Vivado\2020.1\lib\win64.o\librdi_pfi.dll
0x00007ffbeccb0000 - 0x00007ffbed3b3000 	D:\Softwares_OS\Xilinx\Vivado\2020.1\lib\win64.o\librdi_netlist.dll
0x00007ffbed3c0000 - 0x00007ffbf0237000 	D:\Softwares_OS\Xilinx\Vivado\2020.1\lib\win64.o\librdi_mig.dll
0x00007ffbec950000 - 0x00007ffbecca1000 	D:\Softwares_OS\Xilinx\Vivado\2020.1\lib\win64.o\librdi_platform.dll
0x00007ffbec110000 - 0x00007ffbec944000 	D:\Softwares_OS\Xilinx\Vivado\2020.1\lib\win64.o\librdi_power.dll
0x00007ffbebb10000 - 0x00007ffbec105000 	D:\Softwares_OS\Xilinx\Vivado\2020.1\lib\win64.o\librdi_project.dll
0x00007ffbeb3d0000 - 0x00007ffbebb0c000 	D:\Softwares_OS\Xilinx\Vivado\2020.1\lib\win64.o\librdi_psta.dll
0x00007ffbe8850000 - 0x00007ffbeb3c1000 	D:\Softwares_OS\Xilinx\Vivado\2020.1\lib\win64.o\librdi_place.dll
0x00007ffbe83b0000 - 0x00007ffbe884a000 	D:\Softwares_OS\Xilinx\Vivado\2020.1\lib\win64.o\librdi_runs.dll
0x00007ffc315d0000 - 0x00007ffc316d8000 	D:\Softwares_OS\Xilinx\Vivado\2020.1\lib\win64.o\librdi_runsbase.dll
0x00007ffbe8130000 - 0x00007ffbe83a5000 	D:\Softwares_OS\Xilinx\Vivado\2020.1\lib\win64.o\librdi_simdata.dll
0x00007ffbe79c0000 - 0x00007ffbe812f000 	D:\Softwares_OS\Xilinx\Vivado\2020.1\lib\win64.o\librdi_rsb.dll
0x00007ffc30a60000 - 0x00007ffc30b5f000 	D:\Softwares_OS\Xilinx\Vivado\2020.1\lib\win64.o\librdi_xhub.dll
0x00007ffc30660000 - 0x00007ffc30708000 	D:\Softwares_OS\Xilinx\Vivado\2020.1\lib\win64.o\librdi_xhubtasks.dll
0x00007ffbe6ab0000 - 0x00007ffbe79ba000 	D:\Softwares_OS\Xilinx\Vivado\2020.1\lib\win64.o\librdi_timing.dll
0x00007ffc2a020000 - 0x00007ffc2a1f3000 	D:\Softwares_OS\Xilinx\Vivado\2020.1\lib\win64.o\librdi_advchipscopeimpl.dll
0x00007ffc42ea0000 - 0x00007ffc42eed000 	D:\Softwares_OS\Xilinx\Vivado\2020.1\lib\win64.o\libboost_graph.dll

VM Arguments:
jvm_args: -Dsun.java2d.pmoffscreen=false -Dsun.java2d.xrender=false -Dsun.java2d.d3d=false -Dsun.awt.nopixfmt=true -Dsun.java2d.dpiaware=true -Dsun.java2d.uiScale.enabled=false -Xverify:none -Dswing.aatext=true -XX:-UsePerfData -Djdk.map.althashing.threshold=512 -XX:StringTableSize=4072 --add-opens=java.base/java.nio=ALL-UNNAMED --add-opens=java.desktop/sun.swing=ALL-UNNAMED --add-opens=java.desktop/javax.swing=ALL-UNNAMED --add-opens=java.desktop/javax.swing.tree=ALL-UNNAMED --add-opens=java.desktop/javax.swing.plaf.basic=ALL-UNNAMED --add-opens=java.desktop/javax.swing.plaf.synth=ALL-UNNAMED --add-opens=java.desktop/com.sun.awt=ALL-UNNAMED -XX:NewSize=60m -XX:MaxNewSize=60m -Xms128m -Xmx3072m -Xss5m 
java_command: <unknown>
java_class_path (initial): D:/Softwares_OS/Xilinx/Vivado/2020.1\lib\classes\alloy.jar;D:/Softwares_OS/Xilinx/Vivado/2020.1\lib\classes\ArchiveSummary.jar;D:/Softwares_OS/Xilinx/Vivado/2020.1\lib\classes\autoesl-models.jar;D:/Softwares_OS/Xilinx/Vivado/2020.1\lib\classes\autopilot.scelaborator.jar;D:/Softwares_OS/Xilinx/Vivado/2020.1\lib\classes\autopilot.sourceprocessor.jar;D:/Softwares_OS/Xilinx/Vivado/2020.1\lib\classes\autopilot.tbprocessor.jar;D:/Softwares_OS/Xilinx/Vivado/2020.1\lib\classes\batik-anim.jar;D:/Softwares_OS/Xilinx/Vivado/2020.1\lib\classes\batik-awt-util.jar;D:/Softwares_OS/Xilinx/Vivado/2020.1\lib\classes\batik-bridge.jar;D:/Softwares_OS/Xilinx/Vivado/2020.1\lib\classes\batik-codec.jar;D:/Softwares_OS/Xilinx/Vivado/2020.1\lib\classes\batik-css.jar;D:/Softwares_OS/Xilinx/Vivado/2020.1\lib\classes\batik-dom.jar;D:/Softwares_OS/Xilinx/Vivado/2020.1\lib\classes\batik-ext.jar;D:/Softwares_OS/Xilinx/Vivado/2020.1\lib\classes\batik-gui-util.jar;D:/Softwares_OS/Xilinx/Vivado/2020.1\lib\classes\batik-gvt.jar;D:/Softwares_OS/Xilinx/Vivado/2020.1\lib\classes\batik-parser.jar;D:/Softwares_OS/Xilinx/Vivado/2020.1\lib\classes\batik-script.jar;D:/Softwares_OS/Xilinx/Vivado/2020.1\lib\classes\batik-svg-dom.jar;D:/Softwares_OS/Xilinx/Vivado/2020.1\lib\classes\batik-swing.jar;D:/Softwares_OS/Xilinx/Vivado/2020.1\lib\classes\batik-transcoder.jar;D:/Softwares_OS/Xilinx/Vivado/2020.1\lib\classes\batik-util.jar;D:/Softwares_OS/Xilinx/Vivado/2020.1\lib\classes\batik-xml.jar;D:/Softwares_OS/Xilinx/Vivado/2020.1\lib\classes\com.google.gson_2.8.2.v20180104-1110.jar;D:/Softwares_OS/Xilinx/Vivado/2020.1\lib\classes\com.google.guava_27.1.0.v20190517-1946.jar;D:/Softwares_OS/Xilinx/Vivado/2020.1\lib\classes\com.ibm.icu_4.4.2.v20110208.jar;D:/Softwares_OS/Xilinx/Vivado/2020.1\lib\classes\com.sigasi.hdt.connection_4.8.0.202004151336.jar;D:/Softwares_OS/Xilinx/Vivado/2020.1\lib\classes\com.sigasi.hdt.epl_4.8.0.202004151336.jar;D:/Softwares_OS/Xilinx/Vivado/2020.1\lib\classes\c
Launcher Type: generic

Logging:
Log output configuration:
#0: stdout all=warning uptime,level,tags
#1: stderr all=off uptime,level,tags

Environment Variables:
PATH=D:/Softwares_OS/Xilinx/Vivado/2020.1/bin;D:/Softwares_OS/Xilinx/Vivado/2020.1/lib/win64.o;D:/Softwares_OS/Xilinx/Vivado/2020.1/tps/win64/jre9.0.4/bin/server;D:/Softwares_OS/Xilinx/Vivado/2020.1/tps/win64/jre9.0.4/bin;D:/Softwares_OS/Xilinx/Vivado/2020.1/ids_lite/ISE/bin/nt64;D:/Softwares_OS/Xilinx/Vivado/2020.1/ids_lite/ISE/lib/nt64;C:\Program Files (x86)\Common Files\Oracle\Java\javapath;C:\Windows\system32;C:\Windows;C:\Windows\System32\Wbem;C:\Windows\System32\WindowsPowerShell\v1.0\;C:\Windows\System32\OpenSSH\;C:\Program Files\Microsoft VS Code\bin;D:\Softwares_OS\Git\cmd;C:\Program Files\dotnet\;C:\Program Files\Microsoft SQL Server\130\Tools\Binn\;C:\Program Files\Microsoft SQL Server\Client SDK\ODBC\170\Tools\Binn\;C:\Program Files (x86)\NVIDIA Corporation\PhysX\Common;D:\Softwares_OS\Matlab\R2014a\bin;C:\Program Files\Intel\WiFi\bin\;C:\Program Files\Common Files\Intel\WirelessCommon\;C:\Users\gabri\AppData\Local\Microsoft\WindowsApps;C:\Users\gabri\.dotnet\tools;C:\Users\gabri\AppData\Local\hyper\app-3.0.2\resources\bin;;D:/Softwares_OS/Xilinx/Vivado/2020.1\tps\mingw\6.2.0\win64.o\nt\bin;D:/Softwares_OS/Xilinx/Vivado/2020.1\tps\mingw\6.2.0\win64.o\nt\libexec\gcc\x86_64-w64-mingw32\6.2.0;D:/Softwares_OS/Xilinx/Vivado/2020.1\tps\win64\python-2.7.16;D:/Softwares_OS/Xilinx/Vivado/2020.1\tps\win64\python-2.7.16\bin;D:/Softwares_OS/Xilinx/Vivado/2020.1\tps\win64\python-2.7.16\lib;D:/Softwares_OS/Xilinx/Vivado/2020.1\tps\win64\python-2.7.16\Lib\lib-tk;D:/Softwares_OS/Xilinx/Vivado/2020.1\tps\win64\python-2.7.16\lib\site-packages
USERNAME=gabri
OS=Windows_NT
PROCESSOR_IDENTIFIER=Intel64 Family 6 Model 94 Stepping 3, GenuineIntel



---------------  S Y S T E M  ---------------

OS: Windows 10 , 64 bit Build 18362 (10.0.18362.1110)

CPU:total 4 (initial active 4) (4 cores per cpu, 1 threads per core) family 6 model 94 stepping 3, cmov, cx8, fxsr, mmx, sse, sse2, sse3, ssse3, sse4.1, sse4.2, popcnt, avx, avx2, aes, clmul, erms, rtm, 3dnowpref, lzcnt, tsc, tscinvbit, bmi1, bmi2, adx, fma

Memory: 4k page, physical 16670584k(10488840k free), swap 20869920k(12793456k free)

vm_info: Java HotSpot(TM) 64-Bit Server VM (9.0.4+11) for windows-amd64 JRE (9.0.4+11), built on Dec 20 2017 02:18:54 by "mach5one" with MS VC++ 12.0 (VS2013)

END.
